idProject,nameProject,testCase,tloc,tmcCabe,assertionDensity,assertionRoulette,mysteryGuest,eagerTest,sensitiveEquality,resourceOptimism,conditionalTestLogic,fireAndForget,testRunWar,loc,lcom2,lcom5,cbo,wmc,rfc,mpc,halsteadVocabulary,halsteadLength,halsteadVolume,classDataShouldBePrivate,complexClass,functionalDecomposition,godClass,spaghettiCode
38,junit4,junit.framework.TestSuite.createTest,35.0,6.0,0.0,0.0,0.0,0,0.0,0,2.0,0.0,0.0,130.0,33.0,0.0,13.0,31.0,20.0,10.0,527.0,177.0,1109.294497091821,0,0,0,0.0,0.0
38,junit4,junit.framework.TestSuite.getTestConstructor,12.0,4.0,0.0,0.0,0.0,0,0.0,0,0.0,0.0,0.0,130.0,33.0,0.0,13.0,31.0,20.0,10.0,527.0,177.0,1109.294497091821,0,0,0,0.0,0.0
38,junit4,junit.framework.TestSuite.warning,11.0,2.0,0.0,1.0,0.0,0,0.0,0,0.0,0.0,0.0,130.0,33.0,0.0,13.0,31.0,20.0,10.0,527.0,177.0,1109.294497091821,0,0,0,0.0,0.0
38,junit4,junit.framework.TestSuite.runTest,3.0,1.0,0.0,1.0,0.0,0,0.0,0,0.0,0.0,0.0,130.0,33.0,0.0,13.0,31.0,20.0,10.0,527.0,177.0,1109.294497091821,0,0,0,0.0,0.0
38,junit4,junit.framework.TestSuite.TestSuite,5.0,1.0,0.0,0.0,0.0,0,0.0,0,0.0,0.0,0.0,130.0,33.0,0.0,13.0,31.0,20.0,10.0,527.0,177.0,1109.294497091821,0,0,0,0.0,0.0
38,junit4,junit.framework.TestSuite.TestSuite,9.0,2.0,0.0,0.0,0.0,0,0.0,0,0.0,0.0,0.0,130.0,33.0,0.0,13.0,31.0,20.0,10.0,527.0,177.0,1109.294497091821,0,0,0,0.0,0.0
38,junit4,junit.framework.TestSuite.addTestsFromTestCase,25.0,6.0,0.0,0.0,0.0,0,0.0,0,6.0,0.0,0.0,130.0,33.0,0.0,13.0,31.0,20.0,10.0,527.0,177.0,1109.294497091821,0,0,0,0.0,0.0
38,junit4,junit.framework.TestSuite.TestSuite,8.0,1.0,0.0,0.0,0.0,0,0.0,0,0.0,0.0,0.0,130.0,33.0,0.0,13.0,31.0,20.0,10.0,527.0,177.0,1109.294497091821,0,0,0,0.0,0.0
38,junit4,junit.framework.TestSuite.TestSuite,6.0,1.0,0.0,0.0,0.0,0,0.0,0,0.0,0.0,0.0,130.0,33.0,0.0,13.0,31.0,20.0,10.0,527.0,177.0,1109.294497091821,0,0,0,0.0,0.0
38,junit4,junit.framework.TestSuite.TestSuite,9.0,2.0,0.0,0.0,0.0,0,0.0,0,1.0,0.0,0.0,130.0,33.0,0.0,13.0,31.0,20.0,10.0,527.0,177.0,1109.294497091821,0,0,0,0.0,0.0
38,junit4,junit.framework.TestSuite.testCaseForClass,8.0,4.0,0.0,0.0,0.0,0,0.0,0,1.0,0.0,0.0,130.0,33.0,0.0,13.0,31.0,20.0,10.0,527.0,177.0,1109.294497091821,0,0,0,0.0,0.0
38,junit4,junit.framework.TestSuite.TestSuite,8.0,1.0,0.0,0.0,0.0,0,0.0,0,0.0,0.0,0.0,130.0,33.0,0.0,13.0,31.0,20.0,10.0,527.0,177.0,1109.294497091821,0,0,0,0.0,0.0
38,junit4,junit.framework.TestSuite.addTest,6.0,1.0,0.0,0.0,0.0,0,0.0,0,0.0,0.0,0.0,130.0,33.0,0.0,13.0,31.0,20.0,10.0,527.0,177.0,1109.294497091821,0,0,0,0.0,0.0
38,junit4,junit.framework.TestSuite.addTestSuite,6.0,1.0,0.0,0.0,0.0,0,0.0,0,0.0,0.0,0.0,130.0,33.0,0.0,13.0,31.0,20.0,10.0,527.0,177.0,1109.294497091821,0,0,0,0.0,0.0
38,junit4,junit.framework.TestSuite.countTestCases,10.0,4.0,0.0,0.0,0.0,0,0.0,0,1.0,0.0,0.0,130.0,33.0,0.0,13.0,31.0,20.0,10.0,527.0,177.0,1109.294497091821,0,0,0,0.0,0.0
38,junit4,junit.framework.TestSuite.getName,8.0,2.0,0.0,0.0,0.0,0,0.0,0,0.0,0.0,0.0,130.0,33.0,0.0,13.0,31.0,20.0,10.0,527.0,177.0,1109.294497091821,0,0,0,0.0,0.0
38,junit4,junit.framework.TestSuite.run,11.0,4.0,0.0,0.0,0.0,0,0.0,0,2.0,0.0,0.0,130.0,33.0,0.0,13.0,31.0,20.0,10.0,527.0,177.0,1109.294497091821,0,0,0,0.0,0.0
38,junit4,junit.framework.TestSuite.runTest,3.0,1.0,0.0,0.0,0.0,0,0.0,0,0.0,0.0,0.0,130.0,33.0,0.0,13.0,31.0,20.0,10.0,527.0,177.0,1109.294497091821,0,0,0,0.0,0.0
38,junit4,junit.framework.TestSuite.setName,7.0,1.0,0.0,0.0,0.0,0,0.0,0,0.0,0.0,0.0,130.0,33.0,0.0,13.0,31.0,20.0,10.0,527.0,177.0,1109.294497091821,0,0,0,0.0,0.0
38,junit4,junit.framework.TestSuite.testAt,6.0,2.0,0.0,0.0,0.0,0,0.0,0,0.0,0.0,0.0,130.0,33.0,0.0,13.0,31.0,20.0,10.0,527.0,177.0,1109.294497091821,0,0,0,0.0,0.0
38,junit4,junit.framework.TestSuite.testCount,6.0,2.0,0.0,0.0,0.0,0,0.0,0,0.0,0.0,0.0,130.0,33.0,0.0,13.0,31.0,20.0,10.0,527.0,177.0,1109.294497091821,0,0,0,0.0,0.0
38,junit4,junit.framework.TestSuite.tests,6.0,2.0,0.0,0.0,0.0,0,0.0,0,0.0,0.0,0.0,130.0,33.0,0.0,13.0,31.0,20.0,10.0,527.0,177.0,1109.294497091821,0,0,0,0.0,0.0
38,junit4,junit.framework.TestSuite.toString,8.0,3.0,0.0,0.0,0.0,0,0.0,0,1.0,0.0,0.0,130.0,33.0,0.0,13.0,31.0,20.0,10.0,527.0,177.0,1109.294497091821,0,0,0,0.0,0.0
38,junit4,junit.framework.TestSuite.addTestMethod,14.0,3.0,0.0,0.0,0.0,0,0.0,0,3.0,0.0,0.0,130.0,33.0,0.0,13.0,31.0,20.0,10.0,527.0,177.0,1109.294497091821,0,0,0,0.0,0.0
38,junit4,junit.framework.TestSuite.isPublicTestMethod,3.0,4.0,0.0,0.0,0.0,0,0.0,0,2.0,0.0,0.0,130.0,33.0,0.0,13.0,31.0,20.0,10.0,527.0,177.0,1109.294497091821,0,0,0,0.0,0.0
38,junit4,junit.framework.TestSuite.isTestMethod,3.0,3.0,0.0,0.0,0.0,0,0.0,0,0.0,0.0,0.0,130.0,33.0,0.0,13.0,31.0,20.0,10.0,527.0,177.0,1109.294497091821,0,0,0,0.0,0.0
38,junit4,junit.textui.TestRunner.TestRunner,6.0,1.0,0.0,0.0,0.0,0,0.0,0,0.0,0.0,0.0,43.0,3.0,0.0,1.0,7.0,5.0,2.0,198.0,123.0,650.4568447754278,0,0,0,0.0,0.0
38,junit4,junit.textui.TestRunner.TestRunner,6.0,2.0,0.0,0.0,0.0,0,0.0,0,1.0,0.0,0.0,43.0,3.0,0.0,1.0,7.0,5.0,2.0,198.0,123.0,650.4568447754278,0,0,0,0.0,0.0
38,junit4,junit.textui.TestRunner.TestRunner,6.0,1.0,0.0,0.0,0.0,0,0.0,0,0.0,0.0,0.0,43.0,3.0,0.0,1.0,7.0,5.0,2.0,198.0,123.0,650.4568447754278,0,0,0,0.0,0.0
38,junit4,junit.textui.TestRunner.run,6.0,1.0,0.0,0.0,0.0,0,0.0,0,0.0,0.0,0.0,43.0,3.0,0.0,1.0,7.0,5.0,2.0,198.0,123.0,650.4568447754278,0,0,0,0.0,0.0
38,junit4,junit.textui.TestRunner.run,14.0,2.0,0.0,0.0,0.0,0,0.0,0,0.0,0.0,0.0,43.0,3.0,0.0,1.0,7.0,5.0,2.0,198.0,123.0,650.4568447754278,0,0,0,0.0,0.0
38,junit4,junit.textui.TestRunner.runAndWait,8.0,1.0,0.0,0.0,0.0,0,0.0,0,0.0,0.0,0.0,43.0,3.0,0.0,1.0,7.0,5.0,2.0,198.0,123.0,650.4568447754278,0,0,0,0.0,0.0
38,junit4,junit.textui.TestRunner.testFailed,2.0,1.0,0.0,0.0,0.0,0,0.0,0,0.0,0.0,0.0,43.0,3.0,0.0,1.0,7.0,5.0,2.0,198.0,123.0,650.4568447754278,0,0,0,0.0,0.0
38,junit4,junit.textui.TestRunner.testStarted,2.0,1.0,0.0,0.0,0.0,0,0.0,0,0.0,0.0,0.0,43.0,3.0,0.0,1.0,7.0,5.0,2.0,198.0,123.0,650.4568447754278,0,0,0,0.0,0.0
38,junit4,junit.textui.TestRunner.testEnded,2.0,1.0,0.0,0.0,0.0,0,0.0,0,0.0,0.0,0.0,43.0,3.0,0.0,1.0,7.0,5.0,2.0,198.0,123.0,650.4568447754278,0,0,0,0.0,0.0
38,junit4,junit.textui.TestRunner.createTestResult,6.0,3.0,0.0,0.0,0.0,0,0.0,0,1.0,0.0,0.0,43.0,3.0,0.0,1.0,7.0,5.0,2.0,198.0,123.0,650.4568447754278,0,0,0,0.0,0.0
38,junit4,junit.textui.TestRunner.doRun,3.0,2.0,0.0,0.0,0.0,0,0.0,0,0.0,0.0,0.0,43.0,3.0,0.0,1.0,7.0,5.0,2.0,198.0,123.0,650.4568447754278,0,0,0,0.0,0.0
38,junit4,junit.textui.TestRunner.doRun,11.0,2.0,0.0,0.0,0.0,1,0.0,0,0.0,0.0,0.0,43.0,3.0,0.0,1.0,7.0,5.0,2.0,198.0,123.0,650.4568447754278,0,0,0,0.0,0.0
38,junit4,junit.textui.TestRunner.pause,9.0,4.0,0.0,0.0,0.0,0,0.0,0,1.0,0.0,0.0,43.0,3.0,0.0,1.0,7.0,5.0,2.0,198.0,123.0,650.4568447754278,0,0,0,0.0,0.0
38,junit4,junit.textui.TestRunner.main,14.0,3.0,0.0,0.0,0.0,0,0.0,0,1.0,0.0,0.0,43.0,3.0,0.0,1.0,7.0,5.0,2.0,198.0,123.0,650.4568447754278,0,0,0,0.0,0.0
38,junit4,junit.textui.TestRunner.start,42.0,7.0,0.0,0.0,0.0,0,0.0,0,7.0,0.0,0.0,43.0,3.0,0.0,1.0,7.0,5.0,2.0,198.0,123.0,650.4568447754278,0,0,0,0.0,0.0
38,junit4,junit.textui.TestRunner.runSingleMethod,5.0,3.0,0.0,0.0,0.0,0,0.0,0,0.0,0.0,0.0,43.0,3.0,0.0,1.0,7.0,5.0,2.0,198.0,123.0,650.4568447754278,0,0,0,0.0,0.0
38,junit4,junit.textui.TestRunner.runFailed,4.0,1.0,0.0,0.0,0.0,0,0.0,0,0.0,0.0,0.0,43.0,3.0,0.0,1.0,7.0,5.0,2.0,198.0,123.0,650.4568447754278,0,0,0,0.0,0.0
38,junit4,junit.textui.TestRunner.setPrinter,3.0,1.0,0.0,0.0,0.0,0,0.0,0,0.0,0.0,0.0,43.0,3.0,0.0,1.0,7.0,5.0,2.0,198.0,123.0,650.4568447754278,0,0,0,0.0,0.0
38,junit4,org.junit.Assume.Assume,6.0,1.0,0.0,0.0,0.0,0,0.0,0,0.0,0.0,0.0,169.0,45.0,0.0,6.0,19.0,25.0,15.0,853.0,288.0,1943.6427496776037,0,0,0,0.0,0.0
38,junit4,org.junit.Assume.assumeTrue,6.0,1.0,0.0,0.0,0.0,2,0.0,0,0.0,0.0,0.0,169.0,45.0,0.0,6.0,19.0,25.0,15.0,853.0,288.0,1943.6427496776037,0,0,0,0.0,0.0
38,junit4,org.junit.Assume.assumeFalse,6.0,1.0,0.0,0.0,0.0,2,0.0,0,0.0,0.0,0.0,169.0,45.0,0.0,6.0,19.0,25.0,15.0,853.0,288.0,1943.6427496776037,0,0,0,0.0,0.0
38,junit4,org.junit.Assume.assumeTrue,9.0,3.0,0.0,0.0,0.0,0,0.0,0,1.0,0.0,0.0,169.0,45.0,0.0,6.0,19.0,25.0,15.0,853.0,288.0,1943.6427496776037,0,0,0,0.0,0.0
38,junit4,org.junit.Assume.assumeFalse,6.0,1.0,0.0,0.0,0.0,0,0.0,0,0.0,0.0,0.0,169.0,45.0,0.0,6.0,19.0,25.0,15.0,853.0,288.0,1943.6427496776037,0,0,0,0.0,0.0
38,junit4,org.junit.Assume.assumeNotNull,8.0,1.0,0.0,0.0,0.0,2,0.0,0,0.0,0.0,0.0,169.0,45.0,0.0,6.0,19.0,25.0,15.0,853.0,288.0,1943.6427496776037,0,0,0,0.0,0.0
38,junit4,org.junit.Assume.assumeThat,22.0,3.0,0.0,0.0,0.0,0,0.0,0,3.0,0.0,0.0,169.0,45.0,0.0,6.0,19.0,25.0,15.0,853.0,288.0,1943.6427496776037,0,0,0,0.0,0.0
38,junit4,org.junit.Assume.assumeThat,22.0,3.0,0.0,0.0,0.0,0,0.0,0,3.0,0.0,0.0,169.0,45.0,0.0,6.0,19.0,25.0,15.0,853.0,288.0,1943.6427496776037,0,0,0,0.0,0.0
38,junit4,org.junit.Assume.assumeNoException,20.0,3.0,0.0,0.0,3.0,2,0.0,0,2.0,0.0,0.0,169.0,45.0,0.0,6.0,19.0,25.0,15.0,853.0,288.0,1943.6427496776037,0,0,0,0.0,0.0
38,junit4,org.junit.Assume.assumeNoException,12.0,2.0,0.0,0.0,0.0,2,0.0,0,2.0,0.0,0.0,169.0,45.0,0.0,6.0,19.0,25.0,15.0,853.0,288.0,1943.6427496776037,0,0,0,0.0,0.0
38,junit4,org.junit.AssumptionViolatedExceptionTest.toStringReportsMatcher,4.0,1.0,0.0,1.0,0.0,0,1.0,0,0.0,0.0,0.0,46.0,6.0,0.0,1.0,4.0,4.0,0.0,196.0,82.0,432.8054020569024,0,0,0,0.0,0.0
38,junit4,org.junit.AssumptionViolatedExceptionTest.toStringReportsValue,3.0,1.0,0.0,1.0,0.0,0,1.0,0,0.0,0.0,0.0,46.0,6.0,0.0,1.0,4.0,4.0,0.0,196.0,82.0,432.8054020569024,0,0,0,0.0,0.0
38,junit4,org.junit.AssumptionViolatedExceptionTest.assumptionViolatedExceptionWithMatcherDescribesItself,4.0,1.0,0.0,0.0,0.0,0,0.0,0,0.0,0.0,0.0,46.0,6.0,0.0,1.0,4.0,4.0,0.0,196.0,82.0,432.8054020569024,0,0,0,0.0,0.0
38,junit4,org.junit.AssumptionViolatedExceptionTest.simpleAssumptionViolatedExceptionDescribesItself,4.0,1.0,0.0,0.0,0.0,0,0.0,0,0.0,0.0,0.0,46.0,6.0,0.0,1.0,4.0,4.0,0.0,196.0,82.0,432.8054020569024,0,0,0,0.0,0.0
38,junit4,org.junit.AssumptionViolatedExceptionTest.canInitCauseWithInstanceCreatedWithString,6.0,1.0,0.0,1.0,0.0,0,0.0,0,0.0,0.0,0.0,46.0,6.0,0.0,1.0,4.0,4.0,0.0,196.0,82.0,432.8054020569024,0,0,0,0.0,0.0
38,junit4,org.junit.AssumptionViolatedExceptionTest.canSetCauseWithInstanceCreatedWithObjectAndMatcher,5.0,1.0,0.0,1.0,0.0,0,0.0,0,0.0,0.0,0.0,46.0,6.0,0.0,1.0,4.0,4.0,0.0,196.0,82.0,432.8054020569024,0,0,0,0.0,0.0
38,junit4,org.junit.AssumptionViolatedExceptionTest.canSetCauseWithInstanceCreatedWithAssumptionObjectAndMatcher,5.0,1.0,0.0,1.0,0.0,0,0.0,0,0.0,0.0,0.0,46.0,6.0,0.0,1.0,4.0,4.0,0.0,196.0,82.0,432.8054020569024,0,0,0,0.0,0.0
38,junit4,org.junit.AssumptionViolatedExceptionTest.canSetCauseWithInstanceCreatedWithMainConstructor,5.0,1.0,0.0,1.0,0.0,0,0.0,0,0.0,0.0,0.0,46.0,6.0,0.0,1.0,4.0,4.0,0.0,196.0,82.0,432.8054020569024,0,0,0,0.0,0.0
38,junit4,org.junit.AssumptionViolatedExceptionTest.canSetCauseWithInstanceCreatedWithExplicitThrowableConstructor,5.0,1.0,0.0,1.0,0.0,0,0.0,0,0.0,0.0,0.0,46.0,6.0,0.0,1.0,4.0,4.0,0.0,196.0,82.0,432.8054020569024,0,0,0,0.0,0.0
38,junit4,org.junit.AssumptionViolatedExceptionTest.assumptionViolatedExceptionWithoutValueAndMatcherCanBeReserialized_v4_13,3.0,2.0,0.0,1.0,0.0,0,0.0,0,0.0,0.0,0.0,46.0,6.0,0.0,1.0,4.0,4.0,0.0,196.0,82.0,432.8054020569024,0,0,0,0.0,0.0
38,junit4,org.junit.AssumptionViolatedExceptionTest.assumptionViolatedExceptionWithValueAndMatcherCanBeReserialized_v4_13,3.0,2.0,0.0,1.0,0.0,0,0.0,0,0.0,0.0,0.0,46.0,6.0,0.0,1.0,4.0,4.0,0.0,196.0,82.0,432.8054020569024,0,0,0,0.0,0.0
38,junit4,org.junit.AssumptionViolatedExceptionTest.unserializableValueAndMatcherCanBeSerialized,4.0,2.0,0.0,1.0,0.0,0,0.0,0,0.0,0.0,0.0,46.0,6.0,0.0,1.0,4.0,4.0,0.0,196.0,82.0,432.8054020569024,0,0,0,0.0,0.0
38,junit4,org.junit.AssumptionViolatedExceptionTest.nullValueAndMatcherCanBeSerialized,4.0,2.0,0.0,1.0,0.0,0,0.0,0,0.0,0.0,0.0,46.0,6.0,0.0,1.0,4.0,4.0,0.0,196.0,82.0,432.8054020569024,0,0,0,0.0,0.0
38,junit4,org.junit.AssumptionViolatedExceptionTest.serializableValueAndMatcherCanBeSerialized,4.0,2.0,0.0,1.0,0.0,0,0.0,0,0.0,0.0,0.0,46.0,6.0,0.0,1.0,4.0,4.0,0.0,196.0,82.0,432.8054020569024,0,0,0,0.0,0.0
38,junit4,org.junit.AssumptionViolatedExceptionTest.assertCanBeSerialized,9.0,2.0,0.1111111111111111,1.0,0.0,0,0.0,0,0.0,0.0,0.0,46.0,6.0,0.0,1.0,4.0,4.0,0.0,196.0,82.0,432.8054020569024,0,0,0,0.0,0.0
38,junit4,org.junit.AssumptionViolatedExceptionTest.assertReserializable,8.0,2.0,0.25,1.0,0.0,0,0.0,0,0.0,0.0,0.0,46.0,6.0,0.0,1.0,4.0,4.0,0.0,196.0,82.0,432.8054020569024,0,0,0,0.0,0.0
38,junit4,org.junit.AssumptionViolatedExceptionTest.assertSerializedCorrectly,5.0,1.0,0.6,1.0,0.0,0,0.0,0,0.0,0.0,0.0,46.0,6.0,0.0,1.0,4.0,4.0,0.0,196.0,82.0,432.8054020569024,0,0,0,0.0,0.0
38,junit4,org.junit.experimental.categories.CategoryFilterFactoryTest.shouldCreateFilter,5.0,2.0,0.0,1.0,0.0,2,0.0,0,0.0,0.0,0.0,51.0,3.0,0.0,6.0,9.0,9.0,6.0,166.0,72.0,368.06312076167114,0,0,0,0.0,0.0
38,junit4,org.junit.experimental.categories.CategoryFilterFactoryTest.shouldThrowException,5.0,2.0,0.0,0.0,0.0,2,0.0,0,0.0,0.0,0.0,51.0,3.0,0.0,6.0,9.0,9.0,6.0,166.0,72.0,368.06312076167114,0,0,0,0.0,0.0
38,junit4,org.junit.experimental.categories.CategoryValidatorTest.errorIsAddedWhenCategoryIsUsedWithBeforeClass,4.0,2.0,0.0,0.0,0.0,0,0.0,0,3.0,0.0,0.0,62.0,1.0,0.0,14.0,7.0,10.0,8.0,220.0,107.0,577.1181474597028,0,0,2,0.0,0.0
38,junit4,org.junit.experimental.categories.CategoryValidatorTest.errorIsAddedWhenCategoryIsUsedWithAfterClass,4.0,1.0,0.0,0.0,0.0,0,0.0,0,0.0,0.0,0.0,62.0,1.0,0.0,14.0,7.0,10.0,8.0,220.0,107.0,577.1181474597028,0,0,2,0.0,0.0
38,junit4,org.junit.experimental.categories.CategoryValidatorTest.errorIsAddedWhenCategoryIsUsedWithBefore,4.0,2.0,0.0,0.0,0.0,0,0.0,0,3.0,0.0,0.0,62.0,1.0,0.0,14.0,7.0,10.0,8.0,220.0,107.0,577.1181474597028,0,0,2,0.0,0.0
38,junit4,org.junit.experimental.categories.CategoryValidatorTest.errorIsAddedWhenCategoryIsUsedWithAfter,4.0,1.0,0.0,0.0,0.0,0,0.0,0,0.0,0.0,0.0,62.0,1.0,0.0,14.0,7.0,10.0,8.0,220.0,107.0,577.1181474597028,0,0,2,0.0,0.0
38,junit4,org.junit.experimental.categories.CategoryValidatorTest.testAndAssertErrorMessage,6.0,1.0,0.3333333333333333,2.0,0.0,1,0.0,0,0.0,0.0,0.0,62.0,1.0,0.0,14.0,7.0,10.0,8.0,220.0,107.0,577.1181474597028,0,0,2,0.0,0.0
38,junit4,org.junit.experimental.categories.CategoryValidatorTest.errorIsNotAddedWhenCategoryIsNotCombinedWithIllegalCombination,5.0,2.0,0.0,1.0,0.0,1,0.0,0,0.0,0.0,0.0,62.0,1.0,0.0,14.0,7.0,10.0,8.0,220.0,107.0,577.1181474597028,0,0,2,0.0,0.0
38,junit4,org.junit.internal.ArrayComparisonFailureTest.classShouldAccept411Version,3.0,2.0,0.0,1.0,0.0,0,0.0,0,0.0,0.0,0.0,74.0,4.0,1.0,3.0,10.0,13.0,8.0,262.0,117.0,651.4963069400483,0,0,0,0.0,0.0
38,junit4,org.junit.internal.ArrayComparisonFailureTest.classShouldAccept412Version,3.0,2.0,0.0,1.0,0.0,0,0.0,0,0.0,0.0,0.0,74.0,4.0,1.0,3.0,10.0,13.0,8.0,262.0,117.0,651.4963069400483,0,0,0,0.0,0.0
38,junit4,org.junit.internal.ArrayComparisonFailureTest.assertFailureSerializableFromOthers,12.0,4.0,0.3333333333333333,4.0,7.0,2,2.0,0,1.0,0.0,0.0,74.0,4.0,1.0,3.0,10.0,13.0,8.0,262.0,117.0,651.4963069400483,0,0,0,0.0,0.0
38,junit4,org.junit.internal.ArrayComparisonFailureTest.deserializeFailureFromFile,5.0,3.0,0.0,0.0,1.0,0,0.0,0,0.0,0.0,0.0,74.0,4.0,1.0,3.0,10.0,13.0,8.0,262.0,117.0,651.4963069400483,0,0,0,0.0,0.0
38,junit4,org.junit.internal.ChecksTest.notNullShouldReturnNonNullValues,5.0,1.0,0.0,1.0,0.0,2,0.0,0,0.0,0.0,0.0,37.0,3.0,0.0,0.0,9.0,3.0,0.0,193.0,63.0,331.54948190100777,0,0,0,0.0,0.0
38,junit4,org.junit.internal.ChecksTest.notNullShouldThrowOnNullValues,9.0,2.0,0.0,0.0,0.0,2,0.0,0,0.0,0.0,0.0,37.0,3.0,0.0,0.0,9.0,3.0,0.0,193.0,63.0,331.54948190100777,0,0,0,0.0,0.0
38,junit4,org.junit.internal.ChecksTest.notNullWithMessageShouldReturnNonNullValues,5.0,1.0,0.0,1.0,0.0,2,0.0,0,0.0,0.0,0.0,37.0,3.0,0.0,0.0,9.0,3.0,0.0,193.0,63.0,331.54948190100777,0,0,0,0.0,0.0
38,junit4,org.junit.internal.ChecksTest.notNullWithMessageShouldThrowOnNullValues,9.0,2.0,0.0,0.0,0.0,2,0.0,0,0.0,0.0,0.0,37.0,3.0,0.0,0.0,9.0,3.0,0.0,193.0,63.0,331.54948190100777,0,0,0,0.0,0.0
38,junit4,org.junit.internal.ChecksTest.notNullWithNullMessageShouldThrowOnNullValues,9.0,2.0,0.0,0.0,0.0,2,0.0,0,0.0,0.0,0.0,37.0,3.0,0.0,0.0,9.0,3.0,0.0,193.0,63.0,331.54948190100777,0,0,0,0.0,0.0
38,junit4,org.junit.internal.MethodSorterTest.getDeclaredMethodNames,10.0,4.0,0.0,0.0,0.0,1,0.0,0,2.0,0.0,0.0,72.0,10.0,4.0,4.0,14.0,17.0,12.0,374.0,142.0,841.2443232328636,0,0,0,0.0,0.0
38,junit4,org.junit.internal.MethodSorterTest.testMethodsNullSorterSelf,5.0,1.0,0.0,1.0,0.0,0,0.0,0,0.0,0.0,0.0,72.0,10.0,4.0,4.0,14.0,17.0,12.0,374.0,142.0,841.2443232328636,0,0,0,0.0,0.0
38,junit4,org.junit.internal.MethodSorterTest.testMethodsNullSorterSuper,5.0,1.0,0.0,1.0,0.0,0,0.0,0,0.0,0.0,0.0,72.0,10.0,4.0,4.0,14.0,17.0,12.0,374.0,142.0,841.2443232328636,0,0,0,0.0,0.0
38,junit4,org.junit.internal.MethodSorterTest.testMethodsNullSorterSub,5.0,1.0,0.0,1.0,0.0,0,0.0,0,0.0,0.0,0.0,72.0,10.0,4.0,4.0,14.0,17.0,12.0,374.0,142.0,841.2443232328636,0,0,0,0.0,0.0
38,junit4,org.junit.internal.MethodSorterTest.testDefaultMethodSorter,5.0,1.0,0.0,1.0,0.0,0,0.0,0,0.0,0.0,0.0,72.0,10.0,4.0,4.0,14.0,17.0,12.0,374.0,142.0,841.2443232328636,0,0,0,0.0,0.0
38,junit4,org.junit.internal.MethodSorterTest.testJvmMethodSorter,5.0,1.0,0.0,1.0,0.0,1,0.0,0,0.0,0.0,0.0,72.0,10.0,4.0,4.0,14.0,17.0,12.0,374.0,142.0,841.2443232328636,0,0,0,0.0,0.0
38,junit4,org.junit.internal.MethodSorterTest.testAscendingMethodSorter,5.0,1.0,0.0,1.0,0.0,0,0.0,0,0.0,0.0,0.0,72.0,10.0,4.0,4.0,14.0,17.0,12.0,374.0,142.0,841.2443232328636,0,0,0,0.0,0.0
38,junit4,org.junit.internal.builders.AnnotatedBuilderTest.topLevelTestClassWithoutAnnotation_isRunWithDefaultRunner,4.0,2.0,0.0,1.0,0.0,1,0.0,0,0.0,0.0,0.0,116.0,4.0,3.0,5.0,16.0,16.0,12.0,547.0,192.0,1210.4541700650204,0,0,0,0.0,0.0
38,junit4,org.junit.internal.builders.AnnotatedBuilderTest.topLevelTestClassWithAnnotation_isRunWithAnnotatedRunner,6.0,2.0,0.16666666666666666,2.0,0.0,1,0.0,0,0.0,0.0,0.0,116.0,4.0,3.0,5.0,16.0,16.0,12.0,547.0,192.0,1210.4541700650204,0,0,0,0.0,0.0
38,junit4,org.junit.internal.builders.AnnotatedBuilderTest.memberClassInsideAnnotatedTopLevelClass_isRunWithTopLevelRunner,6.0,2.0,0.16666666666666666,2.0,0.0,1,0.0,0,0.0,0.0,0.0,116.0,4.0,3.0,5.0,16.0,16.0,12.0,547.0,192.0,1210.4541700650204,0,0,0,0.0,0.0
38,junit4,org.junit.internal.builders.AnnotatedBuilderTest.memberClassDeepInsideAnnotatedTopLevelClass_isRunWithTopLevelRunner,6.0,2.0,0.16666666666666666,2.0,0.0,1,0.0,0,0.0,0.0,0.0,116.0,4.0,3.0,5.0,16.0,16.0,12.0,547.0,192.0,1210.4541700650204,0,0,0,0.0,0.0
38,junit4,org.junit.internal.builders.AnnotatedBuilderTest.annotatedMemberClassInsideAnnotatedTopLevelClass_isRunWithOwnRunner,6.0,2.0,0.16666666666666666,2.0,0.0,1,0.0,0,0.0,0.0,0.0,116.0,4.0,3.0,5.0,16.0,16.0,12.0,547.0,192.0,1210.4541700650204,0,0,0,0.0,0.0
38,junit4,org.junit.internal.builders.AnnotatedBuilderTest.memberClassDeepInsideAnnotatedMemberClass_isRunWithParentMemberClassRunner,6.0,2.0,0.16666666666666666,2.0,0.0,1,0.0,0,0.0,0.0,0.0,116.0,4.0,3.0,5.0,16.0,16.0,12.0,547.0,192.0,1210.4541700650204,0,0,0,0.0,0.0
38,junit4,org.junit.internal.matchers.StacktracePrintingMatcherTest.succeedsWhenInnerMatcherSucceeds,3.0,2.0,0.0,1.0,0.0,1,0.0,0,0.0,0.0,0.0,53.0,1.0,0.0,4.0,17.0,13.0,6.0,157.0,75.0,379.2184354011231,0,0,0,0.0,0.0
38,junit4,org.junit.internal.matchers.StacktracePrintingMatcherTest.failsWhenInnerMatcherFails,3.0,2.0,0.0,1.0,0.0,1,0.0,0,0.0,0.0,0.0,53.0,1.0,0.0,4.0,17.0,13.0,6.0,157.0,75.0,379.2184354011231,0,0,0,0.0,0.0
38,junit4,org.junit.internal.matchers.StacktracePrintingMatcherTest.assertThatIncludesStacktrace,10.0,2.0,0.3,1.0,0.0,1,0.0,0,0.0,0.0,0.0,53.0,1.0,0.0,4.0,17.0,13.0,6.0,157.0,75.0,379.2184354011231,0,0,0,0.0,0.0
38,junit4,org.junit.internal.matchers.ThrowableCauseMatcherTest.shouldAllowCauseOfDifferentClassFromRoot,5.0,3.0,0.0,1.0,0.0,1,0.0,0,1.0,0.0,0.0,50.0,0.0,0.0,4.0,9.0,12.0,7.0,184.0,85.0,443.2695393967638,0,0,0,0.0,0.0
38,junit4,org.junit.internal.runners.ErrorReportingRunnerTest.cannotCreateWithNullClass,3.0,1.0,0.0,0.0,0.0,0,0.0,0,0.0,0.0,0.0,92.0,18.0,5.0,9.0,22.0,26.0,18.0,401.0,94.0,563.4323741668176,0,0,0,0.0,0.0
38,junit4,org.junit.internal.runners.ErrorReportingRunnerTest.cannotCreateWithNullClass2,3.0,1.0,0.0,0.0,0.0,0,0.0,0,0.0,0.0,0.0,92.0,18.0,5.0,9.0,22.0,26.0,18.0,401.0,94.0,563.4323741668176,0,0,0,0.0,0.0
38,junit4,org.junit.internal.runners.ErrorReportingRunnerTest.cannotCreateWithNullClasses,3.0,1.0,0.0,0.0,0.0,0,0.0,0,0.0,0.0,0.0,92.0,18.0,5.0,9.0,22.0,26.0,18.0,401.0,94.0,563.4323741668176,0,0,0,0.0,0.0
38,junit4,org.junit.internal.runners.ErrorReportingRunnerTest.cannotCreateWithoutClass,3.0,1.0,0.0,0.0,0.0,0,0.0,0,0.0,0.0,0.0,92.0,18.0,5.0,9.0,22.0,26.0,18.0,401.0,94.0,563.4323741668176,0,0,0,0.0,0.0
38,junit4,org.junit.internal.runners.ErrorReportingRunnerTest.givenInvalidTestClassErrorAsCause,16.0,2.0,0.625,3.0,0.0,1,0.0,0,1.0,0.0,0.0,92.0,18.0,5.0,9.0,22.0,26.0,18.0,401.0,94.0,563.4323741668176,0,0,0,0.0,0.0
38,junit4,org.junit.internal.runners.ErrorReportingRunnerTest.fireTestFailure,4.0,1.0,0.0,0.0,0.0,0,0.0,0,0.0,0.0,0.0,92.0,18.0,5.0,9.0,22.0,26.0,18.0,401.0,94.0,563.4323741668176,0,0,0,0.0,0.0
38,junit4,org.junit.internal.runners.ErrorReportingRunnerTest.givenInvalidTestClass_integrationTest,7.0,1.0,0.42857142857142855,2.0,0.0,0,0.0,0,0.0,0.0,0.0,92.0,18.0,5.0,9.0,22.0,26.0,18.0,401.0,94.0,563.4323741668176,0,0,0,0.0,0.0
38,junit4,org.junit.internal.runners.statements.ExpectExceptionTest.whenExpectingAssumptionViolatedExceptionStatementsThrowingItShouldPass,10.0,3.0,0.0,0.0,0.0,1,0.0,0,0.0,0.0,0.0,38.0,0.0,0.0,2.0,5.0,6.0,4.0,186.0,58.0,303.0933070753657,0,0,2,0.0,0.0
38,junit4,org.junit.internal.runners.statements.ExpectExceptionTest.whenExpectingAssumptionViolatedExceptionStatementsThrowingSubclassShouldPass,10.0,3.0,0.0,0.0,0.0,1,0.0,0,0.0,0.0,0.0,38.0,0.0,0.0,2.0,5.0,6.0,4.0,186.0,58.0,303.0933070753657,0,0,2,0.0,0.0
38,junit4,org.junit.internal.runners.statements.ExpectExceptionTest.whenExpectingAssumptionViolatedExceptionStatementsThrowingDifferentExceptionShouldFail,11.0,4.0,0.0,0.0,0.0,1,0.0,0,1.0,0.0,0.0,38.0,0.0,0.0,2.0,5.0,6.0,4.0,186.0,58.0,303.0933070753657,0,0,2,0.0,0.0
38,junit4,org.junit.internal.runners.statements.ExpectExceptionTest.whenExpectingAssumptionViolatedExceptionStatementsPassingShouldFail,11.0,4.0,0.09090909090909091,0.0,0.0,1,0.0,0,0.0,0.0,0.0,38.0,0.0,0.0,2.0,5.0,6.0,4.0,186.0,58.0,303.0933070753657,0,0,2,0.0,0.0
38,junit4,org.junit.internal.runners.statements.FailOnTimeoutTest.getParameters,3.0,2.0,0.0,0.0,0.0,0,0.0,0,0.0,0.0,0.0,312.0,45.0,3.0,14.0,40.0,45.0,34.0,1712.0,415.0,3089.8482860312,0,0,0,0.0,0.0
38,junit4,org.junit.internal.runners.statements.FailOnTimeoutTest.noExceptionIsThrownWhenWrappedStatementFinishesBeforeTimeoutWithoutThrowingException,4.0,3.0,0.0,0.0,0.0,1,0.0,0,1.0,0.0,0.0,312.0,45.0,3.0,14.0,40.0,45.0,34.0,1712.0,415.0,3089.8482860312,0,0,0,0.0,0.0
38,junit4,org.junit.internal.runners.statements.FailOnTimeoutTest.throwsTestTimedOutExceptionWithMeaningfulMessage,4.0,2.0,0.25,1.0,0.0,0,0.0,0,0.0,0.0,0.0,312.0,45.0,3.0,14.0,40.0,45.0,34.0,1712.0,415.0,3089.8482860312,0,0,0,0.0,0.0
38,junit4,org.junit.internal.runners.statements.FailOnTimeoutTest.sendUpExceptionThrownByStatement,5.0,1.0,0.2,2.0,0.0,0,0.0,0,0.0,0.0,0.0,312.0,45.0,3.0,14.0,40.0,45.0,34.0,1712.0,415.0,3089.8482860312,0,0,0,0.0,0.0
38,junit4,org.junit.internal.runners.statements.FailOnTimeoutTest.throwExceptionIfTheSecondCallToEvaluateNeedsTooMuchTime,8.0,2.0,0.0,1.0,0.0,1,0.0,0,0.0,0.0,0.0,312.0,45.0,3.0,14.0,40.0,45.0,34.0,1712.0,415.0,3089.8482860312,0,0,0,0.0,0.0
38,junit4,org.junit.internal.runners.statements.FailOnTimeoutTest.throwTimeoutExceptionOnSecondCallAlthoughFirstCallThrowsException,8.0,2.0,0.375,2.0,0.0,0,0.0,0,0.0,0.0,0.0,312.0,45.0,3.0,14.0,40.0,45.0,34.0,1712.0,415.0,3089.8482860312,0,0,0,0.0,0.0
38,junit4,org.junit.internal.runners.statements.FailOnTimeoutTest.throwsExceptionWithTimeoutValueAndTimeUnitSet,5.0,2.0,0.4,3.0,0.0,0,0.0,0,0.0,0.0,0.0,312.0,45.0,3.0,14.0,40.0,45.0,34.0,1712.0,415.0,3089.8482860312,0,0,0,0.0,0.0
38,junit4,org.junit.internal.runners.statements.FailOnTimeoutTest.statementThatCanBeInterruptedIsStoppedAfterTimeout,6.0,2.0,0.16666666666666666,1.0,0.0,0,0.0,0,0.0,0.0,0.0,312.0,45.0,3.0,14.0,40.0,45.0,34.0,1712.0,415.0,3089.8482860312,0,0,0,0.0,0.0
38,junit4,org.junit.internal.runners.statements.FailOnTimeoutTest.stackTraceContainsRealCauseOfTimeout,17.0,3.0,0.11764705882352941,1.0,0.0,1,0.0,0,3.0,0.0,0.0,312.0,45.0,3.0,14.0,40.0,45.0,34.0,1712.0,415.0,3089.8482860312,0,0,0,0.0,0.0
38,junit4,org.junit.internal.runners.statements.FailOnTimeoutTest.lookingForStuckThread_threadGroupNotLeaked,20.0,3.0,0.15,0.0,0.0,1,0.0,0,1.0,0.0,0.0,312.0,45.0,3.0,14.0,40.0,45.0,34.0,1712.0,415.0,3089.8482860312,0,0,0,0.0,0.0
38,junit4,org.junit.internal.runners.statements.FailOnTimeoutTest.evaluate,7.0,2.0,0.14285714285714285,0.0,0.0,0,0.0,0,1.0,0.0,0.0,312.0,45.0,3.0,14.0,40.0,45.0,34.0,1712.0,415.0,3089.8482860312,0,0,0,0.0,0.0
38,junit4,org.junit.internal.runners.statements.FailOnTimeoutTest.notLookingForStuckThread_usesSameThreadGroup,15.0,2.0,0.06666666666666667,0.0,0.0,1,0.0,0,0.0,0.0,0.0,312.0,45.0,3.0,14.0,40.0,45.0,34.0,1712.0,415.0,3089.8482860312,0,0,0,0.0,0.0
38,junit4,org.junit.internal.runners.statements.FailOnTimeoutTest.evaluate,5.0,1.0,0.0,0.0,0.0,0,0.0,0,0.0,0.0,0.0,312.0,45.0,3.0,14.0,40.0,45.0,34.0,1712.0,415.0,3089.8482860312,0,0,0,0.0,0.0
38,junit4,org.junit.internal.runners.statements.FailOnTimeoutTest.failAfter50Ms,3.0,2.0,0.0,0.0,0.0,1,0.0,0,0.0,0.0,0.0,312.0,45.0,3.0,14.0,40.0,45.0,34.0,1712.0,415.0,3089.8482860312,0,0,0,0.0,0.0
38,junit4,org.junit.internal.runners.statements.FailOnTimeoutTest.run,8.0,3.0,0.0,0.0,0.0,0,0.0,0,0.0,0.0,0.0,312.0,45.0,3.0,14.0,40.0,45.0,34.0,1712.0,415.0,3089.8482860312,0,0,0,0.0,0.0
38,junit4,org.junit.internal.runners.statements.FailOnTimeoutTest.run,3.0,2.0,0.0,0.0,0.0,0,0.0,0,0.0,0.0,0.0,312.0,45.0,3.0,14.0,40.0,45.0,34.0,1712.0,415.0,3089.8482860312,0,0,0,0.0,0.0
38,junit4,org.junit.rules.DisableOnDebugTest.givenPreJava5DebugArgumentsIsDebuggingShouldReturnTrue,4.0,1.0,0.0,0.0,0.0,2,0.0,0,0.0,0.0,0.0,125.0,0.0,2.0,5.0,15.0,11.0,6.0,555.0,236.0,1491.2764748441584,0,0,0,0.0,0.0
38,junit4,org.junit.rules.DisableOnDebugTest.givenPreJava5DebugArgumentsInReverseIsDebuggingShouldReturnTrue,4.0,1.0,0.0,0.0,0.0,2,0.0,0,0.0,0.0,0.0,125.0,0.0,2.0,5.0,15.0,11.0,6.0,555.0,236.0,1491.2764748441584,0,0,0,0.0,0.0
38,junit4,org.junit.rules.DisableOnDebugTest.givenPostJava5DebugArgumentsIsDebuggingShouldReturnTrue,4.0,1.0,0.0,0.0,0.0,2,0.0,0,0.0,0.0,0.0,125.0,0.0,2.0,5.0,15.0,11.0,6.0,555.0,236.0,1491.2764748441584,0,0,0,0.0,0.0
38,junit4,org.junit.rules.DisableOnDebugTest.givenArgumentsWithoutDebugFlagsIsDebuggingShouldReturnFalse,4.0,1.0,0.25,0.0,0.0,2,0.0,0,0.0,0.0,0.0,125.0,0.0,2.0,5.0,15.0,11.0,6.0,555.0,236.0,1491.2764748441584,0,0,0,0.0,0.0
38,junit4,org.junit.rules.DisableOnDebugTest.whenRunWithPreJava5DebugArgumentsTestShouldFail,6.0,1.0,0.16666666666666666,0.0,0.0,0,0.0,0,0.0,0.0,0.0,125.0,0.0,2.0,5.0,15.0,11.0,6.0,555.0,236.0,1491.2764748441584,0,0,0,0.0,0.0
38,junit4,org.junit.rules.DisableOnDebugTest.whenRunWithPreJava5DebugArgumentsInReverseOrderTestShouldFail,6.0,1.0,0.16666666666666666,0.0,0.0,0,0.0,0,0.0,0.0,0.0,125.0,0.0,2.0,5.0,15.0,11.0,6.0,555.0,236.0,1491.2764748441584,0,0,0,0.0,0.0
38,junit4,org.junit.rules.DisableOnDebugTest.whenRunWithPostJava5DebugArgumentsTestShouldFail,6.0,1.0,0.16666666666666666,0.0,0.0,0,0.0,0,0.0,0.0,0.0,125.0,0.0,2.0,5.0,15.0,11.0,6.0,555.0,236.0,1491.2764748441584,0,0,0,0.0,0.0
38,junit4,org.junit.rules.DisableOnDebugTest.whenRunWithoutDebugFlagsTestShouldPass,6.0,1.0,0.16666666666666666,0.0,0.0,0,0.0,0,0.0,0.0,0.0,125.0,0.0,2.0,5.0,15.0,11.0,6.0,555.0,236.0,1491.2764748441584,0,0,0,0.0,0.0
38,junit4,org.junit.rules.ErrorCollectorTest.testsWithEventMatcher,3.0,3.0,0.0,0.0,0.0,0,0.0,0,0.0,0.0,0.0,120.0,19.0,0.0,9.0,25.0,20.0,13.0,629.0,197.0,1269.4938575699869,0,0,0,0.0,0.0
38,junit4,org.junit.rules.ErrorCollectorTest.runTestClassAndVerifyEvents,7.0,2.0,0.0,1.0,0.0,0,0.0,0,1.0,0.0,0.0,120.0,19.0,0.0,9.0,25.0,20.0,13.0,629.0,197.0,1269.4938575699869,0,0,0,0.0,0.0
38,junit4,org.junit.rules.ExpectedExceptionTest.testsWithEventMatcher,3.0,4.0,0.0,0.0,0.0,0,0.0,0,1.0,0.0,0.0,285.0,87.0,12.0,11.0,43.0,33.0,18.0,1309.0,390.0,2799.0373187048613,0,0,0,0.0,0.0
38,junit4,org.junit.rules.ExpectedExceptionTest.ExpectedExceptionTest,4.0,1.0,0.0,0.0,0.0,0,0.0,0,0.0,0.0,0.0,285.0,87.0,12.0,11.0,43.0,33.0,18.0,1309.0,390.0,2799.0373187048613,0,0,0,0.0,0.0
38,junit4,org.junit.rules.ExpectedExceptionTest.runTestAndVerifyResult,7.0,2.0,0.0,1.0,0.0,0,0.0,0,1.0,0.0,0.0,285.0,87.0,12.0,11.0,43.0,33.0,18.0,1309.0,390.0,2799.0373187048613,0,0,0,0.0,0.0
38,junit4,org.junit.rules.RuleChainTest.executeRulesInCorrectOrder,5.0,2.0,0.0,1.0,0.0,0,0.0,0,0.0,0.0,0.0,113.0,4.0,3.0,6.0,11.0,9.0,4.0,445.0,173.0,1054.9668508147595,0,0,0,0.0,0.0
38,junit4,org.junit.rules.RuleChainTest.aroundShouldNotAllowNullRules,10.0,2.0,0.0,0.0,0.0,2,0.0,0,0.0,0.0,0.0,113.0,4.0,3.0,6.0,11.0,9.0,4.0,445.0,173.0,1054.9668508147595,0,0,0,0.0,0.0
38,junit4,org.junit.rules.RuleChainTest.whenRuleChainHasNullRuleTheStacktraceShouldPointToIt,6.0,1.0,0.16666666666666666,1.0,0.0,0,0.0,0,0.0,0.0,0.0,113.0,4.0,3.0,6.0,11.0,9.0,4.0,445.0,173.0,1054.9668508147595,0,0,0,0.0,0.0
38,junit4,org.junit.rules.RuleMemberValidatorTest.rejectProtectedClassRule,5.0,1.0,0.0,0.0,0.0,1,0.0,0,0.0,0.0,0.0,279.0,22.0,1.0,10.0,15.0,18.0,10.0,1349.0,247.0,1780.1583574833157,0,0,0,0.0,0.0
38,junit4,org.junit.rules.RuleMemberValidatorTest.rejectNonStaticClassRule,5.0,1.0,0.0,0.0,0.0,1,0.0,0,0.0,0.0,0.0,279.0,22.0,1.0,10.0,15.0,18.0,10.0,1349.0,247.0,1780.1583574833157,0,0,0,0.0,0.0
38,junit4,org.junit.rules.RuleMemberValidatorTest.acceptStaticTestRuleThatIsAlsoClassRule,5.0,1.0,0.0,1.0,0.0,1,0.0,0,0.0,0.0,0.0,279.0,22.0,1.0,10.0,15.0,18.0,10.0,1349.0,247.0,1780.1583574833157,0,0,0,0.0,0.0
38,junit4,org.junit.rules.RuleMemberValidatorTest.rejectClassRuleInNonPublicClass,5.0,1.0,0.0,0.0,0.0,1,0.0,0,0.0,0.0,0.0,279.0,22.0,1.0,10.0,15.0,18.0,10.0,1349.0,247.0,1780.1583574833157,0,0,0,0.0,0.0
38,junit4,org.junit.rules.RuleMemberValidatorTest.rejectClassRuleThatIsImplementationOfMethodRule,9.0,2.0,0.0,0.0,0.0,1,0.0,0,0.0,0.0,0.0,279.0,22.0,1.0,10.0,15.0,18.0,10.0,1349.0,247.0,1780.1583574833157,0,0,0,0.0,0.0
38,junit4,org.junit.rules.RuleMemberValidatorTest.rejectClassRuleThatReturnsImplementationOfMethodRule,10.0,3.0,0.0,0.0,0.0,1,0.0,0,0.0,0.0,0.0,279.0,22.0,1.0,10.0,15.0,18.0,10.0,1349.0,247.0,1780.1583574833157,0,0,0,0.0,0.0
38,junit4,org.junit.rules.RuleMemberValidatorTest.rejectClassRuleIsAnArbitraryObject,9.0,3.0,0.0,0.0,0.0,1,0.0,0,0.0,0.0,0.0,279.0,22.0,1.0,10.0,15.0,18.0,10.0,1349.0,247.0,1780.1583574833157,0,0,0,0.0,0.0
38,junit4,org.junit.rules.RuleMemberValidatorTest.rejectClassRuleMethodReturnsAnArbitraryObject,10.0,4.0,0.0,0.0,0.0,1,0.0,0,0.0,0.0,0.0,279.0,22.0,1.0,10.0,15.0,18.0,10.0,1349.0,247.0,1780.1583574833157,0,0,0,0.0,0.0
38,junit4,org.junit.rules.RuleMemberValidatorTest.acceptNonStaticTestRule,5.0,1.0,0.0,1.0,0.0,1,0.0,0,0.0,0.0,0.0,279.0,22.0,1.0,10.0,15.0,18.0,10.0,1349.0,247.0,1780.1583574833157,0,0,0,0.0,0.0
38,junit4,org.junit.rules.RuleMemberValidatorTest.rejectStaticTestRule,5.0,1.0,0.0,0.0,0.0,1,0.0,0,0.0,0.0,0.0,279.0,22.0,1.0,10.0,15.0,18.0,10.0,1349.0,247.0,1780.1583574833157,0,0,0,0.0,0.0
38,junit4,org.junit.rules.RuleMemberValidatorTest.rejectStaticMethodRule,5.0,1.0,0.0,0.0,0.0,1,0.0,0,0.0,0.0,0.0,279.0,22.0,1.0,10.0,15.0,18.0,10.0,1349.0,247.0,1780.1583574833157,0,0,0,0.0,0.0
38,junit4,org.junit.rules.RuleMemberValidatorTest.acceptMethodRule,5.0,2.0,0.0,1.0,0.0,1,0.0,0,0.0,0.0,0.0,279.0,22.0,1.0,10.0,15.0,18.0,10.0,1349.0,247.0,1780.1583574833157,0,0,0,0.0,0.0
38,junit4,org.junit.rules.RuleMemberValidatorTest.rejectArbitraryObjectWithRuleAnnotation,5.0,2.0,0.0,0.0,0.0,1,0.0,0,0.0,0.0,0.0,279.0,22.0,1.0,10.0,15.0,18.0,10.0,1349.0,247.0,1780.1583574833157,0,0,0,0.0,0.0
38,junit4,org.junit.rules.RuleMemberValidatorTest.methodRejectProtectedClassRule,5.0,1.0,0.0,0.0,0.0,1,0.0,0,0.0,0.0,0.0,279.0,22.0,1.0,10.0,15.0,18.0,10.0,1349.0,247.0,1780.1583574833157,0,0,0,0.0,0.0
38,junit4,org.junit.rules.RuleMemberValidatorTest.methodRejectNonStaticClassRule,5.0,1.0,0.0,0.0,0.0,1,0.0,0,0.0,0.0,0.0,279.0,22.0,1.0,10.0,15.0,18.0,10.0,1349.0,247.0,1780.1583574833157,0,0,0,0.0,0.0
38,junit4,org.junit.rules.RuleMemberValidatorTest.acceptMethodStaticTestRuleThatIsAlsoClassRule,5.0,1.0,0.0,1.0,0.0,1,0.0,0,0.0,0.0,0.0,279.0,22.0,1.0,10.0,15.0,18.0,10.0,1349.0,247.0,1780.1583574833157,0,0,0,0.0,0.0
38,junit4,org.junit.rules.RuleMemberValidatorTest.acceptMethodNonStaticTestRule,5.0,1.0,0.0,1.0,0.0,1,0.0,0,0.0,0.0,0.0,279.0,22.0,1.0,10.0,15.0,18.0,10.0,1349.0,247.0,1780.1583574833157,0,0,0,0.0,0.0
38,junit4,org.junit.rules.RuleMemberValidatorTest.rejectMethodStaticTestRule,5.0,1.0,0.0,0.0,0.0,1,0.0,0,0.0,0.0,0.0,279.0,22.0,1.0,10.0,15.0,18.0,10.0,1349.0,247.0,1780.1583574833157,0,0,0,0.0,0.0
38,junit4,org.junit.rules.RuleMemberValidatorTest.rejectMethodStaticMethodRule,5.0,1.0,0.0,0.0,0.0,1,0.0,0,0.0,0.0,0.0,279.0,22.0,1.0,10.0,15.0,18.0,10.0,1349.0,247.0,1780.1583574833157,0,0,0,0.0,0.0
38,junit4,org.junit.rules.RuleMemberValidatorTest.methodAcceptMethodRuleMethod,5.0,2.0,0.0,1.0,0.0,1,0.0,0,0.0,0.0,0.0,279.0,22.0,1.0,10.0,15.0,18.0,10.0,1349.0,247.0,1780.1583574833157,0,0,0,0.0,0.0
38,junit4,org.junit.rules.RuleMemberValidatorTest.methodRejectArbitraryObjectWithRuleAnnotation,5.0,3.0,0.0,0.0,0.0,1,0.0,0,0.0,0.0,0.0,279.0,22.0,1.0,10.0,15.0,18.0,10.0,1349.0,247.0,1780.1583574833157,0,0,0,0.0,0.0
38,junit4,org.junit.rules.RuleMemberValidatorTest.assertOneErrorWithMessage,4.0,1.0,0.5,1.0,0.0,0,0.0,0,0.0,0.0,0.0,279.0,22.0,1.0,10.0,15.0,18.0,10.0,1349.0,247.0,1780.1583574833157,0,0,0,0.0,0.0
38,junit4,org.junit.rules.RuleMemberValidatorTest.assertNumberOfErrors,3.0,1.0,0.3333333333333333,0.0,0.0,0,0.0,0,0.0,0.0,0.0,279.0,22.0,1.0,10.0,15.0,18.0,10.0,1349.0,247.0,1780.1583574833157,0,0,0,0.0,0.0
38,junit4,org.junit.rules.StopwatchTest.init,5.0,2.0,0.0,0.0,0.0,0,0.0,0,1.0,0.0,0.0,183.0,43.0,4.0,4.0,17.0,17.0,6.0,708.0,209.0,1371.5508155819873,0,0,0,0.0,0.0
38,junit4,org.junit.rules.StopwatchTest.runTest,5.0,2.0,0.0,0.0,0.0,0,0.0,0,0.0,0.0,0.0,183.0,43.0,4.0,4.0,17.0,17.0,6.0,708.0,209.0,1371.5508155819873,0,0,0,0.0,0.0
38,junit4,org.junit.rules.StopwatchTest.simulateTimePassing,3.0,1.0,0.0,0.0,0.0,0,0.0,0,0.0,0.0,0.0,183.0,43.0,4.0,4.0,17.0,17.0,6.0,708.0,209.0,1371.5508155819873,0,0,0,0.0,0.0
38,junit4,org.junit.rules.StopwatchTest.succeeded,9.0,1.0,0.5555555555555556,4.0,0.0,0,0.0,0,0.0,0.0,0.0,183.0,43.0,4.0,4.0,17.0,17.0,6.0,708.0,209.0,1371.5508155819873,0,0,0,0.0,0.0
38,junit4,org.junit.rules.StopwatchTest.failed,9.0,1.0,0.5555555555555556,4.0,0.0,0,0.0,0,0.0,0.0,0.0,183.0,43.0,4.0,4.0,17.0,17.0,6.0,708.0,209.0,1371.5508155819873,0,0,0,0.0,0.0
38,junit4,org.junit.rules.StopwatchTest.skipped,9.0,1.0,0.5555555555555556,4.0,0.0,0,0.0,0,0.0,0.0,0.0,183.0,43.0,4.0,4.0,17.0,17.0,6.0,708.0,209.0,1371.5508155819873,0,0,0,0.0,0.0
38,junit4,org.junit.rules.StopwatchTest.runtimeDuringTestShouldReturnTimeSinceStart,4.0,1.0,0.0,1.0,0.0,0,0.0,0,0.0,0.0,0.0,183.0,43.0,4.0,4.0,17.0,17.0,6.0,708.0,209.0,1371.5508155819873,0,0,0,0.0,0.0
38,junit4,org.junit.rules.StopwatchTest.runtimeAfterTestShouldReturnRunDuration,4.0,1.0,0.0,1.0,0.0,0,0.0,0,0.0,0.0,0.0,183.0,43.0,4.0,4.0,17.0,17.0,6.0,708.0,209.0,1371.5508155819873,0,0,0,0.0,0.0
38,junit4,org.junit.runner.FilterFactoriesTest.createSuiteRequest,3.0,2.0,0.0,0.0,0.0,0,0.0,0,0.0,0.0,0.0,82.0,10.0,0.0,3.0,21.0,19.0,14.0,346.0,101.0,590.4903162808301,0,0,0,0.0,0.0
38,junit4,org.junit.runner.FilterFactoriesTest.shouldCreateFilterWithArguments,4.0,2.0,0.0,0.0,0.0,1,0.0,0,0.0,0.0,0.0,82.0,10.0,0.0,3.0,21.0,19.0,14.0,346.0,101.0,590.4903162808301,0,0,0,0.0,0.0
38,junit4,org.junit.runner.FilterFactoriesTest.shouldCreateFilterWithNoArguments,4.0,2.0,0.0,1.0,0.0,1,0.0,0,0.0,0.0,0.0,82.0,10.0,0.0,3.0,21.0,19.0,14.0,346.0,101.0,590.4903162808301,0,0,0,0.0,0.0
38,junit4,org.junit.runner.FilterFactoriesTest.shouldPassOnDescriptionToFilterFactory,8.0,2.0,0.0,1.0,0.0,1,0.0,0,0.0,0.0,0.0,82.0,10.0,0.0,3.0,21.0,19.0,14.0,346.0,101.0,590.4903162808301,0,0,0,0.0,0.0
38,junit4,org.junit.runner.FilterFactoriesTest.shouldCreateFilter,4.0,2.0,0.0,1.0,0.0,2,0.0,0,0.0,0.0,0.0,82.0,10.0,0.0,3.0,21.0,19.0,14.0,346.0,101.0,590.4903162808301,0,0,0,0.0,0.0
38,junit4,org.junit.runner.FilterFactoriesTest.shouldThrowExceptionIfNotFilterFactory,4.0,2.0,0.0,0.0,0.0,2,0.0,0,0.0,0.0,0.0,82.0,10.0,0.0,3.0,21.0,19.0,14.0,346.0,101.0,590.4903162808301,0,0,0,0.0,0.0
38,junit4,org.junit.runner.FilterFactoriesTest.shouldThrowExceptionIfNotInstantiable,4.0,2.0,0.0,0.0,0.0,2,0.0,0,0.0,0.0,0.0,82.0,10.0,0.0,3.0,21.0,19.0,14.0,346.0,101.0,590.4903162808301,0,0,0,0.0,0.0
38,junit4,org.junit.runner.JUnitCommandLineParseResultTest.shouldStopParsingOptionsUponDoubleHyphenArg,4.0,2.0,0.0,0.0,0.0,1,0.0,0,0.0,0.0,0.0,147.0,39.0,4.0,7.0,32.0,34.0,23.0,792.0,179.0,1194.7464891347822,0,0,0,0.0,0.0
38,junit4,org.junit.runner.JUnitCommandLineParseResultTest.shouldParseFilterArgWithEqualsSyntax,6.0,2.0,0.0,1.0,0.0,2,0.0,0,0.0,0.0,0.0,147.0,39.0,4.0,7.0,32.0,34.0,23.0,792.0,179.0,1194.7464891347822,0,0,0,0.0,0.0
38,junit4,org.junit.runner.JUnitCommandLineParseResultTest.shouldCreateFailureUponBaldFilterOptionNotFollowedByValue,6.0,1.0,0.0,0.0,0.0,2,1.0,0,0.0,0.0,0.0,147.0,39.0,4.0,7.0,32.0,34.0,23.0,792.0,179.0,1194.7464891347822,0,0,0,0.0,0.0
38,junit4,org.junit.runner.JUnitCommandLineParseResultTest.shouldParseFilterArgInWhichValueIsASeparateArg,6.0,2.0,0.0,1.0,0.0,2,0.0,0,0.0,0.0,0.0,147.0,39.0,4.0,7.0,32.0,34.0,23.0,792.0,179.0,1194.7464891347822,0,0,0,0.0,0.0
38,junit4,org.junit.runner.JUnitCommandLineParseResultTest.shouldStopParsingOptionsUponNonOption,4.0,2.0,0.0,0.0,0.0,1,0.0,0,0.0,0.0,0.0,147.0,39.0,4.0,7.0,32.0,34.0,23.0,792.0,179.0,1194.7464891347822,0,0,0,0.0,0.0
38,junit4,org.junit.runner.JUnitCommandLineParseResultTest.shouldCreateFailureUponUnknownOption,7.0,2.0,0.0,0.0,0.0,2,1.0,0,0.0,0.0,0.0,147.0,39.0,4.0,7.0,32.0,34.0,23.0,792.0,179.0,1194.7464891347822,0,0,0,0.0,0.0
38,junit4,org.junit.runner.JUnitCommandLineParseResultTest.shouldCreateFailureUponUncreatedFilter,6.0,2.0,0.0,0.0,0.0,2,1.0,0,0.0,0.0,0.0,147.0,39.0,4.0,7.0,32.0,34.0,23.0,792.0,179.0,1194.7464891347822,0,0,0,0.0,0.0
38,junit4,org.junit.runner.JUnitCommandLineParseResultTest.shouldCreateFailureUponUnfoundFilterFactory,7.0,2.0,0.0,0.0,0.0,2,1.0,0,0.0,0.0,0.0,147.0,39.0,4.0,7.0,32.0,34.0,23.0,792.0,179.0,1194.7464891347822,0,0,0,0.0,0.0
38,junit4,org.junit.runner.JUnitCommandLineParseResultTest.shouldAddToClasses,6.0,1.0,0.0,1.0,0.0,2,0.0,0,0.0,0.0,0.0,147.0,39.0,4.0,7.0,32.0,34.0,23.0,792.0,179.0,1194.7464891347822,0,0,0,0.0,0.0
38,junit4,org.junit.runner.JUnitCommandLineParseResultTest.shouldCreateFailureUponUnknownTestClass,7.0,2.0,0.0,0.0,0.0,2,1.0,0,0.0,0.0,0.0,147.0,39.0,4.0,7.0,32.0,34.0,23.0,792.0,179.0,1194.7464891347822,0,0,0,0.0,0.0
38,junit4,org.junit.runner.JUnitCoreTest.shouldAddFailuresToResult,6.0,1.0,0.16666666666666666,2.0,0.0,1,0.0,0,0.0,0.0,0.0,167.0,72.0,0.0,7.0,33.0,44.0,31.0,810.0,227.0,1520.2267742202919,0,0,0,0.0,0.0
38,junit4,org.junit.runner.OrderWithValidatorTest.noErrorIsAddedForTestWithoutValdationErrors,4.0,1.0,0.0,1.0,0.0,1,0.0,0,0.0,0.0,0.0,38.0,0.0,0.0,6.0,5.0,4.0,3.0,118.0,78.0,372.1134007083219,0,0,1,0.0,0.0
38,junit4,org.junit.runner.OrderWithValidatorTest.errorIsAddedWhenTestAnnotatedWithFixMethodOrder,6.0,1.0,0.16666666666666666,1.0,0.0,1,0.0,0,0.0,0.0,0.0,38.0,0.0,0.0,6.0,5.0,4.0,3.0,118.0,78.0,372.1134007083219,0,0,1,0.0,0.0
38,junit4,org.junit.runner.RequestTest.createsADescriptionWithANameForClasses,7.0,1.0,0.0,0.0,0.0,4,1.0,0,0.0,0.0,0.0,202.0,78.0,0.0,10.0,31.0,23.0,10.0,1030.0,282.0,1956.3225709050782,0,0,0,0.0,0.0
38,junit4,org.junit.runner.RequestTest.reportsInitializationErrorThrownWhileCreatingSuite,7.0,1.0,0.0,0.0,0.0,0,0.0,0,0.0,0.0,0.0,202.0,78.0,0.0,10.0,31.0,23.0,10.0,1030.0,282.0,1956.3225709050782,0,0,0,0.0,0.0
38,junit4,org.junit.runner.notification.RunNotifierTest.notifiesSecondListenerIfFirstThrowsException,7.0,2.0,0.0,0.0,0.0,2,0.0,0,4.0,0.0,0.0,249.0,254.0,21.0,6.0,74.0,62.0,38.0,1388.0,284.0,2054.915836062957,0,0,0,0.0,0.0
38,junit4,org.junit.runner.notification.RunNotifierTest.hasNoProblemsWithFailingListeners,6.0,2.0,0.0,0.0,0.0,2,0.0,0,4.0,0.0,0.0,249.0,254.0,21.0,6.0,74.0,62.0,38.0,1388.0,284.0,2054.915836062957,0,0,0,0.0,0.0
38,junit4,org.junit.runner.notification.RunNotifierTest.addAndRemoveWithNonThreadSafeListener,10.0,2.0,0.2,3.0,0.0,3,0.0,0,4.0,0.0,0.0,249.0,254.0,21.0,6.0,74.0,62.0,38.0,1388.0,284.0,2054.915836062957,0,0,0,0.0,0.0
38,junit4,org.junit.runner.notification.RunNotifierTest.addFirstAndRemoveWithNonThreadSafeListener,10.0,2.0,0.2,3.0,0.0,3,0.0,0,4.0,0.0,0.0,249.0,254.0,21.0,6.0,74.0,62.0,38.0,1388.0,284.0,2054.915836062957,0,0,0,0.0,0.0
38,junit4,org.junit.runner.notification.RunNotifierTest.addAndRemoveWithThreadSafeListener,10.0,2.0,0.2,3.0,0.0,3,0.0,0,4.0,0.0,0.0,249.0,254.0,21.0,6.0,74.0,62.0,38.0,1388.0,284.0,2054.915836062957,0,0,0,0.0,0.0
38,junit4,org.junit.runner.notification.RunNotifierTest.addFirstAndRemoveWithThreadSafeListener,10.0,2.0,0.2,3.0,0.0,3,0.0,0,4.0,0.0,0.0,249.0,254.0,21.0,6.0,74.0,62.0,38.0,1388.0,284.0,2054.915836062957,0,0,0,0.0,0.0
38,junit4,org.junit.runner.notification.RunNotifierTest.wrapIfNotThreadSafeShouldNotWrapThreadSafeListeners,4.0,2.0,0.0,1.0,0.0,1,0.0,0,1.0,0.0,0.0,249.0,254.0,21.0,6.0,74.0,62.0,38.0,1388.0,284.0,2054.915836062957,0,0,0,0.0,0.0
38,junit4,org.junit.runner.notification.RunNotifierTest.wrapIfNotThreadSafeShouldWrapNonThreadSafeListeners,5.0,2.0,0.0,1.0,0.0,1,0.0,0,1.0,0.0,0.0,249.0,254.0,21.0,6.0,74.0,62.0,38.0,1388.0,284.0,2054.915836062957,0,0,0,0.0,0.0
38,junit4,org.junit.runner.notification.SynchronizedRunListenerTest.getAllDeclaredMethods,7.0,3.0,0.0,0.0,0.0,0,0.0,0,1.0,0.0,0.0,134.0,0.0,2.0,2.0,28.0,25.0,12.0,513.0,170.0,1060.8468936790307,0,0,0,0.0,0.0
38,junit4,org.junit.runner.notification.SynchronizedRunListenerTest.overridesAllMethodsInRunListener,5.0,1.0,0.0,1.0,0.0,0,0.0,0,0.0,0.0,0.0,134.0,0.0,2.0,2.0,28.0,25.0,12.0,513.0,170.0,1060.8468936790307,0,0,0,0.0,0.0
38,junit4,org.junit.runner.notification.SynchronizedRunListenerTest.namedListenerCorrectlyImplementsEqualsAndHashCode,16.0,1.0,0.625,11.0,0.0,2,0.0,0,0.0,0.0,0.0,134.0,0.0,2.0,2.0,28.0,25.0,12.0,513.0,170.0,1060.8468936790307,0,0,0,0.0,0.0
38,junit4,org.junit.runner.notification.SynchronizedRunListenerTest.toStringDelegates,5.0,1.0,0.2,0.0,0.0,1,2.0,0,0.0,0.0,0.0,134.0,0.0,2.0,2.0,28.0,25.0,12.0,513.0,170.0,1060.8468936790307,0,0,0,0.0,0.0
38,junit4,org.junit.runner.notification.SynchronizedRunListenerTest.equalsDelegates,10.0,1.0,0.4,5.0,0.0,0,0.0,0,0.0,0.0,0.0,134.0,0.0,2.0,2.0,28.0,25.0,12.0,513.0,170.0,1060.8468936790307,0,0,0,0.0,0.0
38,junit4,org.junit.runner.notification.SynchronizedRunListenerTest.hashCodeDelegates,4.0,1.0,0.0,1.0,0.0,1,0.0,0,0.0,0.0,0.0,134.0,0.0,2.0,2.0,28.0,25.0,12.0,513.0,170.0,1060.8468936790307,0,0,0,0.0,0.0
38,junit4,org.junit.runner.notification.SynchronizedRunListenerTest.wrap,3.0,2.0,0.0,0.0,0.0,0,0.0,0,0.0,0.0,0.0,134.0,0.0,2.0,2.0,28.0,25.0,12.0,513.0,170.0,1060.8468936790307,0,0,0,0.0,0.0
38,junit4,org.junit.runners.BlockJUnit4ClassRunner.BlockJUnit4ClassRunner,7.0,4.0,0.0,0.0,0.0,0,0.0,0,2.0,0.0,0.0,473.0,561.0,16.0,33.0,101.0,134.0,100.0,2217.0,561.0,4321.893627594751,0,0,0,0.0,0.0
38,junit4,org.junit.runners.BlockJUnit4ClassRunner.BlockJUnit4ClassRunner,8.0,4.0,0.0,0.0,0.0,0,0.0,0,2.0,0.0,0.0,473.0,561.0,16.0,33.0,101.0,134.0,100.0,2217.0,561.0,4321.893627594751,0,0,0,0.0,0.0
38,junit4,org.junit.runners.BlockJUnit4ClassRunner.runChild,15.0,4.0,0.0,0.0,0.0,4,0.0,0,5.0,0.0,0.0,473.0,561.0,16.0,33.0,101.0,134.0,100.0,2217.0,561.0,4321.893627594751,0,0,0,0.0,0.0
38,junit4,org.junit.runners.BlockJUnit4ClassRunner.evaluate,3.0,2.0,0.0,0.0,0.0,2,0.0,0,0.0,0.0,0.0,473.0,561.0,16.0,33.0,101.0,134.0,100.0,2217.0,561.0,4321.893627594751,0,0,0,0.0,0.0
38,junit4,org.junit.runners.BlockJUnit4ClassRunner.isIgnored,6.0,2.0,0.0,0.0,0.0,0,0.0,0,0.0,0.0,0.0,473.0,561.0,16.0,33.0,101.0,134.0,100.0,2217.0,561.0,4321.893627594751,0,0,0,0.0,0.0
38,junit4,org.junit.runners.BlockJUnit4ClassRunner.describeChild,8.0,3.0,0.0,0.0,0.0,1,0.0,0,1.0,0.0,0.0,473.0,561.0,16.0,33.0,101.0,134.0,100.0,2217.0,561.0,4321.893627594751,0,0,0,0.0,0.0
38,junit4,org.junit.runners.BlockJUnit4ClassRunner.getChildren,3.0,2.0,0.0,0.0,0.0,0,0.0,0,0.0,0.0,0.0,473.0,561.0,16.0,33.0,101.0,134.0,100.0,2217.0,561.0,4321.893627594751,0,0,0,0.0,0.0
38,junit4,org.junit.runners.BlockJUnit4ClassRunner.computeTestMethods,8.0,2.0,0.0,0.0,0.0,0,0.0,0,0.0,0.0,0.0,473.0,561.0,16.0,33.0,101.0,134.0,100.0,2217.0,561.0,4321.893627594751,0,0,0,0.0,0.0
38,junit4,org.junit.runners.BlockJUnit4ClassRunner.collectInitializationErrors,9.0,1.0,0.0,0.0,0.0,6,0.0,0,0.0,0.0,0.0,473.0,561.0,16.0,33.0,101.0,134.0,100.0,2217.0,561.0,4321.893627594751,0,0,0,0.0,0.0
38,junit4,org.junit.runners.BlockJUnit4ClassRunner.validatePublicConstructor,5.0,2.0,0.0,0.0,0.0,0,0.0,0,1.0,0.0,0.0,473.0,561.0,16.0,33.0,101.0,134.0,100.0,2217.0,561.0,4321.893627594751,0,0,0,0.0,0.0
38,junit4,org.junit.runners.BlockJUnit4ClassRunner.validateNoNonStaticInnerClass,6.0,2.0,0.0,0.0,0.0,0,0.0,0,1.0,0.0,0.0,473.0,561.0,16.0,33.0,101.0,134.0,100.0,2217.0,561.0,4321.893627594751,0,0,0,0.0,0.0
38,junit4,org.junit.runners.BlockJUnit4ClassRunner.validateConstructor,9.0,2.0,0.0,0.0,0.0,2,0.0,0,4.0,0.0,0.0,473.0,561.0,16.0,33.0,101.0,134.0,100.0,2217.0,561.0,4321.893627594751,0,0,0,0.0,0.0
38,junit4,org.junit.runners.BlockJUnit4ClassRunner.validateOnlyOneConstructor,10.0,2.0,0.0,0.0,0.0,1,0.0,0,2.0,0.0,0.0,473.0,561.0,16.0,33.0,101.0,134.0,100.0,2217.0,561.0,4321.893627594751,0,0,0,0.0,0.0
38,junit4,org.junit.runners.BlockJUnit4ClassRunner.validateZeroArgConstructor,10.0,3.0,0.0,0.0,0.0,1,0.0,0,2.0,0.0,0.0,473.0,561.0,16.0,33.0,101.0,134.0,100.0,2217.0,561.0,4321.893627594751,0,0,0,0.0,0.0
38,junit4,org.junit.runners.BlockJUnit4ClassRunner.hasOneConstructor,3.0,2.0,0.0,0.0,0.0,0,0.0,0,0.0,0.0,0.0,473.0,561.0,16.0,33.0,101.0,134.0,100.0,2217.0,561.0,4321.893627594751,0,0,0,0.0,0.0
38,junit4,org.junit.runners.BlockJUnit4ClassRunner.validateInstanceMethods,13.0,3.0,0.0,0.0,0.0,2,0.0,0,4.0,0.0,0.0,473.0,561.0,16.0,33.0,101.0,134.0,100.0,2217.0,561.0,4321.893627594751,0,0,0,0.0,0.0
38,junit4,org.junit.runners.BlockJUnit4ClassRunner.validateFields,3.0,1.0,0.0,0.0,0.0,0,0.0,0,0.0,0.0,0.0,473.0,561.0,16.0,33.0,101.0,134.0,100.0,2217.0,561.0,4321.893627594751,0,0,0,0.0,0.0
38,junit4,org.junit.runners.BlockJUnit4ClassRunner.validateMethods,3.0,1.0,0.0,0.0,0.0,0,0.0,0,0.0,0.0,0.0,473.0,561.0,16.0,33.0,101.0,134.0,100.0,2217.0,561.0,4321.893627594751,0,0,0,0.0,0.0
38,junit4,org.junit.runners.BlockJUnit4ClassRunner.validateTestMethods,7.0,2.0,0.0,0.0,0.0,0,0.0,0,1.0,0.0,0.0,473.0,561.0,16.0,33.0,101.0,134.0,100.0,2217.0,561.0,4321.893627594751,0,0,0,0.0,0.0
38,junit4,org.junit.runners.BlockJUnit4ClassRunner.createTest,8.0,4.0,0.0,0.0,0.0,0,0.0,0,1.0,0.0,0.0,473.0,561.0,16.0,33.0,101.0,134.0,100.0,2217.0,561.0,4321.893627594751,0,0,0,0.0,0.0
38,junit4,org.junit.runners.BlockJUnit4ClassRunner.createTest,8.0,3.0,0.0,0.0,0.0,0,0.0,0,0.0,0.0,0.0,473.0,561.0,16.0,33.0,101.0,134.0,100.0,2217.0,561.0,4321.893627594751,0,0,0,0.0,0.0
38,junit4,org.junit.runners.BlockJUnit4ClassRunner.testName,7.0,3.0,0.0,0.0,0.0,0,0.0,0,1.0,0.0,0.0,473.0,561.0,16.0,33.0,101.0,134.0,100.0,2217.0,561.0,4321.893627594751,0,0,0,0.0,0.0
38,junit4,org.junit.runners.BlockJUnit4ClassRunner.methodBlock,46.0,6.0,0.0,0.0,0.0,8,0.0,0,16.0,0.0,0.0,473.0,561.0,16.0,33.0,101.0,134.0,100.0,2217.0,561.0,4321.893627594751,0,0,0,0.0,0.0
38,junit4,org.junit.runners.BlockJUnit4ClassRunner.runReflectiveCall,3.0,3.0,0.0,0.0,0.0,0,0.0,0,0.0,0.0,0.0,473.0,561.0,16.0,33.0,101.0,134.0,100.0,2217.0,561.0,4321.893627594751,0,0,0,0.0,0.0
38,junit4,org.junit.runners.BlockJUnit4ClassRunner.methodInvoker,6.0,2.0,0.0,0.0,0.0,0,0.0,0,0.0,0.0,0.0,473.0,561.0,16.0,33.0,101.0,134.0,100.0,2217.0,561.0,4321.893627594751,0,0,0,0.0,0.0
38,junit4,org.junit.runners.BlockJUnit4ClassRunner.possiblyExpectingExceptions,10.0,4.0,0.0,0.0,0.0,1,0.0,0,2.0,0.0,0.0,473.0,561.0,16.0,33.0,101.0,134.0,100.0,2217.0,561.0,4321.893627594751,0,0,0,0.0,0.0
38,junit4,org.junit.runners.BlockJUnit4ClassRunner.withPotentialTimeout,12.0,4.0,0.0,0.0,0.0,1,0.0,0,4.0,0.0,0.0,473.0,561.0,16.0,33.0,101.0,134.0,100.0,2217.0,561.0,4321.893627594751,0,0,0,0.0,0.0
38,junit4,org.junit.runners.BlockJUnit4ClassRunner.withBefores,8.0,5.0,0.0,0.0,0.0,0,0.0,0,9.0,0.0,0.0,473.0,561.0,16.0,33.0,101.0,134.0,100.0,2217.0,561.0,4321.893627594751,0,0,0,0.0,0.0
38,junit4,org.junit.runners.BlockJUnit4ClassRunner.withAfters,9.0,5.0,0.0,0.0,0.0,0,0.0,0,2.0,0.0,0.0,473.0,561.0,16.0,33.0,101.0,134.0,100.0,2217.0,561.0,4321.893627594751,0,0,0,0.0,0.0
38,junit4,org.junit.runners.BlockJUnit4ClassRunner.withRules,19.0,5.0,0.0,0.0,0.0,3,0.0,0,3.0,0.0,0.0,473.0,561.0,16.0,33.0,101.0,134.0,100.0,2217.0,561.0,4321.893627594751,0,0,0,0.0,0.0
38,junit4,org.junit.runners.BlockJUnit4ClassRunner.rules,11.0,3.0,0.0,0.0,0.0,0,0.0,0,0.0,0.0,0.0,473.0,561.0,16.0,33.0,101.0,134.0,100.0,2217.0,561.0,4321.893627594751,0,0,0,0.0,0.0
38,junit4,org.junit.runners.BlockJUnit4ClassRunner.getTestRules,11.0,3.0,0.0,0.0,0.0,0,0.0,0,0.0,0.0,0.0,473.0,561.0,16.0,33.0,101.0,134.0,100.0,2217.0,561.0,4321.893627594751,0,0,0,0.0,0.0
38,junit4,org.junit.runners.BlockJUnit4ClassRunner.getExpectedException,8.0,4.0,0.0,0.0,0.0,0,0.0,0,1.0,0.0,0.0,473.0,561.0,16.0,33.0,101.0,134.0,100.0,2217.0,561.0,4321.893627594751,0,0,0,0.0,0.0
38,junit4,org.junit.runners.BlockJUnit4ClassRunner.getTimeout,6.0,3.0,0.0,0.0,0.0,0,0.0,0,1.0,0.0,0.0,473.0,561.0,16.0,33.0,101.0,134.0,100.0,2217.0,561.0,4321.893627594751,0,0,0,0.0,0.0
38,junit4,org.junit.runners.Parameterized.Parameterized,6.0,2.0,0.0,0.0,0.0,0,0.0,0,0.0,0.0,0.0,504.0,6.0,0.0,24.0,13.0,17.0,13.0,2166.0,519.0,3986.2508249041257,0,0,0,0.0,0.0
38,junit4,org.junit.runners.Parameterized.Parameterized,4.0,3.0,0.0,0.0,0.0,1,0.0,0,1.0,0.0,0.0,504.0,6.0,0.0,24.0,13.0,17.0,13.0,2166.0,519.0,3986.2508249041257,0,0,0,0.0,0.0
38,junit4,org.junit.runners.Parameterized.validateBeforeParamAndAfterParamMethods,8.0,4.0,0.125,0.0,0.0,1,0.0,0,3.0,0.0,0.0,504.0,6.0,0.0,24.0,13.0,17.0,13.0,2166.0,519.0,3986.2508249041257,0,0,0,0.0,0.0
38,junit4,org.junit.runners.Parameterized.validatePublicStaticVoidMethods,12.0,4.0,0.0,0.0,0.0,0,0.0,0,3.0,0.0,0.0,504.0,6.0,0.0,24.0,13.0,17.0,13.0,2166.0,519.0,3986.2508249041257,0,0,0,0.0,0.0
38,junit4,org.junit.runners.ParentRunner.schedule,3.0,1.0,0.0,0.0,0.0,0,0.0,0,0.0,0.0,0.0,582.0,716.0,9.0,47.0,117.0,158.0,117.0,2756.0,599.0,4744.999843647996,0,0,0,0.0,0.0
38,junit4,org.junit.runners.ParentRunner.finished,2.0,1.0,0.0,0.0,0.0,0,0.0,0,0.0,0.0,0.0,582.0,716.0,9.0,47.0,117.0,158.0,117.0,2756.0,599.0,4744.999843647996,0,0,0,0.0,0.0
38,junit4,org.junit.runners.ParentRunner.ParentRunner,7.0,2.0,0.0,0.0,0.0,2,0.0,0,0.0,0.0,0.0,582.0,716.0,9.0,47.0,117.0,158.0,117.0,2756.0,599.0,4744.999843647996,0,0,0,0.0,0.0
38,junit4,org.junit.runners.ParentRunner.ParentRunner,8.0,2.0,0.0,0.0,0.0,1,0.0,0,0.0,0.0,0.0,582.0,716.0,9.0,47.0,117.0,158.0,117.0,2756.0,599.0,4744.999843647996,0,0,0,0.0,0.0
38,junit4,org.junit.runners.ParentRunner.createTestClass,7.0,2.0,0.0,0.0,0.0,0,0.0,0,0.0,0.0,0.0,582.0,716.0,9.0,47.0,117.0,158.0,117.0,2756.0,599.0,4744.999843647996,0,0,0,0.0,0.0
38,junit4,org.junit.runners.ParentRunner.getChildren,4.0,1.0,0.0,0.0,0.0,0,0.0,0,0.0,0.0,0.0,582.0,716.0,9.0,47.0,117.0,158.0,117.0,2756.0,599.0,4744.999843647996,0,0,0,0.0,0.0
38,junit4,org.junit.runners.ParentRunner.describeChild,5.0,3.0,0.0,0.0,0.0,0,0.0,0,1.0,0.0,0.0,582.0,716.0,9.0,47.0,117.0,158.0,117.0,2756.0,599.0,4744.999843647996,0,0,0,0.0,0.0
38,junit4,org.junit.runners.ParentRunner.runChild,7.0,4.0,0.0,0.0,0.0,0,0.0,0,4.0,0.0,0.0,582.0,716.0,9.0,47.0,117.0,158.0,117.0,2756.0,599.0,4744.999843647996,0,0,0,0.0,0.0
38,junit4,org.junit.runners.ParentRunner.collectInitializationErrors,10.0,3.0,0.0,0.0,0.0,3,0.0,0,4.0,0.0,0.0,582.0,716.0,9.0,47.0,117.0,158.0,117.0,2756.0,599.0,4744.999843647996,0,0,0,0.0,0.0
38,junit4,org.junit.runners.ParentRunner.applyValidators,7.0,3.0,0.0,0.0,0.0,1,0.0,0,2.0,0.0,0.0,582.0,716.0,9.0,47.0,117.0,158.0,117.0,2756.0,599.0,4744.999843647996,0,0,0,0.0,0.0
38,junit4,org.junit.runners.ParentRunner.validatePublicVoidNoArgMethods,16.0,4.0,0.0,0.0,0.0,1,0.0,0,2.0,0.0,0.0,582.0,716.0,9.0,47.0,117.0,158.0,117.0,2756.0,599.0,4744.999843647996,0,0,0,0.0,0.0
38,junit4,org.junit.runners.ParentRunner.validateClassRules,4.0,1.0,0.0,0.0,0.0,2,0.0,0,0.0,0.0,0.0,582.0,716.0,9.0,47.0,117.0,158.0,117.0,2756.0,599.0,4744.999843647996,0,0,0,0.0,0.0
38,junit4,org.junit.runners.ParentRunner.classBlock,32.0,5.0,0.0,0.0,0.0,6,0.0,0,8.0,0.0,0.0,582.0,716.0,9.0,47.0,117.0,158.0,117.0,2756.0,599.0,4744.999843647996,0,0,0,0.0,0.0
38,junit4,org.junit.runners.ParentRunner.areAllChildrenIgnored,8.0,4.0,0.0,0.0,0.0,2,0.0,0,2.0,0.0,0.0,582.0,716.0,9.0,47.0,117.0,158.0,117.0,2756.0,599.0,4744.999843647996,0,0,0,0.0,0.0
38,junit4,org.junit.runners.ParentRunner.withBeforeClasses,9.0,5.0,0.0,0.0,0.0,0,0.0,0,9.0,0.0,0.0,582.0,716.0,9.0,47.0,117.0,158.0,117.0,2756.0,599.0,4744.999843647996,0,0,0,0.0,0.0
38,junit4,org.junit.runners.ParentRunner.withAfterClasses,10.0,4.0,0.0,0.0,0.0,0,0.0,0,1.0,0.0,0.0,582.0,716.0,9.0,47.0,117.0,158.0,117.0,2756.0,599.0,4744.999843647996,0,0,0,0.0,0.0
38,junit4,org.junit.runners.ParentRunner.withClassRules,11.0,3.0,0.0,0.0,0.0,2,0.0,0,1.0,0.0,0.0,582.0,716.0,9.0,47.0,117.0,158.0,117.0,2756.0,599.0,4744.999843647996,0,0,0,0.0,0.0
38,junit4,org.junit.runners.ParentRunner.classRules,10.0,3.0,0.0,0.0,0.0,0,0.0,0,1.0,0.0,0.0,582.0,716.0,9.0,47.0,117.0,158.0,117.0,2756.0,599.0,4744.999843647996,0,0,0,0.0,0.0
38,junit4,org.junit.runners.ParentRunner.childrenInvoker,12.0,3.0,0.0,0.0,0.0,0,0.0,0,4.0,0.0,0.0,582.0,716.0,9.0,47.0,117.0,158.0,117.0,2756.0,599.0,4744.999843647996,0,0,0,0.0,0.0
38,junit4,org.junit.runners.ParentRunner.evaluate,3.0,2.0,0.0,0.0,0.0,0,0.0,0,1.0,0.0,0.0,582.0,716.0,9.0,47.0,117.0,158.0,117.0,2756.0,599.0,4744.999843647996,0,0,0,0.0,0.0
38,junit4,org.junit.runners.ParentRunner.withInterruptIsolation,16.0,3.0,0.0,0.0,0.0,2,0.0,0,0.0,0.0,0.0,582.0,716.0,9.0,47.0,117.0,158.0,117.0,2756.0,599.0,4744.999843647996,0,0,0,0.0,0.0
38,junit4,org.junit.runners.ParentRunner.evaluate,8.0,2.0,0.0,0.0,0.0,2,0.0,0,0.0,0.0,0.0,582.0,716.0,9.0,47.0,117.0,158.0,117.0,2756.0,599.0,4744.999843647996,0,0,0,0.0,0.0
38,junit4,org.junit.runners.ParentRunner.isIgnored,9.0,3.0,0.0,0.0,0.0,0,0.0,0,1.0,0.0,0.0,582.0,716.0,9.0,47.0,117.0,158.0,117.0,2756.0,599.0,4744.999843647996,0,0,0,0.0,0.0
38,junit4,org.junit.runners.ParentRunner.runChildren,16.0,3.0,0.0,0.0,0.0,4,0.0,0,4.0,0.0,0.0,582.0,716.0,9.0,47.0,117.0,158.0,117.0,2756.0,599.0,4744.999843647996,0,0,0,0.0,0.0
38,junit4,org.junit.runners.ParentRunner.run,3.0,2.0,0.0,0.0,0.0,0,0.0,0,1.0,0.0,0.0,582.0,716.0,9.0,47.0,117.0,158.0,117.0,2756.0,599.0,4744.999843647996,0,0,0,0.0,0.0
38,junit4,org.junit.runners.ParentRunner.getName,6.0,2.0,0.0,0.0,0.0,0,0.0,0,0.0,0.0,0.0,582.0,716.0,9.0,47.0,117.0,158.0,117.0,2756.0,599.0,4744.999843647996,0,0,0,0.0,0.0
38,junit4,org.junit.runners.ParentRunner.getTestClass,6.0,2.0,0.0,0.0,0.0,0,0.0,0,0.0,0.0,0.0,582.0,716.0,9.0,47.0,117.0,158.0,117.0,2756.0,599.0,4744.999843647996,0,0,0,0.0,0.0
38,junit4,org.junit.runners.ParentRunner.runLeaf,19.0,3.0,0.0,0.0,0.0,2,0.0,0,10.0,0.0,0.0,582.0,716.0,9.0,47.0,117.0,158.0,117.0,2756.0,599.0,4744.999843647996,0,0,0,0.0,0.0
38,junit4,org.junit.runners.ParentRunner.getRunnerAnnotations,7.0,2.0,0.0,0.0,0.0,0,0.0,0,0.0,0.0,0.0,582.0,716.0,9.0,47.0,117.0,158.0,117.0,2756.0,599.0,4744.999843647996,0,0,0,0.0,0.0
38,junit4,org.junit.runners.ParentRunner.getDescription,14.0,5.0,0.0,0.0,0.0,5,0.0,0,2.0,0.0,0.0,582.0,716.0,9.0,47.0,117.0,158.0,117.0,2756.0,599.0,4744.999843647996,0,0,0,0.0,0.0
38,junit4,org.junit.runners.ParentRunner.run,20.0,4.0,0.0,0.0,0.0,4,0.0,0,11.0,0.0,0.0,582.0,716.0,9.0,47.0,117.0,158.0,117.0,2756.0,599.0,4744.999843647996,0,0,0,0.0,0.0
38,junit4,org.junit.runners.ParentRunner.filter,27.0,6.0,0.0,0.0,0.0,2,0.0,0,4.0,0.0,0.0,582.0,716.0,9.0,47.0,117.0,158.0,117.0,2756.0,599.0,4744.999843647996,0,0,0,0.0,0.0
38,junit4,org.junit.runners.ParentRunner.sort,17.0,4.0,0.0,0.0,0.0,4,0.0,0,3.0,0.0,0.0,582.0,716.0,9.0,47.0,117.0,158.0,117.0,2756.0,599.0,4744.999843647996,0,0,0,0.0,0.0
38,junit4,org.junit.runners.ParentRunner.order,33.0,5.0,0.0,0.0,0.0,4,0.0,0,5.0,0.0,0.0,582.0,716.0,9.0,47.0,117.0,158.0,117.0,2756.0,599.0,4744.999843647996,0,0,0,0.0,0.0
38,junit4,org.junit.runners.ParentRunner.shouldNotReorder,3.0,2.0,0.0,0.0,0.0,1,0.0,0,0.0,0.0,0.0,582.0,716.0,9.0,47.0,117.0,158.0,117.0,2756.0,599.0,4744.999843647996,0,0,0,0.0,0.0
38,junit4,org.junit.runners.ParentRunner.validate,7.0,3.0,0.0,0.0,0.0,1,0.0,0,1.0,0.0,0.0,582.0,716.0,9.0,47.0,117.0,158.0,117.0,2756.0,599.0,4744.999843647996,0,0,0,0.0,0.0
38,junit4,org.junit.runners.ParentRunner.getFilteredChildren,14.0,3.0,0.0,0.0,0.0,1,0.0,0,3.0,0.0,0.0,582.0,716.0,9.0,47.0,117.0,158.0,117.0,2756.0,599.0,4744.999843647996,0,0,0,0.0,0.0
38,junit4,org.junit.runners.ParentRunner.shouldRun,3.0,2.0,0.0,0.0,0.0,2,0.0,0,0.0,0.0,0.0,582.0,716.0,9.0,47.0,117.0,158.0,117.0,2756.0,599.0,4744.999843647996,0,0,0,0.0,0.0
38,junit4,org.junit.runners.ParentRunner.comparator,8.0,2.0,0.0,0.0,0.0,2,0.0,0,0.0,0.0,0.0,582.0,716.0,9.0,47.0,117.0,158.0,117.0,2756.0,599.0,4744.999843647996,0,0,0,0.0,0.0
38,junit4,org.junit.runners.ParentRunner.compare,3.0,2.0,0.0,0.0,0.0,2,0.0,0,0.0,0.0,0.0,582.0,716.0,9.0,47.0,117.0,158.0,117.0,2756.0,599.0,4744.999843647996,0,0,0,0.0,0.0
38,junit4,org.junit.runners.ParentRunner.setScheduler,7.0,1.0,0.0,0.0,0.0,0,0.0,0,0.0,0.0,0.0,582.0,716.0,9.0,47.0,117.0,158.0,117.0,2756.0,599.0,4744.999843647996,0,0,0,0.0,0.0
38,junit4,org.junit.runners.RuleContainerTest.methodRulesOnly,7.0,1.0,0.14285714285714285,0.0,0.0,4,2.0,0,0.0,0.0,0.0,113.0,16.0,2.0,11.0,21.0,21.0,13.0,530.0,161.0,1009.933198053933,0,0,0,0.0,0.0
38,junit4,org.junit.runners.RuleContainerTest.testRuleAroundMethodRule,5.0,1.0,0.0,0.0,0.0,3,1.0,0,0.0,0.0,0.0,113.0,16.0,2.0,11.0,21.0,21.0,13.0,530.0,161.0,1009.933198053933,0,0,0,0.0,0.0
38,junit4,org.junit.runners.RuleContainerTest.ordering1,6.0,1.0,0.0,0.0,0.0,4,1.0,0,0.0,0.0,0.0,113.0,16.0,2.0,11.0,21.0,21.0,13.0,530.0,161.0,1009.933198053933,0,0,0,0.0,0.0
38,junit4,org.junit.runners.RuleContainerTest.ordering2,9.0,1.0,0.1111111111111111,0.0,0.0,4,2.0,0,0.0,0.0,0.0,113.0,16.0,2.0,11.0,21.0,21.0,13.0,530.0,161.0,1009.933198053933,0,0,0,0.0,0.0
38,junit4,org.junit.runners.RuleContainerTest.apply,3.0,2.0,0.0,0.0,0.0,0,0.0,0,0.0,0.0,0.0,113.0,16.0,2.0,11.0,21.0,21.0,13.0,530.0,161.0,1009.933198053933,0,0,0,0.0,0.0
38,junit4,org.junit.runners.RuleContainerTest.apply,3.0,2.0,0.0,0.0,0.0,0,0.0,0,0.0,0.0,0.0,113.0,16.0,2.0,11.0,21.0,21.0,13.0,530.0,161.0,1009.933198053933,0,0,0,0.0,0.0
38,junit4,org.junit.runners.model.FrameworkMethod.FrameworkMethod,16.0,5.0,0.0,0.0,0.0,0,0.0,0,3.0,0.0,0.0,216.0,0.0,0.0,6.0,56.0,55.0,34.0,931.0,273.0,1866.2987826966394,0,0,0,0.0,0.0
38,junit4,org.junit.runners.model.FrameworkMethod.getMethod,6.0,2.0,0.0,0.0,0.0,0,0.0,0,0.0,0.0,0.0,216.0,0.0,0.0,6.0,56.0,55.0,34.0,931.0,273.0,1866.2987826966394,0,0,0,0.0,0.0
38,junit4,org.junit.runners.model.FrameworkMethod.invokeExplosively,13.0,3.0,0.0,0.0,0.0,0,0.0,0,0.0,0.0,0.0,216.0,0.0,0.0,6.0,56.0,55.0,34.0,931.0,273.0,1866.2987826966394,0,0,0,0.0,0.0
38,junit4,org.junit.runners.model.FrameworkMethod.runReflectiveCall,3.0,3.0,0.0,0.0,0.0,0,0.0,0,0.0,0.0,0.0,216.0,0.0,0.0,6.0,56.0,55.0,34.0,931.0,273.0,1866.2987826966394,0,0,0,0.0,0.0
38,junit4,org.junit.runners.model.FrameworkMethod.getName,6.0,2.0,0.0,0.0,0.0,0,0.0,0,0.0,0.0,0.0,216.0,0.0,0.0,6.0,56.0,55.0,34.0,931.0,273.0,1866.2987826966394,0,0,0,0.0,0.0
38,junit4,org.junit.runners.model.FrameworkMethod.validatePublicVoidNoArg,16.0,3.0,0.0,0.0,0.0,3,0.0,0,2.0,0.0,0.0,216.0,0.0,0.0,6.0,56.0,55.0,34.0,931.0,273.0,1866.2987826966394,0,0,0,0.0,0.0
38,junit4,org.junit.runners.model.FrameworkMethod.validatePublicVoid,21.0,3.0,0.0,0.0,0.0,2,0.0,0,4.0,0.0,0.0,216.0,0.0,0.0,6.0,56.0,55.0,34.0,931.0,273.0,1866.2987826966394,0,0,0,0.0,0.0
38,junit4,org.junit.runners.model.FrameworkMethod.getModifiers,3.0,3.0,0.0,0.0,0.0,0,0.0,0,2.0,0.0,0.0,216.0,0.0,0.0,6.0,56.0,55.0,34.0,931.0,273.0,1866.2987826966394,0,0,0,0.0,0.0
38,junit4,org.junit.runners.model.FrameworkMethod.getReturnType,6.0,2.0,0.0,0.0,0.0,0,0.0,0,0.0,0.0,0.0,216.0,0.0,0.0,6.0,56.0,55.0,34.0,931.0,273.0,1866.2987826966394,0,0,0,0.0,0.0
38,junit4,org.junit.runners.model.FrameworkMethod.getType,6.0,2.0,0.0,0.0,0.0,0,0.0,0,0.0,0.0,0.0,216.0,0.0,0.0,6.0,56.0,55.0,34.0,931.0,273.0,1866.2987826966394,0,0,0,0.0,0.0
38,junit4,org.junit.runners.model.FrameworkMethod.getDeclaringClass,6.0,2.0,0.0,0.0,0.0,0,0.0,0,0.0,0.0,0.0,216.0,0.0,0.0,6.0,56.0,55.0,34.0,931.0,273.0,1866.2987826966394,0,0,0,0.0,0.0
38,junit4,org.junit.runners.model.FrameworkMethod.validateNoTypeParametersOnArgs,3.0,1.0,0.0,0.0,0.0,0,0.0,0,0.0,0.0,0.0,216.0,0.0,0.0,6.0,56.0,55.0,34.0,931.0,273.0,1866.2987826966394,0,0,0,0.0,0.0
38,junit4,org.junit.runners.model.FrameworkMethod.isShadowedBy,14.0,4.0,0.0,0.0,0.0,3,0.0,0,4.0,0.0,0.0,216.0,0.0,0.0,6.0,56.0,55.0,34.0,931.0,273.0,1866.2987826966394,0,0,0,0.0,0.0
38,junit4,org.junit.runners.model.FrameworkMethod.isBridgeMethod,3.0,2.0,0.0,0.0,0.0,0,0.0,0,0.0,0.0,0.0,216.0,0.0,0.0,6.0,56.0,55.0,34.0,931.0,273.0,1866.2987826966394,0,0,0,0.0,0.0
38,junit4,org.junit.runners.model.FrameworkMethod.equals,6.0,3.0,0.0,0.0,0.0,1,0.0,0,1.0,0.0,0.0,216.0,0.0,0.0,6.0,56.0,55.0,34.0,931.0,273.0,1866.2987826966394,0,0,0,0.0,0.0
38,junit4,org.junit.runners.model.FrameworkMethod.hashCode,3.0,2.0,0.0,0.0,0.0,0,0.0,0,0.0,0.0,0.0,216.0,0.0,0.0,6.0,56.0,55.0,34.0,931.0,273.0,1866.2987826966394,0,0,0,0.0,0.0
38,junit4,org.junit.runners.model.FrameworkMethod.producesType,11.0,5.0,0.0,0.0,0.0,2,0.0,0,2.0,0.0,0.0,216.0,0.0,0.0,6.0,56.0,55.0,34.0,931.0,273.0,1866.2987826966394,0,0,0,0.0,0.0
38,junit4,org.junit.runners.model.FrameworkMethod.getParameterTypes,3.0,2.0,0.0,0.0,0.0,0,0.0,0,0.0,0.0,0.0,216.0,0.0,0.0,6.0,56.0,55.0,34.0,931.0,273.0,1866.2987826966394,0,0,0,0.0,0.0
38,junit4,org.junit.runners.model.FrameworkMethod.getAnnotations,6.0,2.0,0.0,0.0,0.0,0,0.0,0,0.0,0.0,0.0,216.0,0.0,0.0,6.0,56.0,55.0,34.0,931.0,273.0,1866.2987826966394,0,0,0,0.0,0.0
38,junit4,org.junit.runners.model.FrameworkMethod.getAnnotation,7.0,3.0,0.0,0.0,0.0,0,0.0,0,1.0,0.0,0.0,216.0,0.0,0.0,6.0,56.0,55.0,34.0,931.0,273.0,1866.2987826966394,0,0,0,0.0,0.0
38,junit4,org.junit.runners.model.FrameworkMethod.toString,3.0,2.0,0.0,0.0,0.0,0,0.0,0,0.0,0.0,0.0,216.0,0.0,0.0,6.0,56.0,55.0,34.0,931.0,273.0,1866.2987826966394,0,0,0,0.0,0.0
38,junit4,org.junit.runners.model.FrameworkFieldTest.cannotBeCreatedWithoutUnderlyingField,5.0,2.0,0.0,0.0,0.0,0,0.0,0,0.0,0.0,0.0,99.0,0.0,0.0,3.0,29.0,25.0,13.0,328.0,127.0,735.7127282647863,0,0,0,0.0,0.0
38,junit4,org.junit.runners.model.FrameworkFieldTest.hasToStringWhichPrintsFieldName,5.0,2.0,0.0,0.0,0.0,2,1.0,0,0.0,0.0,0.0,99.0,0.0,0.0,3.0,29.0,25.0,13.0,328.0,127.0,735.7127282647863,0,0,0,0.0,0.0
38,junit4,org.junit.runners.model.FrameworkFieldTest.presentAnnotationIsAvailable,6.0,2.0,0.0,1.0,0.0,2,0.0,0,0.0,0.0,0.0,99.0,0.0,0.0,3.0,29.0,25.0,13.0,328.0,127.0,735.7127282647863,0,0,0,0.0,0.0
38,junit4,org.junit.runners.model.FrameworkFieldTest.missingAnnotationIsNotAvailable,6.0,2.0,0.0,1.0,0.0,2,0.0,0,0.0,0.0,0.0,99.0,0.0,0.0,3.0,29.0,25.0,13.0,328.0,127.0,735.7127282647863,0,0,0,0.0,0.0
38,junit4,org.junit.runners.model.FrameworkMethodTest.cannotBeCreatedWithoutUnderlyingField,5.0,2.0,0.0,0.0,0.0,0,0.0,0,0.0,0.0,0.0,216.0,0.0,0.0,6.0,56.0,55.0,34.0,931.0,273.0,1866.2987826966394,0,0,0,0.0,0.0
38,junit4,org.junit.runners.model.FrameworkMethodTest.hasToStringWhichPrintsMethodName,5.0,2.0,0.0,0.0,0.0,2,1.0,0,0.0,0.0,0.0,216.0,0.0,0.0,6.0,56.0,55.0,34.0,931.0,273.0,1866.2987826966394,0,0,0,0.0,0.0
38,junit4,org.junit.runners.model.FrameworkMethodTest.presentAnnotationIsAvailable,6.0,2.0,0.0,1.0,0.0,2,0.0,0,0.0,0.0,0.0,216.0,0.0,0.0,6.0,56.0,55.0,34.0,931.0,273.0,1866.2987826966394,0,0,0,0.0,0.0
38,junit4,org.junit.runners.model.FrameworkMethodTest.missingAnnotationIsNotAvailable,6.0,2.0,0.0,1.0,0.0,2,0.0,0,0.0,0.0,0.0,216.0,0.0,0.0,6.0,56.0,55.0,34.0,931.0,273.0,1866.2987826966394,0,0,0,0.0,0.0
38,junit4,org.junit.runners.parameterized.BlockJUnit4ClassRunnerWithParametersTest.hasAllAnnotationsExceptRunWith,7.0,2.0,0.14285714285714285,2.0,0.0,1,0.0,0,0.0,0.0,0.0,219.0,85.0,6.0,14.0,46.0,67.0,52.0,477.0,262.0,1615.8893206127455,0,0,0,0.0,0.0
38,junit4,org.junit.runners.parameterized.BlockJUnit4ClassRunnerWithParametersTest.providesHelpfulMessageIfParameterFieldCannotBeSet,8.0,2.0,0.0,0.0,0.0,1,0.0,0,0.0,0.0,0.0,219.0,85.0,6.0,14.0,46.0,67.0,52.0,477.0,262.0,1615.8893206127455,0,0,0,0.0,0.0
38,junit4,org.junit.validator.AnnotationsValidatorTest.validatorIsCalledForAClass,3.0,1.0,0.0,1.0,0.0,0,0.0,0,0.0,0.0,0.0,120.0,0.0,0.0,9.0,4.0,3.0,2.0,537.0,130.0,817.1797522861524,0,0,1,0.0,0.0
38,junit4,org.junit.validator.AnnotationsValidatorTest.validatorIsCalledForAMethod,3.0,1.0,0.0,1.0,0.0,0,0.0,0,0.0,0.0,0.0,120.0,0.0,0.0,9.0,4.0,3.0,2.0,537.0,130.0,817.1797522861524,0,0,1,0.0,0.0
38,junit4,org.junit.validator.AnnotationsValidatorTest.validatorIsCalledForAField,3.0,1.0,0.0,1.0,0.0,0,0.0,0,0.0,0.0,0.0,120.0,0.0,0.0,9.0,4.0,3.0,2.0,537.0,130.0,817.1797522861524,0,0,1,0.0,0.0
38,junit4,org.junit.validator.AnnotationsValidatorTest.assertClassHasFailureMessage,6.0,1.0,0.3333333333333333,2.0,0.0,1,0.0,0,0.0,0.0,0.0,120.0,0.0,0.0,9.0,4.0,3.0,2.0,537.0,130.0,817.1797522861524,0,0,1,0.0,0.0
38,junit4,org.junit.validator.AnnotationValidatorFactoryTest.createAnnotationValidator,5.0,1.0,0.0,1.0,0.0,1,0.0,0,0.0,0.0,0.0,39.0,0.0,0.0,1.0,5.0,6.0,5.0,147.0,70.0,349.3302810745115,0,0,1,0.0,0.0
38,junit4,org.junit.validator.AnnotationValidatorFactoryTest.exceptionWhenAnnotationValidatorCantBeCreated,6.0,1.0,0.0,0.0,0.0,1,0.0,0,0.0,0.0,0.0,39.0,0.0,0.0,1.0,5.0,6.0,5.0,147.0,70.0,349.3302810745115,0,0,1,0.0,0.0
38,junit4,org.junit.validator.PublicClassValidatorTest.acceptsPublicClass,5.0,1.0,0.0,1.0,0.0,1,0.0,0,0.0,0.0,0.0,33.0,0.0,0.0,4.0,4.0,4.0,3.0,115.0,58.0,275.20606344506854,0,0,1,0.0,0.0
38,junit4,org.junit.validator.PublicClassValidatorTest.rejectsNonPublicClass,5.0,1.0,0.0,0.0,0.0,1,0.0,0,0.0,0.0,0.0,33.0,0.0,0.0,4.0,4.0,4.0,3.0,115.0,58.0,275.20606344506854,0,0,1,0.0,0.0
38,junit4,junit.samples.money.MoneyTest.main,3.0,1.0,0.0,0.0,0.0,0,0.0,0,0.0,0.0,0.0,92.0,81.0,11.0,0.0,30.0,35.0,21.0,356.0,102.0,599.2429345469071,0,0,0,0.0,0.0
38,junit4,junit.samples.money.MoneyTest.setUp,8.0,1.0,0.0,0.0,0.0,0,0.0,0,0.0,0.0,0.0,92.0,81.0,11.0,0.0,30.0,35.0,21.0,356.0,102.0,599.2429345469071,0,0,0,0.0,0.0
38,junit4,junit.samples.money.MoneyTest.testBagMultiply,6.0,1.0,0.3333333333333333,3.0,0.0,2,0.0,0,0.0,0.0,0.0,92.0,81.0,11.0,0.0,30.0,35.0,21.0,356.0,102.0,599.2429345469071,0,0,0,0.0,0.0
38,junit4,junit.samples.money.MoneyTest.testBagNegate,4.0,1.0,0.0,1.0,0.0,1,0.0,0,0.0,0.0,0.0,92.0,81.0,11.0,0.0,30.0,35.0,21.0,356.0,102.0,599.2429345469071,0,0,0,0.0,0.0
38,junit4,junit.samples.money.MoneyTest.testBagSimpleAdd,4.0,1.0,0.0,1.0,0.0,1,0.0,0,0.0,0.0,0.0,92.0,81.0,11.0,0.0,30.0,35.0,21.0,356.0,102.0,599.2429345469071,0,0,0,0.0,0.0
38,junit4,junit.samples.money.MoneyTest.testBagSubtract,4.0,1.0,0.0,1.0,0.0,1,0.0,0,0.0,0.0,0.0,92.0,81.0,11.0,0.0,30.0,35.0,21.0,356.0,102.0,599.2429345469071,0,0,0,0.0,0.0
38,junit4,junit.samples.money.MoneyTest.testBagSumAdd,4.0,1.0,0.0,1.0,0.0,1,0.0,0,0.0,0.0,0.0,92.0,81.0,11.0,0.0,30.0,35.0,21.0,356.0,102.0,599.2429345469071,0,0,0,0.0,0.0
38,junit4,junit.samples.money.MoneyTest.testIsZero,4.0,1.0,0.25,1.0,0.0,2,0.0,0,0.0,0.0,0.0,92.0,81.0,11.0,0.0,30.0,35.0,21.0,356.0,102.0,599.2429345469071,0,0,0,0.0,0.0
38,junit4,junit.samples.money.MoneyTest.testMixedSimpleAdd,4.0,1.0,0.0,1.0,0.0,1,0.0,0,0.0,0.0,0.0,92.0,81.0,11.0,0.0,30.0,35.0,21.0,356.0,102.0,599.2429345469071,0,0,0,0.0,0.0
38,junit4,junit.samples.money.MoneyTest.testBagNotEquals,4.0,1.0,0.0,0.0,0.0,2,0.0,0,0.0,0.0,0.0,92.0,81.0,11.0,0.0,30.0,35.0,21.0,356.0,102.0,599.2429345469071,0,0,0,0.0,0.0
38,junit4,junit.samples.money.MoneyTest.testMoneyBagEquals,9.0,1.0,0.5555555555555556,6.0,0.0,1,0.0,0,0.0,0.0,0.0,92.0,81.0,11.0,0.0,30.0,35.0,21.0,356.0,102.0,599.2429345469071,0,0,0,0.0,0.0
38,junit4,junit.samples.money.MoneyTest.testMoneyBagHash,4.0,1.0,0.0,1.0,0.0,1,0.0,0,0.0,0.0,0.0,92.0,81.0,11.0,0.0,30.0,35.0,21.0,356.0,102.0,599.2429345469071,0,0,0,0.0,0.0
38,junit4,junit.samples.money.MoneyTest.testMoneyEquals,8.0,1.0,0.5,5.0,0.0,2,0.0,0,0.0,0.0,0.0,92.0,81.0,11.0,0.0,30.0,35.0,21.0,356.0,102.0,599.2429345469071,0,0,0,0.0,0.0
38,junit4,junit.samples.money.MoneyTest.testMoneyHash,5.0,1.0,0.2,2.0,0.0,2,0.0,0,0.0,0.0,0.0,92.0,81.0,11.0,0.0,30.0,35.0,21.0,356.0,102.0,599.2429345469071,0,0,0,0.0,0.0
38,junit4,junit.samples.money.MoneyTest.testSimplify,4.0,2.0,0.0,0.0,0.0,0,0.0,0,1.0,0.0,0.0,92.0,81.0,11.0,0.0,30.0,35.0,21.0,356.0,102.0,599.2429345469071,0,0,0,0.0,0.0
38,junit4,junit.samples.money.MoneyTest.testNormalize2,4.0,1.0,0.0,1.0,0.0,1,0.0,0,0.0,0.0,0.0,92.0,81.0,11.0,0.0,30.0,35.0,21.0,356.0,102.0,599.2429345469071,0,0,0,0.0,0.0
38,junit4,junit.samples.money.MoneyTest.testNormalize3,5.0,1.0,0.0,1.0,0.0,1,0.0,0,0.0,0.0,0.0,92.0,81.0,11.0,0.0,30.0,35.0,21.0,356.0,102.0,599.2429345469071,0,0,0,0.0,0.0
38,junit4,junit.samples.money.MoneyTest.testNormalize4,5.0,1.0,0.0,1.0,0.0,1,0.0,0,0.0,0.0,0.0,92.0,81.0,11.0,0.0,30.0,35.0,21.0,356.0,102.0,599.2429345469071,0,0,0,0.0,0.0
38,junit4,junit.samples.money.MoneyTest.testPrint,3.0,1.0,0.0,0.0,0.0,1,1.0,0,0.0,0.0,0.0,92.0,81.0,11.0,0.0,30.0,35.0,21.0,356.0,102.0,599.2429345469071,0,0,0,0.0,0.0
38,junit4,junit.samples.money.MoneyTest.testSimpleAdd,4.0,1.0,0.0,1.0,0.0,1,0.0,0,0.0,0.0,0.0,92.0,81.0,11.0,0.0,30.0,35.0,21.0,356.0,102.0,599.2429345469071,0,0,0,0.0,0.0
38,junit4,junit.samples.money.MoneyTest.testSimpleBagAdd,4.0,1.0,0.0,1.0,0.0,1,0.0,0,0.0,0.0,0.0,92.0,81.0,11.0,0.0,30.0,35.0,21.0,356.0,102.0,599.2429345469071,0,0,0,0.0,0.0
38,junit4,junit.samples.money.MoneyTest.testSimpleMultiply,4.0,1.0,0.0,1.0,0.0,1,0.0,0,0.0,0.0,0.0,92.0,81.0,11.0,0.0,30.0,35.0,21.0,356.0,102.0,599.2429345469071,0,0,0,0.0,0.0
38,junit4,junit.samples.money.MoneyTest.testSimpleNegate,4.0,1.0,0.0,1.0,0.0,1,0.0,0,0.0,0.0,0.0,92.0,81.0,11.0,0.0,30.0,35.0,21.0,356.0,102.0,599.2429345469071,0,0,0,0.0,0.0
38,junit4,junit.samples.money.MoneyTest.testSimpleSubtract,4.0,1.0,0.0,1.0,0.0,1,0.0,0,0.0,0.0,0.0,92.0,81.0,11.0,0.0,30.0,35.0,21.0,356.0,102.0,599.2429345469071,0,0,0,0.0,0.0
38,junit4,junit.tests.WasRun.runTest,3.0,1.0,0.0,0.0,0.0,0,0.0,0,0.0,0.0,0.0,16.0,0.0,0.0,1.0,1.0,1.0,0.0,37.0,30.0,108.32753737932673,0,0,0,0.0,0.0
38,junit4,junit.tests.framework.AssertionFailedErrorTest.testCreateErrorWithoutMessage,4.0,2.0,0.5,1.0,0.0,0,0.0,0,0.0,0.0,0.0,29.0,3.0,0.0,0.0,6.0,4.0,1.0,116.0,63.0,299.476182039701,0,0,0,0.0,0.0
38,junit4,junit.tests.framework.AssertionFailedErrorTest.testCreateErrorWithMessage,4.0,2.0,0.5,1.0,0.0,0,0.0,0,0.0,0.0,0.0,29.0,3.0,0.0,0.0,6.0,4.0,1.0,116.0,63.0,299.476182039701,0,0,0,0.0,0.0
38,junit4,junit.tests.framework.AssertionFailedErrorTest.testCreateErrorWithoutMessageInsteadOfNull,4.0,2.0,0.5,0.0,0.0,0,0.0,0,0.0,0.0,0.0,29.0,3.0,0.0,0.0,6.0,4.0,1.0,116.0,63.0,299.476182039701,0,0,0,0.0,0.0
38,junit4,junit.tests.framework.AssertTest.testFail,9.0,4.0,0.1111111111111111,1.0,0.0,0,0.0,0,0.0,0.0,0.0,339.0,741.0,0.0,0.0,85.0,91.0,52.0,1794.0,225.0,1685.7456845892168,0,0,0,0.0,0.0
38,junit4,junit.tests.framework.AssertTest.testAssertionFailedErrorToStringWithNoMessage,10.0,4.0,0.4,1.0,0.0,22,1.0,0,0.0,0.0,0.0,339.0,741.0,0.0,0.0,85.0,91.0,52.0,1794.0,225.0,1685.7456845892168,0,0,0,0.0,0.0
38,junit4,junit.tests.framework.AssertTest.testAssertionFailedErrorToStringWithMessage,10.0,4.0,0.4,0.0,0.0,22,1.0,0,0.0,0.0,0.0,339.0,741.0,0.0,0.0,85.0,91.0,52.0,1794.0,225.0,1685.7456845892168,0,0,0,0.0,0.0
38,junit4,junit.tests.framework.AssertTest.testAssertEquals,11.0,3.0,0.2727272727272727,3.0,0.0,22,0.0,0,0.0,0.0,0.0,339.0,741.0,0.0,0.0,85.0,91.0,52.0,1794.0,225.0,1685.7456845892168,0,0,0,0.0,0.0
38,junit4,junit.tests.framework.AssertTest.testAssertEqualsNull,3.0,1.0,0.3333333333333333,1.0,0.0,0,0.0,0,0.0,0.0,0.0,339.0,741.0,0.0,0.0,85.0,91.0,52.0,1794.0,225.0,1685.7456845892168,0,0,0,0.0,0.0
38,junit4,junit.tests.framework.AssertTest.testAssertStringEquals,3.0,1.0,0.3333333333333333,0.0,0.0,0,0.0,0,0.0,0.0,0.0,339.0,741.0,0.0,0.0,85.0,91.0,52.0,1794.0,225.0,1685.7456845892168,0,0,0,0.0,0.0
38,junit4,junit.tests.framework.AssertTest.testAssertNullNotEqualsString,8.0,2.0,0.125,1.0,0.0,22,0.0,0,0.0,0.0,0.0,339.0,741.0,0.0,0.0,85.0,91.0,52.0,1794.0,225.0,1685.7456845892168,0,0,0,0.0,0.0
38,junit4,junit.tests.framework.AssertTest.testAssertStringNotEqualsNull,9.0,2.0,0.1111111111111111,1.0,0.0,22,0.0,0,0.0,0.0,0.0,339.0,741.0,0.0,0.0,85.0,91.0,52.0,1794.0,225.0,1685.7456845892168,0,0,0,0.0,0.0
38,junit4,junit.tests.framework.AssertTest.testAssertNullNotEqualsNull,10.0,3.0,0.2,2.0,0.0,22,0.0,0,0.0,0.0,0.0,339.0,741.0,0.0,0.0,85.0,91.0,52.0,1794.0,225.0,1685.7456845892168,0,0,0,0.0,0.0
38,junit4,junit.tests.framework.AssertTest.testAssertNull,10.0,3.0,0.3,3.0,0.0,4,0.0,0,0.0,0.0,0.0,339.0,741.0,0.0,0.0,85.0,91.0,52.0,1794.0,225.0,1685.7456845892168,0,0,0,0.0,0.0
38,junit4,junit.tests.framework.AssertTest.testAssertNotNull,10.0,3.0,0.3,3.0,0.0,4,0.0,0,0.0,0.0,0.0,339.0,741.0,0.0,0.0,85.0,91.0,52.0,1794.0,225.0,1685.7456845892168,0,0,0,0.0,0.0
38,junit4,junit.tests.framework.AssertTest.testAssertTrue,10.0,3.0,0.3,3.0,0.0,4,0.0,0,0.0,0.0,0.0,339.0,741.0,0.0,0.0,85.0,91.0,52.0,1794.0,225.0,1685.7456845892168,0,0,0,0.0,0.0
38,junit4,junit.tests.framework.AssertTest.testAssertFalse,10.0,3.0,0.3,3.0,0.0,4,0.0,0,0.0,0.0,0.0,339.0,741.0,0.0,0.0,85.0,91.0,52.0,1794.0,225.0,1685.7456845892168,0,0,0,0.0,0.0
38,junit4,junit.tests.framework.AssertTest.testAssertSame,11.0,3.0,0.2727272727272727,3.0,0.0,4,0.0,0,0.0,0.0,0.0,339.0,741.0,0.0,0.0,85.0,91.0,52.0,1794.0,225.0,1685.7456845892168,0,0,0,0.0,0.0
38,junit4,junit.tests.framework.AssertTest.testAssertNotSame,13.0,3.0,0.38461538461538464,5.0,0.0,4,0.0,0,0.0,0.0,0.0,339.0,741.0,0.0,0.0,85.0,91.0,52.0,1794.0,225.0,1685.7456845892168,0,0,0,0.0,0.0
38,junit4,junit.tests.framework.AssertTest.testAssertNotSameFailsNull,9.0,3.0,0.2222222222222222,2.0,0.0,4,0.0,0,0.0,0.0,0.0,339.0,741.0,0.0,0.0,85.0,91.0,52.0,1794.0,225.0,1685.7456845892168,0,0,0,0.0,0.0
38,junit4,junit.tests.framework.ComparisonCompactorTest.testMessage,4.0,1.0,0.0,0.0,0.0,1,0.0,0,0.0,0.0,0.0,78.0,0.0,0.0,0.0,23.0,28.0,20.0,387.0,110.0,655.426716233276,0,0,0,0.0,0.0
38,junit4,junit.tests.framework.ComparisonCompactorTest.testStartSame,4.0,1.0,0.0,0.0,0.0,1,0.0,0,0.0,0.0,0.0,78.0,0.0,0.0,0.0,23.0,28.0,20.0,387.0,110.0,655.426716233276,0,0,0,0.0,0.0
38,junit4,junit.tests.framework.ComparisonCompactorTest.testEndSame,4.0,1.0,0.0,0.0,0.0,1,0.0,0,0.0,0.0,0.0,78.0,0.0,0.0,0.0,23.0,28.0,20.0,387.0,110.0,655.426716233276,0,0,0,0.0,0.0
38,junit4,junit.tests.framework.ComparisonCompactorTest.testSame,4.0,1.0,0.0,0.0,0.0,1,0.0,0,0.0,0.0,0.0,78.0,0.0,0.0,0.0,23.0,28.0,20.0,387.0,110.0,655.426716233276,0,0,0,0.0,0.0
38,junit4,junit.tests.framework.ComparisonCompactorTest.testNoContextStartAndEndSame,4.0,1.0,0.0,0.0,0.0,1,0.0,0,0.0,0.0,0.0,78.0,0.0,0.0,0.0,23.0,28.0,20.0,387.0,110.0,655.426716233276,0,0,0,0.0,0.0
38,junit4,junit.tests.framework.ComparisonCompactorTest.testStartAndEndContext,4.0,1.0,0.0,0.0,0.0,1,0.0,0,0.0,0.0,0.0,78.0,0.0,0.0,0.0,23.0,28.0,20.0,387.0,110.0,655.426716233276,0,0,0,0.0,0.0
38,junit4,junit.tests.framework.ComparisonCompactorTest.testStartAndEndContextWithEllipses,4.0,1.0,0.0,0.0,0.0,1,0.0,0,0.0,0.0,0.0,78.0,0.0,0.0,0.0,23.0,28.0,20.0,387.0,110.0,655.426716233276,0,0,0,0.0,0.0
38,junit4,junit.tests.framework.ComparisonCompactorTest.testComparisonErrorStartSameComplete,4.0,1.0,0.0,0.0,0.0,1,0.0,0,0.0,0.0,0.0,78.0,0.0,0.0,0.0,23.0,28.0,20.0,387.0,110.0,655.426716233276,0,0,0,0.0,0.0
38,junit4,junit.tests.framework.ComparisonCompactorTest.testComparisonErrorEndSameComplete,4.0,1.0,0.0,0.0,0.0,1,0.0,0,0.0,0.0,0.0,78.0,0.0,0.0,0.0,23.0,28.0,20.0,387.0,110.0,655.426716233276,0,0,0,0.0,0.0
38,junit4,junit.tests.framework.ComparisonCompactorTest.testComparisonErrorEndSameCompleteContext,4.0,1.0,0.0,0.0,0.0,1,0.0,0,0.0,0.0,0.0,78.0,0.0,0.0,0.0,23.0,28.0,20.0,387.0,110.0,655.426716233276,0,0,0,0.0,0.0
38,junit4,junit.tests.framework.ComparisonCompactorTest.testComparisonErrorOverlappingMatches,4.0,1.0,0.0,0.0,0.0,1,0.0,0,0.0,0.0,0.0,78.0,0.0,0.0,0.0,23.0,28.0,20.0,387.0,110.0,655.426716233276,0,0,0,0.0,0.0
38,junit4,junit.tests.framework.ComparisonCompactorTest.testComparisonErrorOverlappingMatchesContext,4.0,1.0,0.0,0.0,0.0,1,0.0,0,0.0,0.0,0.0,78.0,0.0,0.0,0.0,23.0,28.0,20.0,387.0,110.0,655.426716233276,0,0,0,0.0,0.0
38,junit4,junit.tests.framework.ComparisonCompactorTest.testComparisonErrorOverlappingMatches2,4.0,1.0,0.0,0.0,0.0,1,0.0,0,0.0,0.0,0.0,78.0,0.0,0.0,0.0,23.0,28.0,20.0,387.0,110.0,655.426716233276,0,0,0,0.0,0.0
38,junit4,junit.tests.framework.ComparisonCompactorTest.testComparisonErrorOverlappingMatches2Context,4.0,1.0,0.0,0.0,0.0,1,0.0,0,0.0,0.0,0.0,78.0,0.0,0.0,0.0,23.0,28.0,20.0,387.0,110.0,655.426716233276,0,0,0,0.0,0.0
38,junit4,junit.tests.framework.ComparisonCompactorTest.testComparisonErrorWithActualNull,4.0,1.0,0.0,0.0,0.0,1,0.0,0,0.0,0.0,0.0,78.0,0.0,0.0,0.0,23.0,28.0,20.0,387.0,110.0,655.426716233276,0,0,0,0.0,0.0
38,junit4,junit.tests.framework.ComparisonCompactorTest.testComparisonErrorWithActualNullContext,4.0,1.0,0.0,0.0,0.0,1,0.0,0,0.0,0.0,0.0,78.0,0.0,0.0,0.0,23.0,28.0,20.0,387.0,110.0,655.426716233276,0,0,0,0.0,0.0
38,junit4,junit.tests.framework.ComparisonCompactorTest.testComparisonErrorWithExpectedNull,4.0,1.0,0.0,0.0,0.0,1,0.0,0,0.0,0.0,0.0,78.0,0.0,0.0,0.0,23.0,28.0,20.0,387.0,110.0,655.426716233276,0,0,0,0.0,0.0
38,junit4,junit.tests.framework.ComparisonCompactorTest.testComparisonErrorWithExpectedNullContext,4.0,1.0,0.0,0.0,0.0,1,0.0,0,0.0,0.0,0.0,78.0,0.0,0.0,0.0,23.0,28.0,20.0,387.0,110.0,655.426716233276,0,0,0,0.0,0.0
38,junit4,junit.tests.framework.ComparisonCompactorTest.testBug609972,4.0,1.0,0.0,0.0,0.0,1,0.0,0,0.0,0.0,0.0,78.0,0.0,0.0,0.0,23.0,28.0,20.0,387.0,110.0,655.426716233276,0,0,0,0.0,0.0
38,junit4,junit.tests.framework.ComparisonFailureTest.testConnection,4.0,1.0,0.0,0.0,0.0,1,0.0,0,0.0,0.0,0.0,56.0,0.0,1.0,0.0,8.0,5.0,1.0,197.0,83.0,438.505909485253,0,0,0,0.0,0.0
38,junit4,junit.tests.framework.ComparisonFailureTest.testThrowing,9.0,3.0,0.0,1.0,0.0,0,0.0,0,0.0,0.0,0.0,56.0,0.0,1.0,0.0,8.0,5.0,1.0,197.0,83.0,438.505909485253,0,0,0,0.0,0.0
38,junit4,junit.tests.framework.ComparisonFailureTest.testExceptionToStringWithMessage,12.0,4.0,0.0,1.0,0.0,0,0.0,0,1.0,0.0,0.0,56.0,0.0,1.0,0.0,8.0,5.0,1.0,197.0,83.0,438.505909485253,0,0,0,0.0,0.0
38,junit4,junit.tests.framework.ComparisonFailureTest.testExceptionToStringWithoutMessage,12.0,4.0,0.0,1.0,0.0,0,0.0,0,1.0,0.0,0.0,56.0,0.0,1.0,0.0,8.0,5.0,1.0,197.0,83.0,438.505909485253,0,0,0,0.0,0.0
38,junit4,junit.tests.framework.Failure.runTest,3.0,1.0,0.0,1.0,0.0,0,0.0,0,0.0,0.0,0.0,90.0,16.0,3.0,3.0,22.0,17.0,9.0,336.0,135.0,785.3100065950325,0,0,0,0.0,0.0
38,junit4,junit.tests.framework.Success.runTest,2.0,1.0,0.0,0.0,0.0,0,0.0,0,0.0,0.0,0.0,16.0,1.0,0.0,1.0,2.0,2.0,0.0,29.0,23.0,77.4478040896889,0,0,2,0.0,0.0
38,junit4,junit.tests.framework.Success.testSuccess,2.0,1.0,0.0,0.0,0.0,0,0.0,0,0.0,0.0,0.0,16.0,1.0,0.0,1.0,2.0,2.0,0.0,29.0,23.0,77.4478040896889,0,0,2,0.0,0.0
38,junit4,junit.tests.framework.SuiteTest.SuiteTest,3.0,1.0,0.0,0.0,0.0,0,0.0,0,0.0,0.0,0.0,130.0,33.0,0.0,13.0,31.0,20.0,10.0,527.0,177.0,1109.294497091821,0,0,0,0.0,0.0
38,junit4,junit.tests.framework.SuiteTest.setUp,3.0,1.0,0.0,0.0,0.0,0,0.0,0,0.0,0.0,0.0,130.0,33.0,0.0,13.0,31.0,20.0,10.0,527.0,177.0,1109.294497091821,0,0,0,0.0,0.0
38,junit4,junit.tests.framework.SuiteTest.suite,15.0,2.0,0.0,0.0,0.0,0,0.0,0,0.0,0.0,0.0,130.0,33.0,0.0,13.0,31.0,20.0,10.0,527.0,177.0,1109.294497091821,0,0,0,0.0,0.0
38,junit4,junit.tests.framework.SuiteTest.testInheritedTests,6.0,1.0,0.16666666666666666,2.0,0.0,0,0.0,0,0.0,0.0,0.0,130.0,33.0,0.0,13.0,31.0,20.0,10.0,527.0,177.0,1109.294497091821,0,0,0,0.0,0.0
38,junit4,junit.tests.framework.SuiteTest.testNoTestCaseClass,6.0,1.0,0.16666666666666666,2.0,0.0,0,0.0,0,0.0,0.0,0.0,130.0,33.0,0.0,13.0,31.0,20.0,10.0,527.0,177.0,1109.294497091821,0,0,0,0.0,0.0
38,junit4,junit.tests.framework.SuiteTest.testNoTestCases,7.0,1.0,0.2857142857142857,3.0,0.0,0,0.0,0,0.0,0.0,0.0,130.0,33.0,0.0,13.0,31.0,20.0,10.0,527.0,177.0,1109.294497091821,0,0,0,0.0,0.0
38,junit4,junit.tests.framework.SuiteTest.testNotExistingTestCase,7.0,1.0,0.2857142857142857,3.0,0.0,0,0.0,0,0.0,0.0,0.0,130.0,33.0,0.0,13.0,31.0,20.0,10.0,527.0,177.0,1109.294497091821,0,0,0,0.0,0.0
38,junit4,junit.tests.framework.SuiteTest.testNotPublicTestCase,4.0,1.0,0.0,1.0,0.0,0,0.0,0,0.0,0.0,0.0,130.0,33.0,0.0,13.0,31.0,20.0,10.0,527.0,177.0,1109.294497091821,0,0,0,0.0,0.0
38,junit4,junit.tests.framework.SuiteTest.testNotVoidTestCase,4.0,1.0,0.0,1.0,0.0,0,0.0,0,0.0,0.0,0.0,130.0,33.0,0.0,13.0,31.0,20.0,10.0,527.0,177.0,1109.294497091821,0,0,0,0.0,0.0
38,junit4,junit.tests.framework.SuiteTest.testOneTestCase,8.0,1.0,0.375,4.0,0.0,0,0.0,0,0.0,0.0,0.0,130.0,33.0,0.0,13.0,31.0,20.0,10.0,527.0,177.0,1109.294497091821,0,0,0,0.0,0.0
38,junit4,junit.tests.framework.SuiteTest.testOneTestCaseEclipseSeesSameStructureAs381,4.0,1.0,0.0,1.0,0.0,0,0.0,0,0.0,0.0,0.0,130.0,33.0,0.0,13.0,31.0,20.0,10.0,527.0,177.0,1109.294497091821,0,0,0,0.0,0.0
38,junit4,junit.tests.framework.SuiteTest.testShadowedTests,5.0,1.0,0.0,1.0,0.0,0,0.0,0,0.0,0.0,0.0,130.0,33.0,0.0,13.0,31.0,20.0,10.0,527.0,177.0,1109.294497091821,0,0,0,0.0,0.0
38,junit4,junit.tests.framework.SuiteTest.testAddTestSuite,6.0,1.0,0.0,1.0,0.0,0,0.0,0,0.0,0.0,0.0,130.0,33.0,0.0,13.0,31.0,20.0,10.0,527.0,177.0,1109.294497091821,0,0,0,0.0,0.0
38,junit4,junit.tests.framework.SuiteTest.testCreateSuiteFromArray,6.0,1.0,0.6666666666666666,1.0,0.0,0,0.0,0,0.0,0.0,0.0,130.0,33.0,0.0,13.0,31.0,20.0,10.0,527.0,177.0,1109.294497091821,0,0,0,0.0,0.0
38,junit4,junit.tests.runner.ResultTest.testRunFailureResultCanBeSerialised,5.0,2.0,0.0,1.0,0.0,0,0.0,0,0.0,0.0,0.0,217.0,38.0,1.0,14.0,28.0,21.0,8.0,923.0,244.0,1665.941533218696,0,0,0,0.0,0.0
38,junit4,junit.tests.runner.ResultTest.testRunFailureResultCanBeReserialised_v4_12,5.0,2.0,0.0,1.0,0.0,0,0.0,0,0.0,0.0,0.0,217.0,38.0,1.0,14.0,28.0,21.0,8.0,923.0,244.0,1665.941533218696,0,0,0,0.0,0.0
38,junit4,junit.tests.runner.ResultTest.testRunAssumptionFailedResultCanBeSerialised,5.0,2.0,0.0,1.0,0.0,0,0.0,0,0.0,0.0,0.0,217.0,38.0,1.0,14.0,28.0,21.0,8.0,923.0,244.0,1665.941533218696,0,0,0,0.0,0.0
38,junit4,junit.tests.runner.ResultTest.testRunAssumptionFailedResultCanBeReserialised_v4_12,5.0,2.0,0.0,1.0,0.0,0,0.0,0,0.0,0.0,0.0,217.0,38.0,1.0,14.0,28.0,21.0,8.0,923.0,244.0,1665.941533218696,0,0,0,0.0,0.0
38,junit4,junit.tests.runner.ResultTest.testRunAssumptionFailedResultCanBeReserialised_v4_13,5.0,2.0,0.0,1.0,0.0,0,0.0,0,0.0,0.0,0.0,217.0,38.0,1.0,14.0,28.0,21.0,8.0,923.0,244.0,1665.941533218696,0,0,0,0.0,0.0
38,junit4,junit.tests.runner.ResultTest.testRunSuccessResultCanBeSerialised,5.0,2.0,0.0,1.0,0.0,0,0.0,0,0.0,0.0,0.0,217.0,38.0,1.0,14.0,28.0,21.0,8.0,923.0,244.0,1665.941533218696,0,0,0,0.0,0.0
38,junit4,junit.tests.runner.ResultTest.testRunSuccessResultCanBeReserialised_v4_12,5.0,2.0,0.0,1.0,0.0,0,0.0,0,0.0,0.0,0.0,217.0,38.0,1.0,14.0,28.0,21.0,8.0,923.0,244.0,1665.941533218696,0,0,0,0.0,0.0
38,junit4,junit.tests.runner.ResultTest.testRunSuccessResultCanBeReserialised_v4_13,5.0,2.0,0.0,1.0,0.0,0,0.0,0,0.0,0.0,0.0,217.0,38.0,1.0,14.0,28.0,21.0,8.0,923.0,244.0,1665.941533218696,0,0,0,0.0,0.0
38,junit4,junit.tests.runner.ResultTest.assertResultSerializable,10.0,2.0,0.1,1.0,0.0,2,0.0,0,0.0,0.0,0.0,217.0,38.0,1.0,14.0,28.0,21.0,8.0,923.0,244.0,1665.941533218696,0,0,0,0.0,0.0
38,junit4,junit.tests.runner.ResultTest.assertResultReserializable,8.0,2.0,0.25,1.0,0.0,1,0.0,0,0.0,0.0,0.0,217.0,38.0,1.0,14.0,28.0,21.0,8.0,923.0,244.0,1665.941533218696,0,0,0,0.0,0.0
38,junit4,junit.tests.runner.ResultTest.assertSerializedCorrectly,28.0,5.0,0.32142857142857145,1.0,0.0,5,0.0,0,3.0,0.0,0.0,217.0,38.0,1.0,14.0,28.0,21.0,8.0,923.0,244.0,1665.941533218696,0,0,0,0.0,0.0
38,junit4,org.junit.samples.money.MoneyTest.suite,3.0,2.0,0.0,0.0,0.0,0,0.0,0,0.0,0.0,0.0,92.0,81.0,11.0,0.0,30.0,35.0,21.0,356.0,102.0,599.2429345469071,0,0,0,0.0,0.0
38,junit4,org.junit.samples.money.MoneyTest.setUp,8.0,2.0,0.0,0.0,0.0,0,0.0,0,1.0,0.0,0.0,92.0,81.0,11.0,0.0,30.0,35.0,21.0,356.0,102.0,599.2429345469071,0,0,0,0.0,0.0
38,junit4,org.junit.samples.money.MoneyTest.testBagMultiply,6.0,1.0,0.3333333333333333,3.0,0.0,2,0.0,0,0.0,0.0,0.0,92.0,81.0,11.0,0.0,30.0,35.0,21.0,356.0,102.0,599.2429345469071,0,0,0,0.0,0.0
38,junit4,org.junit.samples.money.MoneyTest.testBagNegate,4.0,1.0,0.0,1.0,0.0,1,0.0,0,0.0,0.0,0.0,92.0,81.0,11.0,0.0,30.0,35.0,21.0,356.0,102.0,599.2429345469071,0,0,0,0.0,0.0
38,junit4,org.junit.samples.money.MoneyTest.testBagSimpleAdd,4.0,1.0,0.0,1.0,0.0,1,0.0,0,0.0,0.0,0.0,92.0,81.0,11.0,0.0,30.0,35.0,21.0,356.0,102.0,599.2429345469071,0,0,0,0.0,0.0
38,junit4,org.junit.samples.money.MoneyTest.testBagSubtract,4.0,1.0,0.0,1.0,0.0,1,0.0,0,0.0,0.0,0.0,92.0,81.0,11.0,0.0,30.0,35.0,21.0,356.0,102.0,599.2429345469071,0,0,0,0.0,0.0
38,junit4,org.junit.samples.money.MoneyTest.testBagSumAdd,4.0,1.0,0.0,1.0,0.0,1,0.0,0,0.0,0.0,0.0,92.0,81.0,11.0,0.0,30.0,35.0,21.0,356.0,102.0,599.2429345469071,0,0,0,0.0,0.0
38,junit4,org.junit.samples.money.MoneyTest.testIsZero,4.0,1.0,0.25,1.0,0.0,2,0.0,0,0.0,0.0,0.0,92.0,81.0,11.0,0.0,30.0,35.0,21.0,356.0,102.0,599.2429345469071,0,0,0,0.0,0.0
38,junit4,org.junit.samples.money.MoneyTest.testMixedSimpleAdd,4.0,1.0,0.0,1.0,0.0,1,0.0,0,0.0,0.0,0.0,92.0,81.0,11.0,0.0,30.0,35.0,21.0,356.0,102.0,599.2429345469071,0,0,0,0.0,0.0
38,junit4,org.junit.samples.money.MoneyTest.testBagNotEquals,4.0,1.0,0.0,0.0,0.0,2,0.0,0,0.0,0.0,0.0,92.0,81.0,11.0,0.0,30.0,35.0,21.0,356.0,102.0,599.2429345469071,0,0,0,0.0,0.0
38,junit4,org.junit.samples.money.MoneyTest.testMoneyBagEquals,9.0,1.0,0.5555555555555556,6.0,0.0,1,0.0,0,0.0,0.0,0.0,92.0,81.0,11.0,0.0,30.0,35.0,21.0,356.0,102.0,599.2429345469071,0,0,0,0.0,0.0
38,junit4,org.junit.samples.money.MoneyTest.testMoneyBagHash,4.0,1.0,0.0,1.0,0.0,1,0.0,0,0.0,0.0,0.0,92.0,81.0,11.0,0.0,30.0,35.0,21.0,356.0,102.0,599.2429345469071,0,0,0,0.0,0.0
38,junit4,org.junit.samples.money.MoneyTest.testMoneyEquals,8.0,1.0,0.5,5.0,0.0,2,0.0,0,0.0,0.0,0.0,92.0,81.0,11.0,0.0,30.0,35.0,21.0,356.0,102.0,599.2429345469071,0,0,0,0.0,0.0
38,junit4,org.junit.samples.money.MoneyTest.zeroMoniesAreEqualRegardlessOfCurrency,6.0,1.0,0.16666666666666666,2.0,0.0,1,0.0,0,0.0,0.0,0.0,92.0,81.0,11.0,0.0,30.0,35.0,21.0,356.0,102.0,599.2429345469071,0,0,0,0.0,0.0
38,junit4,org.junit.samples.money.MoneyTest.testMoneyHash,5.0,1.0,0.2,2.0,0.0,2,0.0,0,0.0,0.0,0.0,92.0,81.0,11.0,0.0,30.0,35.0,21.0,356.0,102.0,599.2429345469071,0,0,0,0.0,0.0
38,junit4,org.junit.samples.money.MoneyTest.testSimplify,4.0,2.0,0.0,0.0,0.0,0,0.0,0,1.0,0.0,0.0,92.0,81.0,11.0,0.0,30.0,35.0,21.0,356.0,102.0,599.2429345469071,0,0,0,0.0,0.0
38,junit4,org.junit.samples.money.MoneyTest.testNormalize2,4.0,1.0,0.0,1.0,0.0,1,0.0,0,0.0,0.0,0.0,92.0,81.0,11.0,0.0,30.0,35.0,21.0,356.0,102.0,599.2429345469071,0,0,0,0.0,0.0
38,junit4,org.junit.samples.money.MoneyTest.testNormalize3,5.0,1.0,0.0,1.0,0.0,1,0.0,0,0.0,0.0,0.0,92.0,81.0,11.0,0.0,30.0,35.0,21.0,356.0,102.0,599.2429345469071,0,0,0,0.0,0.0
38,junit4,org.junit.samples.money.MoneyTest.testNormalize4,5.0,1.0,0.0,1.0,0.0,1,0.0,0,0.0,0.0,0.0,92.0,81.0,11.0,0.0,30.0,35.0,21.0,356.0,102.0,599.2429345469071,0,0,0,0.0,0.0
38,junit4,org.junit.samples.money.MoneyTest.testPrint,3.0,1.0,0.0,0.0,0.0,1,1.0,0,0.0,0.0,0.0,92.0,81.0,11.0,0.0,30.0,35.0,21.0,356.0,102.0,599.2429345469071,0,0,0,0.0,0.0
38,junit4,org.junit.samples.money.MoneyTest.testSimpleAdd,4.0,1.0,0.0,1.0,0.0,1,0.0,0,0.0,0.0,0.0,92.0,81.0,11.0,0.0,30.0,35.0,21.0,356.0,102.0,599.2429345469071,0,0,0,0.0,0.0
38,junit4,org.junit.samples.money.MoneyTest.testSimpleBagAdd,4.0,1.0,0.0,1.0,0.0,1,0.0,0,0.0,0.0,0.0,92.0,81.0,11.0,0.0,30.0,35.0,21.0,356.0,102.0,599.2429345469071,0,0,0,0.0,0.0
38,junit4,org.junit.samples.money.MoneyTest.testSimpleMultiply,4.0,1.0,0.0,1.0,0.0,1,0.0,0,0.0,0.0,0.0,92.0,81.0,11.0,0.0,30.0,35.0,21.0,356.0,102.0,599.2429345469071,0,0,0,0.0,0.0
38,junit4,org.junit.samples.money.MoneyTest.testSimpleNegate,4.0,1.0,0.0,1.0,0.0,1,0.0,0,0.0,0.0,0.0,92.0,81.0,11.0,0.0,30.0,35.0,21.0,356.0,102.0,599.2429345469071,0,0,0,0.0,0.0
38,junit4,org.junit.samples.money.MoneyTest.testSimpleSubtract,4.0,1.0,0.0,1.0,0.0,1,0.0,0,0.0,0.0,0.0,92.0,81.0,11.0,0.0,30.0,35.0,21.0,356.0,102.0,599.2429345469071,0,0,0,0.0,0.0
38,junit4,org.junit.tests.assertion.ComparisonFailureTest.ComparisonFailureTest,5.0,1.0,0.0,0.0,0.0,0,0.0,0,0.0,0.0,0.0,56.0,0.0,1.0,0.0,8.0,5.0,1.0,197.0,83.0,438.505909485253,0,0,0,0.0,0.0
38,junit4,org.junit.tests.assertion.ComparisonFailureTest.data,3.0,2.0,0.0,0.0,0.0,0,0.0,0,0.0,0.0,0.0,56.0,0.0,1.0,0.0,8.0,5.0,1.0,197.0,83.0,438.505909485253,0,0,0,0.0,0.0
38,junit4,org.junit.tests.assertion.ComparisonFailureTest.compactFailureMessage,4.0,1.0,0.0,1.0,0.0,1,0.0,0,0.0,0.0,0.0,56.0,0.0,1.0,0.0,8.0,5.0,1.0,197.0,83.0,438.505909485253,0,0,0,0.0,0.0
38,junit4,org.junit.tests.assertion.MultipleFailureExceptionTest.assertEmptyDoesNotThrowForEmptyList,3.0,2.0,0.3333333333333333,1.0,0.0,0,0.0,0,0.0,0.0,0.0,12.0,0.0,0.0,1.0,1.0,1.0,0.0,25.0,18.0,57.93976484762761,0,0,1,0.0,0.0
38,junit4,org.junit.tests.assertion.MultipleFailureExceptionTest.assertEmptyRethrowsSingleRuntimeException,11.0,3.0,0.18181818181818182,3.0,0.0,0,0.0,0,0.0,0.0,0.0,12.0,0.0,0.0,1.0,1.0,1.0,0.0,25.0,18.0,57.93976484762761,0,0,1,0.0,0.0
38,junit4,org.junit.tests.assertion.MultipleFailureExceptionTest.assertEmptyRethrowsSingleError,11.0,3.0,0.18181818181818182,3.0,0.0,0,0.0,0,0.0,0.0,0.0,12.0,0.0,0.0,1.0,1.0,1.0,0.0,25.0,18.0,57.93976484762761,0,0,1,0.0,0.0
38,junit4,org.junit.tests.assertion.MultipleFailureExceptionTest.assertEmptyThrowsMultipleFailureExceptionForManyThrowables,15.0,3.0,0.3333333333333333,3.0,0.0,0,0.0,0,0.0,0.0,0.0,12.0,0.0,0.0,1.0,1.0,1.0,0.0,25.0,18.0,57.93976484762761,0,0,1,0.0,0.0
38,junit4,org.junit.tests.assertion.MultipleFailureExceptionTest.assertEmptyErrorListConstructorFailure,9.0,2.0,0.1111111111111111,1.0,0.0,0,0.0,0,0.0,0.0,0.0,12.0,0.0,0.0,1.0,1.0,1.0,0.0,25.0,18.0,57.93976484762761,0,0,1,0.0,0.0
38,junit4,org.junit.tests.assertion.MultipleFailureExceptionTest.assertEmptyWrapsAssumptionFailuresForManyThrowables,21.0,3.0,0.38095238095238093,6.0,0.0,0,0.0,0,0.0,0.0,0.0,12.0,0.0,0.0,1.0,1.0,1.0,0.0,25.0,18.0,57.93976484762761,0,0,1,0.0,0.0
38,junit4,org.junit.tests.deprecated.JUnit4ClassRunnerTest.runWithOldJUnit4ClassRunner,5.0,1.0,0.2,2.0,0.0,0,0.0,0,0.0,0.0,0.0,147.0,128.0,14.0,17.0,47.0,70.0,50.0,580.0,159.0,1011.7214684629339,0,0,0,0.0,0.0
38,junit4,org.junit.tests.deprecated.JUnit4ClassRunnerTest.runWithOldJUnit4ClassRunnerAndBadConstructor,5.0,1.0,0.2,2.0,0.0,0,0.0,0,0.0,0.0,0.0,147.0,128.0,14.0,17.0,47.0,70.0,50.0,580.0,159.0,1011.7214684629339,0,0,0,0.0,0.0
38,junit4,org.junit.tests.description.TestDescriptionTest.equalsIsFalseForNonTestDescription,3.0,1.0,0.0,0.0,0.0,5,0.0,0,0.0,0.0,0.0,327.0,334.0,3.0,8.0,77.0,64.0,36.0,1646.0,394.0,2918.0047322073838,0,0,0,0.0,0.0
38,junit4,org.junit.tests.description.TestDescriptionTest.equalsIsTrueForSameNameAndNoExplicitUniqueId,3.0,1.0,0.0,0.0,0.0,5,0.0,0,0.0,0.0,0.0,327.0,334.0,3.0,8.0,77.0,64.0,36.0,1646.0,394.0,2918.0047322073838,0,0,0,0.0,0.0
38,junit4,org.junit.tests.description.TestDescriptionTest.equalsIsFalseForSameNameAndDifferentUniqueId,3.0,2.0,0.0,0.0,0.0,5,0.0,0,1.0,0.0,0.0,327.0,334.0,3.0,8.0,77.0,64.0,36.0,1646.0,394.0,2918.0047322073838,0,0,0,0.0,0.0
38,junit4,org.junit.tests.experimental.max.DescriptionTest.parseClass_whenCantParse,3.0,1.0,0.0,1.0,0.0,1,0.0,0,0.0,0.0,0.0,327.0,334.0,3.0,8.0,77.0,64.0,36.0,1646.0,394.0,2918.0047322073838,0,0,0,0.0,0.0
38,junit4,org.junit.tests.experimental.max.DescriptionTest.parseMethod_whenCantParse,3.0,1.0,0.0,1.0,0.0,1,0.0,0,0.0,0.0,0.0,327.0,334.0,3.0,8.0,77.0,64.0,36.0,1646.0,394.0,2918.0047322073838,0,0,0,0.0,0.0
38,junit4,org.junit.tests.experimental.max.DescriptionTest.createSuiteDescription_whenZeroLength,3.0,1.0,0.0,0.0,0.0,0,0.0,0,0.0,0.0,0.0,327.0,334.0,3.0,8.0,77.0,64.0,36.0,1646.0,394.0,2918.0047322073838,0,0,0,0.0,0.0
38,junit4,org.junit.tests.experimental.max.DescriptionTest.createSuiteDescription_whenNull,3.0,1.0,0.0,0.0,0.0,0,0.0,0,0.0,0.0,0.0,327.0,334.0,3.0,8.0,77.0,64.0,36.0,1646.0,394.0,2918.0047322073838,0,0,0,0.0,0.0
38,junit4,org.junit.tests.experimental.max.DescriptionTest.parseClassAndMethodNoAnnotations,6.0,2.0,0.3333333333333333,1.0,0.0,7,0.0,0,0.0,0.0,0.0,327.0,334.0,3.0,8.0,77.0,64.0,36.0,1646.0,394.0,2918.0047322073838,0,0,0,0.0,0.0
38,junit4,org.junit.tests.experimental.max.DescriptionTest.parseClassAndMethodWithAnnotations,7.0,2.0,0.2857142857142857,1.0,0.0,7,0.0,0,0.0,0.0,0.0,327.0,334.0,3.0,8.0,77.0,64.0,36.0,1646.0,394.0,2918.0047322073838,0,0,0,0.0,0.0
38,junit4,org.junit.tests.experimental.max.DescriptionTest.parseClassNameAndMethodUniqueId,6.0,2.0,0.3333333333333333,1.0,0.0,7,0.0,0,0.0,0.0,0.0,327.0,334.0,3.0,8.0,77.0,64.0,36.0,1646.0,394.0,2918.0047322073838,0,0,0,0.0,0.0
38,junit4,org.junit.tests.experimental.max.DescriptionTest.sameNamesButDifferentUniqueIdAreNotEqual,3.0,3.0,0.0,0.0,0.0,4,0.0,0,1.0,0.0,0.0,327.0,334.0,3.0,8.0,77.0,64.0,36.0,1646.0,394.0,2918.0047322073838,0,0,0,0.0,0.0
38,junit4,org.junit.tests.experimental.max.DescriptionTest.usesPassedInClassObject,33.0,3.0,0.45454545454545453,13.0,0.0,12,0.0,0,0.0,0.0,0.0,327.0,334.0,3.0,8.0,77.0,64.0,36.0,1646.0,394.0,2918.0047322073838,0,0,0,0.0,0.0
38,junit4,org.junit.tests.experimental.results.ResultMatchersTest.hasFailuresHasGoodDescription,3.0,1.0,0.0,0.0,0.0,1,1.0,0,0.0,0.0,0.0,99.0,91.0,0.0,4.0,34.0,51.0,37.0,508.0,124.0,772.5796994997318,0,0,0,0.0,0.0
38,junit4,org.junit.tests.experimental.results.ResultMatchersTest.hasFailuresDescriptionReflectsInput,3.0,1.0,0.0,0.0,0.0,1,1.0,0,0.0,0.0,0.0,99.0,91.0,0.0,4.0,34.0,51.0,37.0,508.0,124.0,772.5796994997318,0,0,0,0.0,0.0
38,junit4,org.junit.tests.experimental.results.ResultMatchersTest.hasFailureContaining_givenResultWithNoFailures,4.0,1.0,0.0,0.0,0.0,2,0.0,0,0.0,0.0,0.0,99.0,91.0,0.0,4.0,34.0,51.0,37.0,508.0,124.0,772.5796994997318,0,0,0,0.0,0.0
38,junit4,org.junit.tests.experimental.results.ResultMatchersTest.hasFailureContaining_givenResultWithOneFailure,5.0,1.0,0.2,0.0,0.0,2,0.0,0,0.0,0.0,0.0,99.0,91.0,0.0,4.0,34.0,51.0,37.0,508.0,124.0,772.5796994997318,0,0,0,0.0,0.0
38,junit4,org.junit.tests.experimental.theories.ParameterSignatureTest.getType,3.0,3.0,0.0,0.0,0.0,0,0.0,0,0.0,0.0,0.0,134.0,78.0,6.0,9.0,38.0,48.0,32.0,524.0,132.0,826.5169023303775,0,0,0,0.0,0.0
38,junit4,org.junit.tests.experimental.theories.ParameterSignatureTest.getType,4.0,1.0,0.0,1.0,0.0,4,0.0,0,0.0,0.0,0.0,134.0,78.0,6.0,9.0,38.0,48.0,32.0,524.0,132.0,826.5169023303775,0,0,0,0.0,0.0
38,junit4,org.junit.tests.experimental.theories.ParameterSignatureTest.foo,2.0,1.0,0.0,0.0,0.0,0,0.0,0,0.0,0.0,0.0,134.0,78.0,6.0,9.0,38.0,48.0,32.0,524.0,132.0,826.5169023303775,0,0,0,0.0,0.0
38,junit4,org.junit.tests.experimental.theories.ParameterSignatureTest.getAnnotations,5.0,2.0,0.0,1.0,0.0,4,0.0,0,0.0,0.0,0.0,134.0,78.0,6.0,9.0,38.0,48.0,32.0,524.0,132.0,826.5169023303775,0,0,0,0.0,0.0
38,junit4,org.junit.tests.experimental.theories.ParameterSignatureTest.intMethod,2.0,1.0,0.0,0.0,0.0,0,0.0,0,0.0,0.0,0.0,134.0,78.0,6.0,9.0,38.0,48.0,32.0,524.0,132.0,826.5169023303775,0,0,0,0.0,0.0
38,junit4,org.junit.tests.experimental.theories.ParameterSignatureTest.integerMethod,2.0,1.0,0.0,0.0,0.0,0,0.0,0,0.0,0.0,0.0,134.0,78.0,6.0,9.0,38.0,48.0,32.0,524.0,132.0,826.5169023303775,0,0,0,0.0,0.0
38,junit4,org.junit.tests.experimental.theories.ParameterSignatureTest.numberMethod,2.0,1.0,0.0,0.0,0.0,0,0.0,0,0.0,0.0,0.0,134.0,78.0,6.0,9.0,38.0,48.0,32.0,524.0,132.0,826.5169023303775,0,0,0,0.0,0.0
38,junit4,org.junit.tests.experimental.theories.ParameterSignatureTest.primitiveTypesShouldBeAcceptedAsWrapperTypes,5.0,2.0,0.0,1.0,0.0,4,0.0,0,0.0,0.0,0.0,134.0,78.0,6.0,9.0,38.0,48.0,32.0,524.0,132.0,826.5169023303775,0,0,0,0.0,0.0
38,junit4,org.junit.tests.experimental.theories.ParameterSignatureTest.primitiveTypesShouldBeAcceptedAsWrapperTypeAssignables,5.0,2.0,0.0,1.0,0.0,4,0.0,0,0.0,0.0,0.0,134.0,78.0,6.0,9.0,38.0,48.0,32.0,524.0,132.0,826.5169023303775,0,0,0,0.0,0.0
38,junit4,org.junit.tests.experimental.theories.ParameterSignatureTest.wrapperTypesShouldBeAcceptedAsPrimitiveTypes,5.0,2.0,0.0,1.0,0.0,4,0.0,0,0.0,0.0,0.0,134.0,78.0,6.0,9.0,38.0,48.0,32.0,524.0,132.0,826.5169023303775,0,0,0,0.0,0.0
38,junit4,org.junit.tests.experimental.theories.PotentialAssignmentTest.shouldUseQuotedValueInDescription,11.0,4.0,0.0,0.0,0.0,3,0.0,0,1.0,0.0,0.0,52.0,15.0,0.0,1.0,21.0,15.0,9.0,286.0,60.0,339.3595086491911,0,0,0,0.0,0.0
38,junit4,org.junit.tests.experimental.theories.PotentialAssignmentTest.toString,3.0,2.0,0.0,0.0,0.0,0,0.0,0,0.0,0.0,0.0,52.0,15.0,0.0,1.0,21.0,15.0,9.0,286.0,60.0,339.3595086491911,0,0,0,0.0,0.0
38,junit4,org.junit.tests.experimental.theories.PotentialAssignmentTest.shouldNotUseQuotesForNullValueDescriptions,6.0,3.0,0.0,0.0,0.0,3,0.0,0,1.0,0.0,0.0,52.0,15.0,0.0,1.0,21.0,15.0,9.0,286.0,60.0,339.3595086491911,0,0,0,0.0,0.0
38,junit4,org.junit.tests.experimental.theories.PotentialAssignmentTest.shouldIncludeFailureInDescriptionIfToStringFails,11.0,3.0,0.0,0.0,0.0,3,1.0,0,1.0,0.0,0.0,52.0,15.0,0.0,1.0,21.0,15.0,9.0,286.0,60.0,339.3595086491911,0,0,0,0.0,0.0
38,junit4,org.junit.tests.experimental.theories.PotentialAssignmentTest.toString,3.0,2.0,0.0,0.0,0.0,0,0.0,0,0.0,0.0,0.0,52.0,15.0,0.0,1.0,21.0,15.0,9.0,286.0,60.0,339.3595086491911,0,0,0,0.0,0.0
38,junit4,org.junit.tests.experimental.theories.PotentialAssignmentTest.shouldReturnGivenValue,5.0,3.0,0.0,1.0,0.0,3,0.0,0,1.0,0.0,0.0,52.0,15.0,0.0,1.0,21.0,15.0,9.0,286.0,60.0,339.3595086491911,0,0,0,0.0,0.0
38,junit4,org.junit.tests.experimental.theories.internal.AllMembersSupplierTest.dataPointsArrayShouldBeRecognized,4.0,2.0,0.0,1.0,0.0,0,0.0,0,0.0,0.0,0.0,204.0,85.0,0.0,15.0,49.0,72.0,57.0,1078.0,212.0,1480.3669033114156,0,0,0,0.0,0.0
38,junit4,org.junit.tests.experimental.theories.internal.AllMembersSupplierTest.dataPointsArrayShouldBeRecognizedOnValueTypeNotFieldType,4.0,2.0,0.0,1.0,0.0,0,0.0,0,0.0,0.0,0.0,204.0,85.0,0.0,15.0,49.0,72.0,57.0,1078.0,212.0,1480.3669033114156,0,0,0,0.0,0.0
38,junit4,org.junit.tests.experimental.theories.internal.AllMembersSupplierTest.dataPointMethodShouldBeRecognizedForOverlyGeneralParameters,4.0,2.0,0.0,1.0,0.0,0,0.0,0,0.0,0.0,0.0,204.0,85.0,0.0,15.0,49.0,72.0,57.0,1078.0,212.0,1480.3669033114156,0,0,0,0.0,0.0
38,junit4,org.junit.tests.experimental.theories.internal.AllMembersSupplierTest.dataPointsAnnotationMeansTreatAsArrayOnly,7.0,3.0,0.14285714285714285,2.0,0.0,0,0.0,0,1.0,0.0,0.0,204.0,85.0,0.0,15.0,49.0,72.0,57.0,1078.0,212.0,1480.3669033114156,0,0,0,0.0,0.0
38,junit4,org.junit.tests.experimental.theories.internal.AllMembersSupplierTest.dataPointsArrayFieldMayContainNullValue,4.0,2.0,0.0,1.0,0.0,0,0.0,0,0.0,0.0,0.0,204.0,85.0,0.0,15.0,49.0,72.0,57.0,1078.0,212.0,1480.3669033114156,0,0,0,0.0,0.0
38,junit4,org.junit.tests.experimental.theories.internal.AllMembersSupplierTest.dataPointsArrayMethodMayContainNullValue,4.0,2.0,0.0,1.0,0.0,0,0.0,0,0.0,0.0,0.0,204.0,85.0,0.0,15.0,49.0,72.0,57.0,1078.0,212.0,1480.3669033114156,0,0,0,0.0,0.0
38,junit4,org.junit.tests.experimental.theories.internal.AllMembersSupplierTest.allMembersFailsOnFailingDataPointsArrayMethod,5.0,2.0,0.0,0.0,0.0,0,0.0,0,0.0,0.0,0.0,204.0,85.0,0.0,15.0,49.0,72.0,57.0,1078.0,212.0,1480.3669033114156,0,0,0,0.0,0.0
38,junit4,org.junit.tests.experimental.theories.internal.AllMembersSupplierTest.allMemberValuesFor,3.0,3.0,0.0,0.0,0.0,1,0.0,0,0.0,0.0,0.0,204.0,85.0,0.0,15.0,49.0,72.0,57.0,1078.0,212.0,1480.3669033114156,0,0,0,0.0,0.0
38,junit4,org.junit.tests.experimental.theories.internal.AllMembersSupplierTest.dataPointsCollectionFieldsShouldBeRecognized,4.0,2.0,0.0,1.0,0.0,0,0.0,0,0.0,0.0,0.0,204.0,85.0,0.0,15.0,49.0,72.0,57.0,1078.0,212.0,1480.3669033114156,0,0,0,0.0,0.0
38,junit4,org.junit.tests.experimental.theories.internal.AllMembersSupplierTest.dataPointsCollectionMethodShouldBeRecognized,4.0,2.0,0.0,1.0,0.0,0,0.0,0,0.0,0.0,0.0,204.0,85.0,0.0,15.0,49.0,72.0,57.0,1078.0,212.0,1480.3669033114156,0,0,0,0.0,0.0
38,junit4,org.junit.tests.experimental.theories.internal.AllMembersSupplierTest.dataPointsCollectionShouldBeRecognizedIgnoringStrangeTypes,4.0,2.0,0.0,1.0,0.0,0,0.0,0,0.0,0.0,0.0,204.0,85.0,0.0,15.0,49.0,72.0,57.0,1078.0,212.0,1480.3669033114156,0,0,0,0.0,0.0
38,junit4,org.junit.tests.experimental.theories.internal.ParameterizedAssertionErrorTest.equalParameterizedAssertionErrorsHaveSameToString,4.0,1.0,0.75,1.0,0.0,0,1.0,0,0.0,0.0,0.0,50.0,15.0,0.0,3.0,16.0,22.0,16.0,204.0,63.0,335.0415596121856,0,0,0,0.0,0.0
38,junit4,org.junit.tests.experimental.theories.internal.ParameterizedAssertionErrorTest.differentParameterizedAssertionErrorsHaveDifferentToStrings,4.0,2.0,0.75,1.0,0.0,0,1.0,0,2.0,0.0,0.0,50.0,15.0,0.0,3.0,16.0,22.0,16.0,204.0,63.0,335.0415596121856,0,0,0,0.0,0.0
38,junit4,org.junit.tests.experimental.theories.internal.ParameterizedAssertionErrorTest.equalsReturnsTrue,3.0,1.0,0.6666666666666666,1.0,0.0,0,0.0,0,0.0,0.0,0.0,50.0,15.0,0.0,3.0,16.0,22.0,16.0,204.0,63.0,335.0415596121856,0,0,0,0.0,0.0
38,junit4,org.junit.tests.experimental.theories.internal.ParameterizedAssertionErrorTest.sameHashCodeWhenEquals,6.0,1.0,0.6666666666666666,1.0,0.0,1,0.0,0,0.0,0.0,0.0,50.0,15.0,0.0,3.0,16.0,22.0,16.0,204.0,63.0,335.0415596121856,0,0,0,0.0,0.0
38,junit4,org.junit.tests.experimental.theories.internal.ParameterizedAssertionErrorTest.buildParameterizedAssertionError,3.0,1.0,0.6666666666666666,1.0,0.0,0,1.0,0,0.0,0.0,0.0,50.0,15.0,0.0,3.0,16.0,22.0,16.0,204.0,63.0,335.0415596121856,0,0,0,0.0,0.0
38,junit4,org.junit.tests.experimental.theories.internal.ParameterizedAssertionErrorTest.isNotEqualToNull,3.0,1.0,0.3333333333333333,1.0,0.0,1,0.0,0,0.0,0.0,0.0,50.0,15.0,0.0,3.0,16.0,22.0,16.0,204.0,63.0,335.0415596121856,0,0,0,0.0,0.0
38,junit4,org.junit.tests.experimental.theories.internal.ParameterizedAssertionErrorTest.canJoinWhenToStringFails,8.0,2.0,0.125,0.0,0.0,2,1.0,0,0.0,0.0,0.0,50.0,15.0,0.0,3.0,16.0,22.0,16.0,204.0,63.0,335.0415596121856,0,0,0,0.0,0.0
38,junit4,org.junit.tests.experimental.theories.internal.ParameterizedAssertionErrorTest.toString,3.0,2.0,0.0,0.0,0.0,0,0.0,0,0.0,0.0,0.0,50.0,15.0,0.0,3.0,16.0,22.0,16.0,204.0,63.0,335.0415596121856,0,0,0,0.0,0.0
38,junit4,org.junit.tests.experimental.theories.internal.SpecificDataPointsSupplierTest.shouldReturnOnlyTheNamedDataPoints,7.0,3.0,0.14285714285714285,1.0,0.0,0,0.0,0,2.0,0.0,0.0,90.0,10.0,0.0,11.0,18.0,25.0,20.0,326.0,57.0,329.85315073790235,0,0,0,0.0,0.0
38,junit4,org.junit.tests.experimental.theories.internal.SpecificDataPointsSupplierTest.shouldReturnOnlyTheNamedFieldDataPoints,7.0,3.0,0.14285714285714285,1.0,0.0,0,0.0,0,2.0,0.0,0.0,90.0,10.0,0.0,11.0,18.0,25.0,20.0,326.0,57.0,329.85315073790235,0,0,0,0.0,0.0
38,junit4,org.junit.tests.experimental.theories.internal.SpecificDataPointsSupplierTest.shouldReturnOnlyTheNamedMethodDataPoints,7.0,3.0,0.14285714285714285,1.0,0.0,0,0.0,0,2.0,0.0,0.0,90.0,10.0,0.0,11.0,18.0,25.0,20.0,326.0,57.0,329.85315073790235,0,0,0,0.0,0.0
38,junit4,org.junit.tests.experimental.theories.internal.SpecificDataPointsSupplierTest.shouldReturnOnlyTheNamedSingleFieldDataPoints,7.0,3.0,0.14285714285714285,1.0,0.0,0,0.0,0,2.0,0.0,0.0,90.0,10.0,0.0,11.0,18.0,25.0,20.0,326.0,57.0,329.85315073790235,0,0,0,0.0,0.0
38,junit4,org.junit.tests.experimental.theories.internal.SpecificDataPointsSupplierTest.shouldReturnOnlyTheNamedSingleMethodDataPoints,7.0,3.0,0.14285714285714285,1.0,0.0,0,0.0,0,2.0,0.0,0.0,90.0,10.0,0.0,11.0,18.0,25.0,20.0,326.0,57.0,329.85315073790235,0,0,0,0.0,0.0
38,junit4,org.junit.tests.experimental.theories.internal.SpecificDataPointsSupplierTest.shouldReturnNothingIfTheNamedDataPointsAreMissing,6.0,3.0,0.0,1.0,0.0,0,0.0,0,2.0,0.0,0.0,90.0,10.0,0.0,11.0,18.0,25.0,20.0,326.0,57.0,329.85315073790235,0,0,0,0.0,0.0
38,junit4,org.junit.tests.experimental.theories.internal.SpecificDataPointsSupplierTest.getStringValuesFromAssignments,7.0,4.0,0.0,0.0,0.0,0,0.0,0,1.0,0.0,0.0,90.0,10.0,0.0,11.0,18.0,25.0,20.0,326.0,57.0,329.85315073790235,0,0,0,0.0,0.0
38,junit4,org.junit.tests.experimental.theories.internal.SpecificDataPointsSupplierTest.signature,3.0,3.0,0.0,0.0,0.0,0,0.0,0,0.0,0.0,0.0,90.0,10.0,0.0,11.0,18.0,25.0,20.0,326.0,57.0,329.85315073790235,0,0,0,0.0,0.0
38,junit4,org.junit.tests.experimental.theories.internal.SpecificDataPointsSupplierTest.methodWantingAnyString,2.0,1.0,0.0,0.0,0.0,0,0.0,0,0.0,0.0,0.0,90.0,10.0,0.0,11.0,18.0,25.0,20.0,326.0,57.0,329.85315073790235,0,0,0,0.0,0.0
38,junit4,org.junit.tests.experimental.theories.internal.SpecificDataPointsSupplierTest.methodWantingNamedFieldString,2.0,1.0,0.0,0.0,0.0,0,0.0,0,0.0,0.0,0.0,90.0,10.0,0.0,11.0,18.0,25.0,20.0,326.0,57.0,329.85315073790235,0,0,0,0.0,0.0
38,junit4,org.junit.tests.experimental.theories.internal.SpecificDataPointsSupplierTest.methodWantingNamedMethodString,2.0,1.0,0.0,0.0,0.0,0,0.0,0,0.0,0.0,0.0,90.0,10.0,0.0,11.0,18.0,25.0,20.0,326.0,57.0,329.85315073790235,0,0,0,0.0,0.0
38,junit4,org.junit.tests.experimental.theories.internal.SpecificDataPointsSupplierTest.methodWantingNamedSingleFieldString,2.0,1.0,0.0,0.0,0.0,0,0.0,0,0.0,0.0,0.0,90.0,10.0,0.0,11.0,18.0,25.0,20.0,326.0,57.0,329.85315073790235,0,0,0,0.0,0.0
38,junit4,org.junit.tests.experimental.theories.internal.SpecificDataPointsSupplierTest.methodWantingNamedSingleMethodString,2.0,1.0,0.0,0.0,0.0,0,0.0,0,0.0,0.0,0.0,90.0,10.0,0.0,11.0,18.0,25.0,20.0,326.0,57.0,329.85315073790235,0,0,0,0.0,0.0
38,junit4,org.junit.tests.experimental.theories.internal.SpecificDataPointsSupplierTest.methodWantingAllNamedStrings,2.0,1.0,0.0,0.0,0.0,0,0.0,0,0.0,0.0,0.0,90.0,10.0,0.0,11.0,18.0,25.0,20.0,326.0,57.0,329.85315073790235,0,0,0,0.0,0.0
38,junit4,org.junit.tests.experimental.theories.internal.SpecificDataPointsSupplierTest.methodWantingWrongNamedString,2.0,1.0,0.0,0.0,0.0,0,0.0,0,0.0,0.0,0.0,90.0,10.0,0.0,11.0,18.0,25.0,20.0,326.0,57.0,329.85315073790235,0,0,0,0.0,0.0
38,junit4,org.junit.tests.experimental.theories.runner.FailingDataPointMethods.shouldFailFromExceptionsInSingleDataPointMethods,3.0,1.0,0.0,1.0,0.0,0,0.0,0,0.0,0.0,0.0,136.0,15.0,0.0,10.0,6.0,28.0,22.0,376.0,46.0,272.76110059593515,0,0,0,0.0,0.0
38,junit4,org.junit.tests.experimental.theories.runner.FailingDataPointMethods.shouldFailFromExceptionsInDataPointArrayMethods,3.0,1.0,0.0,1.0,0.0,0,0.0,0,0.0,0.0,0.0,136.0,15.0,0.0,10.0,6.0,28.0,22.0,376.0,46.0,272.76110059593515,0,0,0,0.0,0.0
38,junit4,org.junit.tests.experimental.theories.runner.FailingDataPointMethods.shouldIgnoreSingleDataPointMethodExceptionsOnRequest,3.0,1.0,0.0,1.0,0.0,0,0.0,0,0.0,0.0,0.0,136.0,15.0,0.0,10.0,6.0,28.0,22.0,376.0,46.0,272.76110059593515,0,0,0,0.0,0.0
38,junit4,org.junit.tests.experimental.theories.runner.FailingDataPointMethods.shouldIgnoreMultipleDataPointMethodExceptionsOnRequest,3.0,1.0,0.0,1.0,0.0,0,0.0,0,0.0,0.0,0.0,136.0,15.0,0.0,10.0,6.0,28.0,22.0,376.0,46.0,272.76110059593515,0,0,0,0.0,0.0
38,junit4,org.junit.tests.experimental.theories.runner.FailingDataPointMethods.shouldNotIgnoreNonMatchingSingleDataPointExceptions,3.0,1.0,0.0,1.0,0.0,0,0.0,0,0.0,0.0,0.0,136.0,15.0,0.0,10.0,6.0,28.0,22.0,376.0,46.0,272.76110059593515,0,0,0,0.0,0.0
38,junit4,org.junit.tests.experimental.theories.runner.FailingDataPointMethods.shouldNotIgnoreNonMatchingMultipleDataPointExceptions,3.0,1.0,0.0,1.0,0.0,0,0.0,0,0.0,0.0,0.0,136.0,15.0,0.0,10.0,6.0,28.0,22.0,376.0,46.0,272.76110059593515,0,0,0,0.0,0.0
38,junit4,org.junit.tests.experimental.theories.runner.TypeMatchingBetweenMultiDataPointsMethod.ignoreWrongTypedDataPointsMethod,3.0,1.0,0.0,1.0,0.0,0,0.0,0,0.0,0.0,0.0,57.0,1.0,0.0,9.0,3.0,8.0,6.0,131.0,34.0,165.75670898883914,0,0,2,0.0,0.0
38,junit4,org.junit.tests.experimental.theories.runner.TypeMatchingBetweenMultiDataPointsMethod.pickUpMultiPointDataPointMethods,3.0,2.0,0.0,1.0,0.0,0,0.0,0,0.0,0.0,0.0,57.0,1.0,0.0,9.0,3.0,8.0,6.0,131.0,34.0,165.75670898883914,0,0,2,0.0,0.0
38,junit4,org.junit.tests.experimental.theories.runner.UnsuccessfulWithDataPointFields.theoryClassMethodsShowUp,3.0,2.0,0.0,1.0,0.0,0,0.0,0,0.0,0.0,0.0,243.0,45.0,0.0,15.0,15.0,49.0,39.0,688.0,116.0,757.9195052002678,0,0,0,0.0,0.0
38,junit4,org.junit.tests.experimental.theories.runner.UnsuccessfulWithDataPointFields.theoryAnnotationsAreRetained,3.0,2.0,0.0,1.0,0.0,0,0.0,0,0.0,0.0,0.0,243.0,45.0,0.0,15.0,15.0,49.0,39.0,688.0,116.0,757.9195052002678,0,0,0,0.0,0.0
38,junit4,org.junit.tests.experimental.theories.runner.UnsuccessfulWithDataPointFields.canRunTheories,3.0,2.0,0.0,0.0,0.0,0,0.0,0,0.0,0.0,0.0,243.0,45.0,0.0,15.0,15.0,49.0,39.0,688.0,116.0,757.9195052002678,0,0,0,0.0,0.0
38,junit4,org.junit.tests.experimental.theories.runner.UnsuccessfulWithDataPointFields.reportBadParams,3.0,2.0,0.0,0.0,0.0,0,0.0,0,0.0,0.0,0.0,243.0,45.0,0.0,15.0,15.0,49.0,39.0,688.0,116.0,757.9195052002678,0,0,0,0.0,0.0
38,junit4,org.junit.tests.experimental.theories.runner.UnsuccessfulWithDataPointFields.nullsUsedUnlessProhibited,3.0,2.0,0.0,0.0,0.0,0,0.0,0,0.0,0.0,0.0,243.0,45.0,0.0,15.0,15.0,49.0,39.0,688.0,116.0,757.9195052002678,0,0,0,0.0,0.0
38,junit4,org.junit.tests.experimental.theories.runner.UnsuccessfulWithDataPointFields.theoriesMustBePublic,3.0,1.0,0.0,0.0,0.0,0,0.0,0,0.0,0.0,0.0,243.0,45.0,0.0,15.0,15.0,49.0,39.0,688.0,116.0,757.9195052002678,0,0,0,0.0,0.0
38,junit4,org.junit.tests.experimental.theories.runner.UnsuccessfulWithDataPointFields.dataPointFieldsMustBeStatic,3.0,1.0,0.0,0.0,0.0,0,0.0,0,0.0,0.0,0.0,243.0,45.0,0.0,15.0,15.0,49.0,39.0,688.0,116.0,757.9195052002678,0,0,0,0.0,0.0
38,junit4,org.junit.tests.experimental.theories.runner.UnsuccessfulWithDataPointFields.dataPointMethodsMustBeStatic,3.0,1.0,0.0,0.0,0.0,0,0.0,0,0.0,0.0,0.0,243.0,45.0,0.0,15.0,15.0,49.0,39.0,688.0,116.0,757.9195052002678,0,0,0,0.0,0.0
38,junit4,org.junit.tests.experimental.theories.runner.UnsuccessfulWithDataPointFields.dataPointFieldsMustBePublic,4.0,1.0,0.0,0.0,0.0,0,0.0,0,0.0,0.0,0.0,243.0,45.0,0.0,15.0,15.0,49.0,39.0,688.0,116.0,757.9195052002678,0,0,0,0.0,0.0
38,junit4,org.junit.tests.experimental.theories.runner.UnsuccessfulWithDataPointFields.dataPointMethodsMustBePublic,4.0,1.0,0.0,0.0,0.0,0,0.0,0,0.0,0.0,0.0,243.0,45.0,0.0,15.0,15.0,49.0,39.0,688.0,116.0,757.9195052002678,0,0,0,0.0,0.0
38,junit4,org.junit.tests.experimental.theories.runner.WithAutoGeneratedDataPoints.shouldAutomaticallyGenerateEnumDataPoints,3.0,2.0,0.0,0.0,0.0,0,0.0,0,0.0,0.0,0.0,71.0,4.0,0.0,6.0,10.0,21.0,17.0,163.0,35.0,178.2812570282367,0,0,0,0.0,0.0
38,junit4,org.junit.tests.experimental.theories.runner.WithAutoGeneratedDataPoints.shouldAutomaticallyGenerateBooleanDataPoints,3.0,2.0,0.0,0.0,0.0,0,0.0,0,0.0,0.0,0.0,71.0,4.0,0.0,6.0,10.0,21.0,17.0,163.0,35.0,178.2812570282367,0,0,0,0.0,0.0
38,junit4,org.junit.tests.experimental.theories.runner.WithAutoGeneratedDataPoints.shouldNotAutogenerateEnumDataPointsWhenSpecificDataPointGiven,3.0,3.0,0.0,0.0,0.0,0,0.0,0,2.0,0.0,0.0,71.0,4.0,0.0,6.0,10.0,21.0,17.0,163.0,35.0,178.2812570282367,0,0,0,0.0,0.0
38,junit4,org.junit.tests.experimental.theories.runner.WithAutoGeneratedDataPoints.shouldNotAutogenerateBooleanDataPointsWhenSpecificDataPointGiven,3.0,3.0,0.0,0.0,0.0,0,0.0,0,2.0,0.0,0.0,71.0,4.0,0.0,6.0,10.0,21.0,17.0,163.0,35.0,178.2812570282367,0,0,0,0.0,0.0
38,junit4,org.junit.tests.experimental.theories.runner.WithDataPointMethod.pickUpDataPointMethods,3.0,1.0,0.0,1.0,0.0,0,0.0,0,0.0,0.0,0.0,114.0,15.0,0.0,20.0,10.0,27.0,21.0,290.0,60.0,340.19285537883115,0,0,0,0.0,0.0
38,junit4,org.junit.tests.experimental.theories.runner.WithDataPointMethod.mutableObjectsAreCreatedAfresh,3.0,1.0,0.0,1.0,0.0,2,0.0,0,0.0,0.0,0.0,114.0,15.0,0.0,20.0,10.0,27.0,21.0,290.0,60.0,340.19285537883115,0,0,0,0.0,0.0
38,junit4,org.junit.tests.experimental.theories.runner.WithDataPointMethod.ignoreDataPointMethodsWithWrongTypes,3.0,2.0,0.0,0.0,0.0,0,1.0,0,0.0,0.0,0.0,114.0,15.0,0.0,20.0,10.0,27.0,21.0,290.0,60.0,340.19285537883115,0,0,0,0.0,0.0
38,junit4,org.junit.tests.experimental.theories.runner.WithDataPointMethod.ignoreDataPointMethodsWithoutAnnotation,3.0,2.0,0.0,0.0,0.0,0,0.0,0,0.0,0.0,0.0,114.0,15.0,0.0,20.0,10.0,27.0,21.0,290.0,60.0,340.19285537883115,0,0,0,0.0,0.0
38,junit4,org.junit.tests.experimental.theories.runner.WithDataPointMethod.failures,3.0,2.0,0.0,0.0,0.0,0,0.0,0,0.0,0.0,0.0,114.0,15.0,0.0,20.0,10.0,27.0,21.0,290.0,60.0,340.19285537883115,0,0,0,0.0,0.0
38,junit4,org.junit.tests.experimental.theories.runner.WithDataPointMethod.empty,3.0,2.0,0.0,0.0,0.0,0,0.0,0,0.0,0.0,0.0,114.0,15.0,0.0,20.0,10.0,27.0,21.0,290.0,60.0,340.19285537883115,0,0,0,0.0,0.0
38,junit4,org.junit.tests.experimental.theories.runner.WithExtendedParameterSources.testedOnLimitsParameters,3.0,2.0,0.0,1.0,0.0,0,0.0,0,0.0,0.0,0.0,180.0,28.0,0.0,15.0,10.0,33.0,25.0,511.0,77.0,480.20045844568523,0,0,0,0.0,0.0
38,junit4,org.junit.tests.experimental.theories.runner.WithExtendedParameterSources.shouldFilterOutNullSingleDataPoints,3.0,1.0,0.0,1.0,0.0,0,0.0,0,0.0,0.0,0.0,180.0,28.0,0.0,15.0,10.0,33.0,25.0,511.0,77.0,480.20045844568523,0,0,0,0.0,0.0
38,junit4,org.junit.tests.experimental.theories.runner.WithExtendedParameterSources.shouldFilterOutNullElementsFromDataPointArrays,3.0,1.0,0.0,1.0,0.0,0,0.0,0,0.0,0.0,0.0,180.0,28.0,0.0,15.0,10.0,33.0,25.0,511.0,77.0,480.20045844568523,0,0,0,0.0,0.0
38,junit4,org.junit.tests.experimental.theories.runner.WithExtendedParameterSources.ShouldRejectTheoriesWithOnlyDisallowedNullData,3.0,1.0,0.0,1.0,0.0,0,0.0,0,0.0,0.0,0.0,180.0,28.0,0.0,15.0,10.0,33.0,25.0,511.0,77.0,480.20045844568523,0,0,0,0.0,0.0
38,junit4,org.junit.tests.experimental.theories.runner.WithExtendedParameterSources.getDataPointsFromArray,5.0,1.0,0.0,0.0,0.0,0,0.0,0,0.0,0.0,0.0,180.0,28.0,0.0,15.0,10.0,33.0,25.0,511.0,77.0,480.20045844568523,0,0,0,0.0,0.0
38,junit4,org.junit.tests.experimental.theories.runner.WithExtendedParameterSources.getDataPointsFromArrayMethod,5.0,1.0,0.0,0.0,0.0,0,0.0,0,0.0,0.0,0.0,180.0,28.0,0.0,15.0,10.0,33.0,25.0,511.0,77.0,480.20045844568523,0,0,0,0.0,0.0
38,junit4,org.junit.tests.experimental.theories.runner.WithExtendedParameterSources.getDataPointsFromArrayMethodInSpiteOfMalformedness,5.0,2.0,0.0,0.0,0.0,0,0.0,0,1.0,0.0,0.0,180.0,28.0,0.0,15.0,10.0,33.0,25.0,511.0,77.0,480.20045844568523,0,0,0,0.0,0.0
38,junit4,org.junit.tests.experimental.theories.runner.WithExtendedParameterSources.dataPointCanBeArray,5.0,1.0,0.0,0.0,0.0,0,0.0,0,0.0,0.0,0.0,180.0,28.0,0.0,15.0,10.0,33.0,25.0,511.0,77.0,480.20045844568523,0,0,0,0.0,0.0
38,junit4,org.junit.tests.experimental.theories.runner.WithNamedDataPoints.onlyUseSpecificDataPointsIfSpecified,7.0,4.0,0.14285714285714285,1.0,0.0,0,0.0,0,4.0,0.0,0.0,73.0,0.0,0.0,13.0,4.0,8.0,7.0,196.0,59.0,311.4087648946005,0,0,1,0.0,0.0
38,junit4,org.junit.tests.experimental.theories.runner.WithParameterSupplier.shouldPickUpDataPointsFromParameterSupplier,6.0,2.0,0.3333333333333333,3.0,0.0,0,0.0,0,0.0,0.0,0.0,165.0,4.0,3.0,17.0,8.0,12.0,8.0,490.0,88.0,545.1076744172111,0,0,0,0.0,0.0
38,junit4,org.junit.tests.experimental.theories.runner.WithParameterSupplier.shouldRejectSuppliersWithUnknownConstructors,4.0,2.0,0.0,0.0,0.0,0,0.0,0,0.0,0.0,0.0,165.0,4.0,3.0,17.0,8.0,12.0,8.0,490.0,88.0,545.1076744172111,0,0,0,0.0,0.0
38,junit4,org.junit.tests.experimental.theories.runner.WithParameterSupplier.shouldRejectSuppliersWithTwoConstructors,4.0,2.0,0.0,0.0,0.0,0,0.0,0,0.0,0.0,0.0,165.0,4.0,3.0,17.0,8.0,12.0,8.0,490.0,88.0,545.1076744172111,0,0,0,0.0,0.0
38,junit4,org.junit.tests.experimental.theories.runner.WithParameterSupplier.shouldAcceptSuppliersWithTestClassConstructor,3.0,2.0,0.0,0.0,0.0,0,0.0,0,0.0,0.0,0.0,165.0,4.0,3.0,17.0,8.0,12.0,8.0,490.0,88.0,545.1076744172111,0,0,0,0.0,0.0
38,junit4,org.junit.tests.experimental.theories.runner.WithUnresolvedGenericTypeVariablesOnTheoryParms.whereTypeVariableIsOnTheTheory,4.0,1.0,0.0,1.0,0.0,0,0.0,0,0.0,0.0,0.0,180.0,36.0,0.0,17.0,9.0,37.0,28.0,556.0,109.0,688.9637440733135,0,0,0,0.0,0.0
38,junit4,org.junit.tests.experimental.theories.runner.WithUnresolvedGenericTypeVariablesOnTheoryParms.whereTypeVariableIsOnTheoryParm,4.0,1.0,0.0,0.0,0.0,0,0.0,0,0.0,0.0,0.0,180.0,36.0,0.0,17.0,9.0,37.0,28.0,556.0,109.0,688.9637440733135,0,0,0,0.0,0.0
38,junit4,org.junit.tests.experimental.theories.runner.WithUnresolvedGenericTypeVariablesOnTheoryParms.whereTypeVariableIsOnParameterizedTheoryParm,4.0,1.0,0.0,0.0,0.0,0,0.0,0,0.0,0.0,0.0,180.0,36.0,0.0,17.0,9.0,37.0,28.0,556.0,109.0,688.9637440733135,0,0,0,0.0,0.0
38,junit4,org.junit.tests.experimental.theories.runner.WithUnresolvedGenericTypeVariablesOnTheoryParms.whereTypeVariableIsOnWildcardUpperBoundOnTheoryParm,4.0,1.0,0.0,0.0,0.0,0,0.0,0,0.0,0.0,0.0,180.0,36.0,0.0,17.0,9.0,37.0,28.0,556.0,109.0,688.9637440733135,0,0,0,0.0,0.0
38,junit4,org.junit.tests.experimental.theories.runner.WithUnresolvedGenericTypeVariablesOnTheoryParms.whereTypeVariableIsOnWildcardLowerBoundOnTheoryParm,4.0,1.0,0.0,0.0,0.0,0,0.0,0,0.0,0.0,0.0,180.0,36.0,0.0,17.0,9.0,37.0,28.0,556.0,109.0,688.9637440733135,0,0,0,0.0,0.0
38,junit4,org.junit.tests.experimental.theories.runner.WithUnresolvedGenericTypeVariablesOnTheoryParms.whereTypeVariableIsOnArrayTypeOnTheoryParm,4.0,1.0,0.0,0.0,0.0,0,0.0,0,0.0,0.0,0.0,180.0,36.0,0.0,17.0,9.0,37.0,28.0,556.0,109.0,688.9637440733135,0,0,0,0.0,0.0
38,junit4,org.junit.tests.experimental.theories.runner.WithUnresolvedGenericTypeVariablesOnTheoryParms.whereTypeVariableIsOnComponentOfArrayTypeOnTheoryParm,4.0,1.0,0.0,0.0,0.0,0,0.0,0,0.0,0.0,0.0,180.0,36.0,0.0,17.0,9.0,37.0,28.0,556.0,109.0,688.9637440733135,0,0,0,0.0,0.0
38,junit4,org.junit.tests.experimental.theories.runner.WithUnresolvedGenericTypeVariablesOnTheoryParms.whereTypeVariableIsOnTheoryClass,4.0,1.0,0.0,0.0,0.0,0,0.0,0,0.0,0.0,0.0,180.0,36.0,0.0,17.0,9.0,37.0,28.0,556.0,109.0,688.9637440733135,0,0,0,0.0,0.0
38,junit4,org.junit.tests.experimental.theories.runner.WithUnresolvedGenericTypeVariablesOnTheoryParms.whereTypeVariablesAbound,11.0,1.0,0.6363636363636364,1.0,0.0,0,0.0,0,0.0,0.0,0.0,180.0,36.0,0.0,17.0,9.0,37.0,28.0,556.0,109.0,688.9637440733135,0,0,0,0.0,0.0
38,junit4,org.junit.tests.junit3compatibility.ClassRequestTest.noSuiteMethodIfMethodPrivate,3.0,2.0,0.0,1.0,0.0,0,0.0,0,0.0,0.0,0.0,54.0,1.0,2.0,4.0,4.0,4.0,1.0,146.0,49.0,244.19672446370848,0,0,0,0.0,0.0
38,junit4,org.junit.tests.junit3compatibility.JUnit38ClassRunnerTest.plansDecoratorCorrectly,4.0,1.0,0.0,1.0,0.0,0,0.0,0,0.0,0.0,0.0,196.0,48.0,0.0,22.0,33.0,52.0,39.0,946.0,198.0,1356.744028672272,0,0,0,0.0,0.0
38,junit4,org.junit.tests.junit3compatibility.JUnit38ClassRunnerTest.canUnadaptAnAdapter,6.0,1.0,0.0,0.0,0.0,2,0.0,0,0.0,0.0,0.0,196.0,48.0,0.0,22.0,33.0,52.0,39.0,946.0,198.0,1356.744028672272,0,0,0,0.0,0.0
38,junit4,org.junit.tests.junit3compatibility.JUnit38ClassRunnerTest.testListener,15.0,2.0,0.13333333333333333,2.0,0.0,1,0.0,0,0.0,0.0,0.0,196.0,48.0,0.0,22.0,33.0,52.0,39.0,946.0,198.0,1356.744028672272,0,0,0,0.0,0.0
38,junit4,org.junit.tests.junit3compatibility.JUnit38ClassRunnerTest.testStarted,4.0,1.0,0.0,0.0,0.0,0,0.0,0,0.0,0.0,0.0,196.0,48.0,0.0,22.0,33.0,52.0,39.0,946.0,198.0,1356.744028672272,0,0,0,0.0,0.0
38,junit4,org.junit.tests.junit3compatibility.JUnit38ClassRunnerTest.invalidTestMethodReportedCorrectly,6.0,1.0,0.16666666666666666,0.0,0.0,1,0.0,0,0.0,0.0,0.0,196.0,48.0,0.0,22.0,33.0,52.0,39.0,946.0,198.0,1356.744028672272,0,0,0,0.0,0.0
38,junit4,org.junit.tests.junit3compatibility.JUnit38ClassRunnerTest.getDescriptionWithAnnotation,4.0,1.0,0.0,1.0,0.0,0,0.0,0,0.0,0.0,0.0,196.0,48.0,0.0,22.0,33.0,52.0,39.0,946.0,198.0,1356.744028672272,0,0,0,0.0,0.0
38,junit4,org.junit.tests.junit3compatibility.JUnit38ClassRunnerTest.getDescriptionWithAnnotationInSuper,4.0,1.0,0.0,1.0,0.0,0,0.0,0,0.0,0.0,0.0,196.0,48.0,0.0,22.0,33.0,52.0,39.0,946.0,198.0,1356.744028672272,0,0,0,0.0,0.0
38,junit4,org.junit.tests.junit3compatibility.JUnit38ClassRunnerTest.assertAnnotationFiltering,12.0,4.0,0.25,3.0,0.0,1,0.0,0,2.0,0.0,0.0,196.0,48.0,0.0,22.0,33.0,52.0,39.0,946.0,198.0,1356.744028672272,0,0,0,0.0,0.0
38,junit4,org.junit.tests.junit3compatibility.JUnit38ClassRunnerTest.filterNoTestsRemain,7.0,2.0,0.0,0.0,0.0,0,0.0,0,0.0,0.0,0.0,196.0,48.0,0.0,22.0,33.0,52.0,39.0,946.0,198.0,1356.744028672272,0,0,0,0.0,0.0
38,junit4,org.junit.tests.junit3compatibility.SuiteMethodTest.makeSureSuiteIsCalled,5.0,1.0,0.0,1.0,0.0,0,0.0,0,0.0,0.0,0.0,41.0,1.0,0.0,4.0,7.0,9.0,7.0,164.0,69.0,351.89078351986973,0,0,2,0.0,0.0
38,junit4,org.junit.tests.junit3compatibility.SuiteMethodTest.makeSureSuiteWorksWithJUnit4Classes,5.0,1.0,0.0,1.0,0.0,0,0.0,0,0.0,0.0,0.0,41.0,1.0,0.0,4.0,7.0,9.0,7.0,164.0,69.0,351.89078351986973,0,0,2,0.0,0.0
38,junit4,org.junit.tests.junit3compatibility.SuiteMethodTest.descriptionAndRunNotificationsAreConsistent,6.0,2.0,0.16666666666666666,2.0,0.0,0,0.0,0,1.0,0.0,0.0,41.0,1.0,0.0,4.0,7.0,9.0,7.0,164.0,69.0,351.89078351986973,0,0,2,0.0,0.0
38,junit4,org.junit.tests.junit3compatibility.SuiteMethodTest.suiteIsUsedWithJUnit4Classes,6.0,1.0,0.16666666666666666,2.0,0.0,0,0.0,0,0.0,0.0,0.0,41.0,1.0,0.0,4.0,7.0,9.0,7.0,164.0,69.0,351.89078351986973,0,0,2,0.0,0.0
38,junit4,org.junit.tests.junit3compatibility.SuiteMethodTest.makeSureSuiteNotUsedWithJUnit4Classes2,10.0,1.0,0.4,5.0,0.0,0,0.0,0,0.0,0.0,0.0,41.0,1.0,0.0,4.0,7.0,9.0,7.0,164.0,69.0,351.89078351986973,0,0,2,0.0,0.0
38,junit4,org.junit.tests.listening.RunnerTest.newTestCount,7.0,1.0,0.0,1.0,0.0,1,0.0,0,0.0,0.0,0.0,43.0,3.0,0.0,1.0,7.0,5.0,2.0,198.0,123.0,650.4568447754278,0,0,0,0.0,0.0
38,junit4,org.junit.tests.listening.RunnerTest.oldTestCount,7.0,1.0,0.0,1.0,0.0,1,0.0,0,0.0,0.0,0.0,43.0,3.0,0.0,1.0,7.0,5.0,2.0,198.0,123.0,650.4568447754278,0,0,0,0.0,0.0
38,junit4,org.junit.tests.listening.RunnerTest.testFinished,13.0,1.0,0.0,1.0,0.0,1,0.0,0,0.0,0.0,0.0,43.0,3.0,0.0,1.0,7.0,5.0,2.0,198.0,123.0,650.4568447754278,0,0,0,0.0,0.0
38,junit4,org.junit.tests.listening.RunnerTest.testFinished,3.0,1.0,0.0,0.0,0.0,0,0.0,0,0.0,0.0,0.0,43.0,3.0,0.0,1.0,7.0,5.0,2.0,198.0,123.0,650.4568447754278,0,0,0,0.0,0.0
38,junit4,org.junit.tests.listening.TextListenerTest.setUp,6.0,1.0,0.0,0.0,0.0,0,0.0,0,0.0,0.0,0.0,101.0,46.0,0.0,7.0,21.0,42.0,30.0,383.0,121.0,719.7122336908582,0,0,0,0.0,0.0
38,junit4,org.junit.tests.listening.TextListenerTest.testSuccess,5.0,2.0,0.2,0.0,0.0,0,2.0,0,0.0,0.0,0.0,101.0,46.0,0.0,7.0,21.0,42.0,30.0,383.0,121.0,719.7122336908582,0,0,0,0.0,0.0
38,junit4,org.junit.tests.listening.TextListenerTest.testError,5.0,2.0,0.2,0.0,0.0,0,2.0,0,0.0,0.0,0.0,101.0,46.0,0.0,7.0,21.0,42.0,30.0,383.0,121.0,719.7122336908582,0,0,0,0.0,0.0
38,junit4,org.junit.tests.listening.TextListenerTest.testTime,5.0,1.0,0.2,0.0,0.0,0,2.0,0,0.0,0.0,0.0,101.0,46.0,0.0,7.0,21.0,42.0,30.0,383.0,121.0,719.7122336908582,0,0,0,0.0,0.0
38,junit4,org.junit.tests.listening.TextListenerTest.convert,6.0,2.0,0.0,0.0,0.0,0,0.0,0,0.0,0.0,0.0,101.0,46.0,0.0,7.0,21.0,42.0,30.0,383.0,121.0,719.7122336908582,0,0,0,0.0,0.0
38,junit4,org.junit.tests.manipulation.FilterableTest.testFilterInRunnerConstructor,4.0,1.0,0.0,1.0,0.0,0,0.0,0,0.0,0.0,0.0,19.0,0.0,0.0,0.0,3.0,1.0,0.0,67.0,49.0,206.02993835015732,0,0,1,0.0,0.0
38,junit4,org.junit.tests.manipulation.FilterTest.intersectionText,6.0,1.0,0.16666666666666666,0.0,0.0,6,0.0,0,0.0,0.0,0.0,122.0,78.0,0.0,2.0,37.0,30.0,17.0,675.0,183.0,1192.1924224296731,0,0,0,0.0,0.0
38,junit4,org.junit.tests.manipulation.FilterTest.intersectSelf,4.0,1.0,0.0,1.0,0.0,2,0.0,0,0.0,0.0,0.0,122.0,78.0,0.0,2.0,37.0,30.0,17.0,675.0,183.0,1192.1924224296731,0,0,0,0.0,0.0
38,junit4,org.junit.tests.manipulation.FilterTest.intersectAll,6.0,1.0,0.3333333333333333,3.0,0.0,2,0.0,0,0.0,0.0,0.0,122.0,78.0,0.0,2.0,37.0,30.0,17.0,675.0,183.0,1192.1924224296731,0,0,0,0.0,0.0
38,junit4,org.junit.tests.manipulation.SortableTest.forward,3.0,3.0,0.0,0.0,0.0,0,0.0,0,1.0,0.0,0.0,20.0,0.0,0.0,0.0,2.0,1.0,0.0,103.0,77.0,356.87413209368196,0,0,1,0.0,0.0
38,junit4,org.junit.tests.manipulation.SortableTest.backward,3.0,2.0,0.0,0.0,0.0,0,0.0,0,0.0,0.0,0.0,20.0,0.0,0.0,0.0,2.0,1.0,0.0,103.0,77.0,356.87413209368196,0,0,1,0.0,0.0
38,junit4,org.junit.tests.running.classes.BlockJUnit4ClassRunnerTest.detectNonStaticEnclosedClass,10.0,3.0,0.1,0.0,0.0,0,0.0,0,0.0,0.0,0.0,473.0,561.0,16.0,33.0,101.0,134.0,100.0,2217.0,561.0,4321.893627594751,0,0,0,0.0,0.0
38,junit4,org.junit.tests.running.classes.BlockJUnit4ClassRunnerTest.methodBlockAfterFireTestStarted,15.0,2.0,0.0,0.0,0.0,0,0.0,0,0.0,0.0,0.0,473.0,561.0,16.0,33.0,101.0,134.0,100.0,2217.0,561.0,4321.893627594751,0,0,0,0.0,0.0
38,junit4,org.junit.tests.running.classes.BlockJUnit4ClassRunnerTest.testStarted,3.0,2.0,0.0,0.0,0.0,0,0.0,0,0.0,0.0,0.0,473.0,561.0,16.0,33.0,101.0,134.0,100.0,2217.0,561.0,4321.893627594751,0,0,0,0.0,0.0
38,junit4,org.junit.tests.running.classes.BlockJUnit4ClassRunnerTest.testFinished,3.0,2.0,0.0,0.0,0.0,0,0.0,0,0.0,0.0,0.0,473.0,561.0,16.0,33.0,101.0,134.0,100.0,2217.0,561.0,4321.893627594751,0,0,0,0.0,0.0
38,junit4,org.junit.tests.running.classes.EnclosedTest.enclosedRunnerPlansConcreteEnclosedClasses,4.0,2.0,0.0,1.0,0.0,0,0.0,0,0.0,0.0,0.0,45.0,1.0,0.0,5.0,6.0,9.0,7.0,197.0,100.0,528.3203728737989,0,0,2,0.0,0.0
38,junit4,org.junit.tests.running.classes.EnclosedTest.enclosedRunnerRunsConcreteEnclosedClasses,4.0,2.0,0.0,1.0,0.0,0,0.0,0,0.0,0.0,0.0,45.0,1.0,0.0,5.0,6.0,9.0,7.0,197.0,100.0,528.3203728737989,0,0,2,0.0,0.0
38,junit4,org.junit.tests.running.classes.EnclosedTest.enclosedRunnerIsNamedForEnclosingClass,3.0,2.0,0.0,1.0,0.0,0,0.0,0,0.0,0.0,0.0,45.0,1.0,0.0,5.0,6.0,9.0,7.0,197.0,100.0,528.3203728737989,0,0,2,0.0,0.0
38,junit4,org.junit.tests.running.classes.ParameterizedTestTest.countsRuns,4.0,1.0,0.0,1.0,0.0,0,0.0,0,0.0,0.0,0.0,504.0,6.0,0.0,24.0,13.0,17.0,13.0,2166.0,519.0,3986.2508249041257,0,0,0,0.0,0.0
38,junit4,org.junit.tests.running.classes.ParameterizedTestTest.countBeforeRun,4.0,3.0,0.0,1.0,0.0,0,0.0,0,1.0,0.0,0.0,504.0,6.0,0.0,24.0,13.0,17.0,13.0,2166.0,519.0,3986.2508249041257,0,0,0,0.0,0.0
38,junit4,org.junit.tests.running.classes.ParameterizedTestTest.plansNamedCorrectly,5.0,2.0,0.0,0.0,0.0,0,0.0,0,0.0,0.0,0.0,504.0,6.0,0.0,24.0,13.0,17.0,13.0,2166.0,519.0,3986.2508249041257,0,0,0,0.0,0.0
38,junit4,org.junit.tests.running.classes.ParameterizedTestTest.countsFailures,4.0,2.0,0.0,1.0,0.0,0,0.0,0,0.0,0.0,0.0,504.0,6.0,0.0,24.0,13.0,17.0,13.0,2166.0,519.0,3986.2508249041257,0,0,0,0.0,0.0
38,junit4,org.junit.tests.running.classes.ParameterizedTestTest.failuresNamedCorrectly,4.0,1.0,0.0,0.0,0.0,0,0.0,0,0.0,0.0,0.0,504.0,6.0,0.0,24.0,13.0,17.0,13.0,2166.0,519.0,3986.2508249041257,0,0,0,0.0,0.0
38,junit4,org.junit.tests.running.classes.ParameterizedTestTest.usesIndexAsTestName,5.0,1.0,0.0,0.0,0.0,0,0.0,0,0.0,0.0,0.0,504.0,6.0,0.0,24.0,13.0,17.0,13.0,2166.0,519.0,3986.2508249041257,0,0,0,0.0,0.0
38,junit4,org.junit.tests.running.classes.ParameterizedTestTest.providesDataByAnnotatedFields,5.0,1.0,0.2,2.0,0.0,0,0.0,0,0.0,0.0,0.0,504.0,6.0,0.0,24.0,13.0,17.0,13.0,2166.0,519.0,3986.2508249041257,0,0,0,0.0,0.0
38,junit4,org.junit.tests.running.classes.ParameterizedTestTest.failureOnInitialization,6.0,1.0,0.16666666666666666,1.0,0.0,0,0.0,0,0.0,0.0,0.0,504.0,6.0,0.0,24.0,13.0,17.0,13.0,2166.0,519.0,3986.2508249041257,0,0,0,0.0,0.0
38,junit4,org.junit.tests.running.classes.ParameterizedTestTest.numberOfFieldsAndParametersShouldMatch,6.0,1.0,0.16666666666666666,1.0,0.0,0,0.0,0,0.0,0.0,0.0,504.0,6.0,0.0,24.0,13.0,17.0,13.0,2166.0,519.0,3986.2508249041257,0,0,0,0.0,0.0
38,junit4,org.junit.tests.running.classes.ParameterizedTestTest.beforeAndAfterClassAreRun,5.0,2.0,0.0,0.0,0.0,0,0.0,0,3.0,0.0,0.0,504.0,6.0,0.0,24.0,13.0,17.0,13.0,2166.0,519.0,3986.2508249041257,0,0,0,0.0,0.0
38,junit4,org.junit.tests.running.classes.ParameterizedTestTest.beforeParamAndAfterParamAreRun,6.0,2.0,0.16666666666666666,1.0,0.0,0,0.0,0,5.0,0.0,0.0,504.0,6.0,0.0,24.0,13.0,17.0,13.0,2166.0,519.0,3986.2508249041257,0,0,0,0.0,0.0
38,junit4,org.junit.tests.running.classes.ParameterizedTestTest.multipleBeforeParamAndAfterParamAreRun,6.0,2.0,0.16666666666666666,1.0,0.0,0,0.0,0,6.0,0.0,0.0,504.0,6.0,0.0,24.0,13.0,17.0,13.0,2166.0,519.0,3986.2508249041257,0,0,0,0.0,0.0
38,junit4,org.junit.tests.running.classes.ParameterizedTestTest.multipleParametersBeforeParamAndAfterParamAreRun,6.0,2.0,0.16666666666666666,1.0,0.0,0,0.0,0,4.0,0.0,0.0,504.0,6.0,0.0,24.0,13.0,17.0,13.0,2166.0,519.0,3986.2508249041257,0,0,0,0.0,0.0
38,junit4,org.junit.tests.running.classes.ParameterizedTestTest.beforeParamAndAfterParamValidation,8.0,2.0,0.25,1.0,0.0,0,0.0,0,3.0,0.0,0.0,504.0,6.0,0.0,24.0,13.0,17.0,13.0,2166.0,519.0,3986.2508249041257,0,0,0,0.0,0.0
38,junit4,org.junit.tests.running.classes.ParameterizedTestTest.beforeParamAndAfterParamValidationNumberOfParameters,8.0,2.0,0.25,1.0,0.0,0,0.0,0,3.0,0.0,0.0,504.0,6.0,0.0,24.0,13.0,17.0,13.0,2166.0,519.0,3986.2508249041257,0,0,0,0.0,0.0
38,junit4,org.junit.tests.running.classes.ParameterizedTestTest.validateClassCatchesNoParameters,4.0,1.0,0.0,1.0,0.0,0,0.0,0,0.0,0.0,0.0,504.0,6.0,0.0,24.0,13.0,17.0,13.0,2166.0,519.0,3986.2508249041257,0,0,0,0.0,0.0
38,junit4,org.junit.tests.running.classes.ParameterizedTestTest.failuresAddedForBadTestMethod,4.0,2.0,0.0,1.0,0.0,0,0.0,0,0.0,0.0,0.0,504.0,6.0,0.0,24.0,13.0,17.0,13.0,2166.0,519.0,3986.2508249041257,0,0,0,0.0,0.0
38,junit4,org.junit.tests.running.classes.ParameterizedTestTest.meaningfulFailureWhenParametersNotPublic,3.0,1.0,0.0,0.0,0.0,0,0.0,0,0.0,0.0,0.0,504.0,6.0,0.0,24.0,13.0,17.0,13.0,2166.0,519.0,3986.2508249041257,0,0,0,0.0,0.0
38,junit4,org.junit.tests.running.classes.ParameterizedTestTest.meaningfulFailureWhenParametersAreNotAnIterable,3.0,2.0,0.0,0.0,0.0,0,1.0,0,0.0,0.0,0.0,504.0,6.0,0.0,24.0,13.0,17.0,13.0,2166.0,519.0,3986.2508249041257,0,0,0,0.0,0.0
38,junit4,org.junit.tests.running.classes.ParameterizedTestTest.exceptionWhenPrivateConstructor,3.0,2.0,0.0,0.0,0.0,0,0.0,0,0.0,0.0,0.0,504.0,6.0,0.0,24.0,13.0,17.0,13.0,2166.0,519.0,3986.2508249041257,0,0,0,0.0,0.0
38,junit4,org.junit.tests.running.classes.ParameterizedTestTest.runsEveryTestOfArray,4.0,1.0,0.0,1.0,0.0,0,0.0,0,0.0,0.0,0.0,504.0,6.0,0.0,24.0,13.0,17.0,13.0,2166.0,519.0,3986.2508249041257,0,0,0,0.0,0.0
38,junit4,org.junit.tests.running.classes.ParameterizedTestTest.runsForEverySingleArgumentOfArray,4.0,1.0,0.0,1.0,0.0,0,0.0,0,0.0,0.0,0.0,504.0,6.0,0.0,24.0,13.0,17.0,13.0,2166.0,519.0,3986.2508249041257,0,0,0,0.0,0.0
38,junit4,org.junit.tests.running.classes.ParameterizedTestTest.runsForEverySingleArgumentOfIterable,4.0,1.0,0.0,1.0,0.0,0,0.0,0,0.0,0.0,0.0,504.0,6.0,0.0,24.0,13.0,17.0,13.0,2166.0,519.0,3986.2508249041257,0,0,0,0.0,0.0
38,junit4,org.junit.tests.running.classes.ParameterizedTestTest.runsForEverySingleArgumentOfCollection,4.0,1.0,0.0,1.0,0.0,0,0.0,0,0.0,0.0,0.0,504.0,6.0,0.0,24.0,13.0,17.0,13.0,2166.0,519.0,3986.2508249041257,0,0,0,0.0,0.0
38,junit4,org.junit.tests.running.classes.ParameterizedTestTest.usesParametersRunnerFactoryThatWasSpecifiedByAnnotation,3.0,2.0,0.0,0.0,0.0,0,0.0,0,1.0,0.0,0.0,504.0,6.0,0.0,24.0,13.0,17.0,13.0,2166.0,519.0,3986.2508249041257,0,0,0,0.0,0.0
38,junit4,org.junit.tests.running.classes.ParameterizedTestTest.assertTestCreatesSingleFailureWithMessage,5.0,1.0,0.4,2.0,0.0,0,0.0,0,0.0,0.0,0.0,504.0,6.0,0.0,24.0,13.0,17.0,13.0,2166.0,519.0,3986.2508249041257,0,0,0,0.0,0.0
38,junit4,org.junit.tests.running.classes.ParameterizedTestTest.usesParametersRunnerFactoryThatWasSpecifiedByAnnotationInSuperClass,3.0,2.0,0.0,0.0,0.0,0,0.0,0,1.0,0.0,0.0,504.0,6.0,0.0,24.0,13.0,17.0,13.0,2166.0,519.0,3986.2508249041257,0,0,0,0.0,0.0
38,junit4,org.junit.tests.running.classes.ParameterizedTestTest.testsAreExecutedWhenAssumptionInParametersMethodDoesNotFail,8.0,1.0,0.375,4.0,0.0,0,0.0,0,0.0,0.0,0.0,504.0,6.0,0.0,24.0,13.0,17.0,13.0,2166.0,519.0,3986.2508249041257,0,0,0,0.0,0.0
38,junit4,org.junit.tests.running.classes.ParameterizedTestTest.testsAreNotExecutedWhenAssumptionInParametersMethodFails,8.0,1.0,0.375,4.0,0.0,0,0.0,0,0.0,0.0,0.0,504.0,6.0,0.0,24.0,13.0,17.0,13.0,2166.0,519.0,3986.2508249041257,0,0,0,0.0,0.0
38,junit4,org.junit.tests.running.classes.ParentRunnerTest.useChildHarvester,17.0,4.0,0.0,0.0,0.0,3,0.0,0,4.0,0.0,0.0,582.0,716.0,9.0,47.0,117.0,158.0,117.0,2756.0,599.0,4744.999843647996,0,0,0,0.0,0.0
38,junit4,org.junit.tests.running.classes.ParentRunnerTest.schedule,5.0,2.0,0.0,0.0,0.0,0,0.0,0,1.0,0.0,0.0,582.0,716.0,9.0,47.0,117.0,158.0,117.0,2756.0,599.0,4744.999843647996,0,0,0,0.0,0.0
38,junit4,org.junit.tests.running.classes.ParentRunnerTest.finished,3.0,1.0,0.0,0.0,0.0,0,0.0,0,0.0,0.0,0.0,582.0,716.0,9.0,47.0,117.0,158.0,117.0,2756.0,599.0,4744.999843647996,0,0,0,0.0,0.0
38,junit4,org.junit.tests.running.classes.ParentRunnerTest.testMultipleFilters,9.0,2.0,0.1111111111111111,2.0,0.0,2,0.0,0,0.0,0.0,0.0,582.0,716.0,9.0,47.0,117.0,158.0,117.0,2756.0,599.0,4744.999843647996,0,0,0,0.0,0.0
38,junit4,org.junit.tests.running.classes.ParentRunnerTest.isEmpty,11.0,2.0,0.0,0.0,0.0,0,0.0,0,0.0,0.0,0.0,582.0,716.0,9.0,47.0,117.0,158.0,117.0,2756.0,599.0,4744.999843647996,0,0,0,0.0,0.0
38,junit4,org.junit.tests.running.classes.ParentRunnerTest.describeTo,3.0,1.0,0.0,0.0,0.0,0,0.0,0,0.0,0.0,0.0,582.0,716.0,9.0,47.0,117.0,158.0,117.0,2756.0,599.0,4744.999843647996,0,0,0,0.0,0.0
38,junit4,org.junit.tests.running.classes.ParentRunnerTest.matchesSafely,3.0,2.0,0.0,0.0,0.0,0,0.0,0,0.0,0.0,0.0,582.0,716.0,9.0,47.0,117.0,158.0,117.0,2756.0,599.0,4744.999843647996,0,0,0,0.0,0.0
38,junit4,org.junit.tests.running.classes.ParentRunnerTest.failWithHelpfulMessageForProtectedClassRule,3.0,1.0,0.0,0.0,0.0,0,0.0,0,0.0,0.0,0.0,582.0,716.0,9.0,47.0,117.0,158.0,117.0,2756.0,599.0,4744.999843647996,0,0,0,0.0,0.0
38,junit4,org.junit.tests.running.classes.ParentRunnerTest.failWithHelpfulMessageForNonStaticClassRule,3.0,1.0,0.0,0.0,0.0,0,0.0,0,0.0,0.0,0.0,582.0,716.0,9.0,47.0,117.0,158.0,117.0,2756.0,599.0,4744.999843647996,0,0,0,0.0,0.0
38,junit4,org.junit.tests.running.classes.ParentRunnerTest.cannotBeCreatedWithNonPublicTestClass,3.0,1.0,0.0,0.0,0.0,0,0.0,0,0.0,0.0,0.0,582.0,716.0,9.0,47.0,117.0,158.0,117.0,2756.0,599.0,4744.999843647996,0,0,0,0.0,0.0
38,junit4,org.junit.tests.running.classes.ParentRunnerTest.assertClassHasFailureMessage,7.0,1.0,0.2857142857142857,2.0,0.0,2,0.0,0,0.0,0.0,0.0,582.0,716.0,9.0,47.0,117.0,158.0,117.0,2756.0,599.0,4744.999843647996,0,0,0,0.0,0.0
38,junit4,org.junit.tests.running.classes.ParentRunnerTest.assertionErrorAtParentLevelTest,12.0,2.0,1.5833333333333333,9.0,0.0,0,0.0,0,0.0,0.0,0.0,582.0,716.0,9.0,47.0,117.0,158.0,117.0,2756.0,599.0,4744.999843647996,0,0,0,0.0,0.0
38,junit4,org.junit.tests.running.classes.ParentRunnerTest.assumptionViolatedAtParentLevel,12.0,2.0,1.4166666666666667,9.0,0.0,0,0.0,0,0.0,0.0,0.0,582.0,716.0,9.0,47.0,117.0,158.0,117.0,2756.0,599.0,4744.999843647996,0,0,0,0.0,0.0
38,junit4,org.junit.tests.running.classes.ParentRunnerTest.parentRunnerTestMethods,12.0,2.0,1.4166666666666667,9.0,0.0,0,0.0,0,0.0,0.0,0.0,582.0,716.0,9.0,47.0,117.0,158.0,117.0,2756.0,599.0,4744.999843647996,0,0,0,0.0,0.0
38,junit4,org.junit.tests.running.classes.ParentRunnerTest.runTestWithParentRunner,8.0,4.0,0.0,0.0,0.0,2,0.0,0,5.0,0.0,0.0,582.0,716.0,9.0,47.0,117.0,158.0,117.0,2756.0,599.0,4744.999843647996,0,0,0,0.0,0.0
38,junit4,org.junit.tests.running.classes.SuiteTest.ensureTestIsRun,6.0,1.0,0.16666666666666666,2.0,0.0,0,0.0,0,0.0,0.0,0.0,130.0,33.0,0.0,13.0,31.0,20.0,10.0,527.0,177.0,1109.294497091821,0,0,0,0.0,0.0
38,junit4,org.junit.tests.running.classes.SuiteTest.ensureInheritedTestIsRun,6.0,1.0,0.16666666666666666,2.0,0.0,0,0.0,0,0.0,0.0,0.0,130.0,33.0,0.0,13.0,31.0,20.0,10.0,527.0,177.0,1109.294497091821,0,0,0,0.0,0.0
38,junit4,org.junit.tests.running.classes.SuiteTest.suiteTestCountIsCorrect,4.0,2.0,0.0,1.0,0.0,0,0.0,0,0.0,0.0,0.0,130.0,33.0,0.0,13.0,31.0,20.0,10.0,527.0,177.0,1109.294497091821,0,0,0,0.0,0.0
38,junit4,org.junit.tests.running.classes.SuiteTest.suiteClassDoesNotNeedToBePublic,6.0,1.0,0.16666666666666666,2.0,0.0,0,0.0,0,0.0,0.0,0.0,130.0,33.0,0.0,13.0,31.0,20.0,10.0,527.0,177.0,1109.294497091821,0,0,0,0.0,0.0
38,junit4,org.junit.tests.running.classes.SuiteTest.nonPublicSuiteClassWithBeforeClassPasses,3.0,2.0,0.0,1.0,0.0,0,0.0,0,2.0,0.0,0.0,130.0,33.0,0.0,13.0,31.0,20.0,10.0,527.0,177.0,1109.294497091821,0,0,0,0.0,0.0
38,junit4,org.junit.tests.running.classes.SuiteTest.ensureSuitesWorkWithForwardCompatibility,6.0,1.0,0.0,1.0,0.0,0,0.0,0,0.0,0.0,0.0,130.0,33.0,0.0,13.0,31.0,20.0,10.0,527.0,177.0,1109.294497091821,0,0,0,0.0,0.0
38,junit4,org.junit.tests.running.classes.SuiteTest.forwardCompatibilityWorksWithGetTests,5.0,2.0,0.0,1.0,0.0,0,0.0,0,1.0,0.0,0.0,130.0,33.0,0.0,13.0,31.0,20.0,10.0,527.0,177.0,1109.294497091821,0,0,0,0.0,0.0
38,junit4,org.junit.tests.running.classes.SuiteTest.forwardCompatibilityWorksWithTestCount,4.0,2.0,0.0,1.0,0.0,0,0.0,0,1.0,0.0,0.0,130.0,33.0,0.0,13.0,31.0,20.0,10.0,527.0,177.0,1109.294497091821,0,0,0,0.0,0.0
38,junit4,org.junit.tests.running.classes.SuiteTest.beforeAndAfterClassRunOnSuite,5.0,2.0,0.0,0.0,0.0,0,0.0,0,3.0,0.0,0.0,130.0,33.0,0.0,13.0,31.0,20.0,10.0,527.0,177.0,1109.294497091821,0,0,0,0.0,0.0
38,junit4,org.junit.tests.running.classes.SuiteTest.withoutSuiteClassAnnotationProducesFailure,6.0,2.0,0.16666666666666666,2.0,0.0,0,0.0,0,1.0,0.0,0.0,130.0,33.0,0.0,13.0,31.0,20.0,10.0,527.0,177.0,1109.294497091821,0,0,0,0.0,0.0
38,junit4,org.junit.tests.running.classes.SuiteTest.whatHappensWhenASuiteHasACycle,4.0,1.0,0.0,1.0,0.0,0,0.0,0,0.0,0.0,0.0,130.0,33.0,0.0,13.0,31.0,20.0,10.0,527.0,177.0,1109.294497091821,0,0,0,0.0,0.0
38,junit4,org.junit.tests.running.classes.SuiteTest.whatHappensWhenASuiteHasAForkingCycle,4.0,1.0,0.0,1.0,0.0,0,0.0,0,0.0,0.0,0.0,130.0,33.0,0.0,13.0,31.0,20.0,10.0,527.0,177.0,1109.294497091821,0,0,0,0.0,0.0
38,junit4,org.junit.tests.running.classes.SuiteTest.whatHappensWhenASuiteContainsItselfIndirectly,4.0,1.0,0.0,1.0,0.0,0,0.0,0,0.0,0.0,0.0,130.0,33.0,0.0,13.0,31.0,20.0,10.0,527.0,177.0,1109.294497091821,0,0,0,0.0,0.0
38,junit4,org.junit.tests.running.classes.SuiteTest.suiteShouldBeOKwithNonDefaultConstructor,4.0,2.0,0.0,1.0,0.0,0,0.0,0,0.0,0.0,0.0,130.0,33.0,0.0,13.0,31.0,20.0,10.0,527.0,177.0,1109.294497091821,0,0,0,0.0,0.0
38,junit4,org.junit.tests.running.classes.SuiteTest.suiteShouldComplainAboutNoSuiteClassesAnnotation,3.0,1.0,0.0,0.0,0.0,0,0.0,0,0.0,0.0,0.0,130.0,33.0,0.0,13.0,31.0,20.0,10.0,527.0,177.0,1109.294497091821,0,0,0,0.0,0.0
38,junit4,org.junit.tests.running.methods.TimeoutTest.failureWithTimeout,7.0,2.0,0.42857142857142855,3.0,0.0,0,0.0,0,0.0,0.0,0.0,233.0,37.0,3.0,4.0,33.0,20.0,9.0,1069.0,300.0,2092.3436733075137,0,0,0,0.0,0.0
38,junit4,org.junit.tests.running.methods.TimeoutTest.failureWithTimeoutRunTimeException,7.0,2.0,0.2857142857142857,3.0,0.0,0,0.0,0,0.0,0.0,0.0,233.0,37.0,3.0,4.0,33.0,20.0,9.0,1069.0,300.0,2092.3436733075137,0,0,0,0.0,0.0
38,junit4,org.junit.tests.running.methods.TimeoutTest.successWithTimeout,6.0,2.0,0.16666666666666666,2.0,0.0,0,0.0,0,0.0,0.0,0.0,233.0,37.0,3.0,4.0,33.0,20.0,9.0,1069.0,300.0,2092.3436733075137,0,0,0,0.0,0.0
38,junit4,org.junit.tests.running.methods.TimeoutTest.timeoutFailure,7.0,3.0,0.2857142857142857,3.0,0.0,0,0.0,0,0.0,0.0,0.0,233.0,37.0,3.0,4.0,33.0,20.0,9.0,1069.0,300.0,2092.3436733075137,0,0,0,0.0,0.0
38,junit4,org.junit.tests.running.methods.TimeoutTest.infiniteLoop,8.0,2.0,0.25,2.0,0.0,0,0.0,0,0.0,0.0,0.0,233.0,37.0,3.0,4.0,33.0,20.0,9.0,1069.0,300.0,2092.3436733075137,0,0,0,0.0,0.0
38,junit4,org.junit.tests.running.methods.TimeoutTest.infiniteLoopRunsForApproximatelyLengthOfTimeout,7.0,5.0,0.0,0.0,0.0,0,0.0,0,6.0,0.0,0.0,233.0,37.0,3.0,4.0,33.0,20.0,9.0,1069.0,300.0,2092.3436733075137,0,0,0,0.0,0.0
38,junit4,org.junit.tests.running.methods.TimeoutTest.runAndTime,7.0,2.0,0.0,0.0,0.0,0,0.0,0,0.0,0.0,0.0,233.0,37.0,3.0,4.0,33.0,20.0,9.0,1069.0,300.0,2092.3436733075137,0,0,0,0.0,0.0
38,junit4,org.junit.tests.running.methods.TimeoutTest.stackForException,6.0,2.0,0.0,0.0,0.0,0,0.0,0,0.0,0.0,0.0,233.0,37.0,3.0,4.0,33.0,20.0,9.0,1069.0,300.0,2092.3436733075137,0,0,0,0.0,0.0
38,junit4,org.junit.tests.running.methods.TimeoutTest.stalledThreadAppearsInStackTrace,8.0,2.0,0.25,2.0,0.0,0,0.0,0,0.0,0.0,0.0,233.0,37.0,3.0,4.0,33.0,20.0,9.0,1069.0,300.0,2092.3436733075137,0,0,0,0.0,0.0
38,junit4,org.junit.tests.running.methods.TimeoutTest.timeoutFailureMultithreaded,11.0,3.0,0.36363636363636365,2.0,0.0,0,0.0,0,1.0,0.0,0.0,233.0,37.0,3.0,4.0,33.0,20.0,9.0,1069.0,300.0,2092.3436733075137,0,0,0,0.0,0.0
38,junit4,org.junit.tests.running.methods.TimeoutTest.timeoutFailureMultithreadedStuckInMain,9.0,2.0,0.3333333333333333,2.0,0.0,0,0.0,0,0.0,0.0,0.0,233.0,37.0,3.0,4.0,33.0,20.0,9.0,1069.0,300.0,2092.3436733075137,0,0,0,0.0,0.0
38,junit4,org.junit.tests.running.methods.TimeoutTest.compatibility,5.0,1.0,0.0,1.0,0.0,0,0.0,0,0.0,0.0,0.0,233.0,37.0,3.0,4.0,33.0,20.0,9.0,1069.0,300.0,2092.3436733075137,0,0,0,0.0,0.0
38,junit4,org.junit.tests.running.methods.TimeoutTest.makeSureAfterIsCalledAfterATimeout,4.0,1.0,0.0,1.0,0.0,0,0.0,0,0.0,0.0,0.0,233.0,37.0,3.0,4.0,33.0,20.0,9.0,1069.0,300.0,2092.3436733075137,0,0,0,0.0,0.0
38,junit4,org.junit.tests.running.methods.TimeoutTest.testZeroTimeoutIsIgnored,6.0,1.0,0.16666666666666666,0.0,0.0,0,0.0,0,0.0,0.0,0.0,233.0,37.0,3.0,4.0,33.0,20.0,9.0,1069.0,300.0,2092.3436733075137,0,0,0,0.0,0.0
38,junit4,org.junit.tests.running.methods.TimeoutTest.testGetTimeout,6.0,1.0,0.16666666666666666,0.0,0.0,0,0.0,0,0.0,0.0,0.0,233.0,37.0,3.0,4.0,33.0,20.0,9.0,1069.0,300.0,2092.3436733075137,0,0,0,0.0,0.0
38,junit4,org.junit.tests.validation.anotherpackage.Super.a,2.0,1.0,0.0,0.0,0.0,0,0.0,0,0.0,0.0,0.0,9.0,0.0,0.0,1.0,1.0,1.0,0.0,10.0,9.0,20.723265836946414,0,0,1,0.0,0.0
